<?xml version="1.0" encoding="UTF-8" standalone="yes"?><!DOCTYPE report PUBLIC "-//JACOCO//DTD Report 1.0//EN" "report.dtd"><report name="ci-sauce"><sessioninfo id="odin-4ef4d883" start="1469829790725" dump="1469829794327"/><sessioninfo id="odin-d95edaa3" start="1472436557665" dump="1472436561369"/><sessioninfo id="odin-22919d0e" start="1472438061239" dump="1472438065579"/><sessioninfo id="odin-bf2aa272" start="1472438169974" dump="1472438174076"/><sessioninfo id="odin-c4fe014f" start="1472438264892" dump="1472438269185"/><sessioninfo id="odin-529112e5" start="1472438302518" dump="1472438306766"/><package name="com/saucelabs/ci"><class name="com/saucelabs/ci/CacheTimeUtil"><method name="&lt;init&gt;" desc="()V" line="16"><counter type="INSTRUCTION" missed="19" covered="0"/><counter type="LINE" missed="2" covered="0"/><counter type="COMPLEXITY" missed="1" covered="0"/><counter type="METHOD" missed="1" covered="0"/></method><method name="getMaxTimestampForDuration" desc="(Ljava/sql/Timestamp;J)Ljava/sql/Timestamp;" line="20"><counter type="INSTRUCTION" missed="0" covered="18"/><counter type="LINE" missed="0" covered="1"/><counter type="COMPLEXITY" missed="0" covered="1"/><counter type="METHOD" missed="0" covered="1"/></method><method name="getCurrentTimestamp" desc="()Ljava/sql/Timestamp;" line="24"><counter type="INSTRUCTION" missed="0" covered="27"/><counter type="LINE" missed="0" covered="2"/><counter type="COMPLEXITY" missed="0" covered="1"/><counter type="METHOD" missed="0" covered="1"/></method><method name="pastAcceptableDuration" desc="(Ljava/sql/Timestamp;J)Z" line="31"><counter type="INSTRUCTION" missed="0" covered="34"/><counter type="LINE" missed="0" covered="3"/><counter type="COMPLEXITY" missed="0" covered="1"/><counter type="METHOD" missed="0" covered="1"/></method><method name="&lt;clinit&gt;" desc="()V"><counter type="INSTRUCTION" missed="0" covered="2"/><counter type="COMPLEXITY" missed="0" covered="1"/><counter type="METHOD" missed="0" covered="1"/></method><method name="__cobertura_init" desc="()V"><counter type="INSTRUCTION" missed="0" covered="8"/><counter type="BRANCH" missed="0" covered="2"/><counter type="COMPLEXITY" missed="0" covered="2"/><counter type="METHOD" missed="0" covered="1"/></method><method name="__cobertura_classmap_0" desc="(Lnet/sourceforge/cobertura/coveragedata/LightClassmapListener;)V"><counter type="INSTRUCTION" missed="51" covered="0"/><counter type="COMPLEXITY" missed="1" covered="0"/><counter type="METHOD" missed="1" covered="0"/></method><method name="__cobertura_classmap" desc="(Lnet/sourceforge/cobertura/coveragedata/LightClassmapListener;)V"><counter type="INSTRUCTION" missed="11" covered="0"/><counter type="COMPLEXITY" missed="1" covered="0"/><counter type="METHOD" missed="1" covered="0"/></method><method name="__cobertura_get_and_reset_counters" desc="()[I"><counter type="INSTRUCTION" missed="8" covered="0"/><counter type="COMPLEXITY" missed="1" covered="0"/><counter type="METHOD" missed="1" covered="0"/></method><counter type="INSTRUCTION" missed="89" covered="89"/><counter type="BRANCH" missed="0" covered="2"/><counter type="LINE" missed="2" covered="6"/><counter type="COMPLEXITY" missed="4" covered="6"/><counter type="METHOD" missed="4" covered="5"/><counter type="CLASS" missed="0" covered="1"/></class><class name="com/saucelabs/ci/JobInformation"><method name="&lt;init&gt;" desc="(Ljava/lang/String;Ljava/lang/String;)V" line="33"><counter type="INSTRUCTION" missed="0" covered="51"/><counter type="LINE" missed="0" covered="5"/><counter type="COMPLEXITY" missed="0" covered="1"/><counter type="METHOD" missed="0" covered="1"/></method><method name="getHmac" desc="()Ljava/lang/String;" line="51"><counter type="INSTRUCTION" missed="0" covered="12"/><counter type="LINE" missed="0" covered="1"/><counter type="COMPLEXITY" missed="0" covered="1"/><counter type="METHOD" missed="0" covered="1"/></method><method name="setHmac" desc="(Ljava/lang/String;)V" line="60"><counter type="INSTRUCTION" missed="0" covered="20"/><counter type="LINE" missed="0" covered="2"/><counter type="COMPLEXITY" missed="0" covered="1"/><counter type="METHOD" missed="0" covered="1"/></method><method name="getJobId" desc="()Ljava/lang/String;" line="69"><counter type="INSTRUCTION" missed="0" covered="12"/><counter type="LINE" missed="0" covered="1"/><counter type="COMPLEXITY" missed="0" covered="1"/><counter type="METHOD" missed="0" covered="1"/></method><method name="getStatus" desc="()Ljava/lang/String;" line="79"><counter type="INSTRUCTION" missed="0" covered="12"/><counter type="LINE" missed="0" covered="1"/><counter type="COMPLEXITY" missed="0" covered="1"/><counter type="METHOD" missed="0" covered="1"/></method><method name="setStatus" desc="(Ljava/lang/Boolean;)V" line="87"><counter type="INSTRUCTION" missed="0" covered="45"/><counter type="BRANCH" missed="0" covered="2"/><counter type="LINE" missed="0" covered="2"/><counter type="COMPLEXITY" missed="0" covered="2"/><counter type="METHOD" missed="0" covered="1"/></method><method name="setStatus" desc="(Ljava/lang/String;)V" line="95"><counter type="INSTRUCTION" missed="0" covered="33"/><counter type="LINE" missed="0" covered="3"/><counter type="COMPLEXITY" missed="0" covered="1"/><counter type="METHOD" missed="0" covered="1"/></method><method name="hasJobName" desc="()Z" line="105"><counter type="INSTRUCTION" missed="0" covered="68"/><counter type="BRANCH" missed="0" covered="6"/><counter type="LINE" missed="0" covered="1"/><counter type="COMPLEXITY" missed="0" covered="4"/><counter type="METHOD" missed="0" covered="1"/></method><method name="getName" desc="()Ljava/lang/String;" line="114"><counter type="INSTRUCTION" missed="0" covered="12"/><counter type="LINE" missed="0" covered="1"/><counter type="COMPLEXITY" missed="0" covered="1"/><counter type="METHOD" missed="0" covered="1"/></method><method name="setName" desc="(Ljava/lang/String;)V" line="123"><counter type="INSTRUCTION" missed="0" covered="33"/><counter type="LINE" missed="0" covered="3"/><counter type="COMPLEXITY" missed="0" covered="1"/><counter type="METHOD" missed="0" covered="1"/></method><method name="hasBuild" desc="()Z" line="133"><counter type="INSTRUCTION" missed="0" covered="68"/><counter type="BRANCH" missed="0" covered="6"/><counter type="LINE" missed="0" covered="1"/><counter type="COMPLEXITY" missed="0" covered="4"/><counter type="METHOD" missed="0" covered="1"/></method><method name="getBuild" desc="()Ljava/lang/String;" line="143"><counter type="INSTRUCTION" missed="0" covered="12"/><counter type="LINE" missed="0" covered="1"/><counter type="COMPLEXITY" missed="0" covered="1"/><counter type="METHOD" missed="0" covered="1"/></method><method name="setBuild" desc="(Ljava/lang/String;)V" line="152"><counter type="INSTRUCTION" missed="0" covered="33"/><counter type="LINE" missed="0" covered="3"/><counter type="COMPLEXITY" missed="0" covered="1"/><counter type="METHOD" missed="0" covered="1"/></method><method name="getBrowser" desc="()Ljava/lang/String;" line="161"><counter type="INSTRUCTION" missed="0" covered="12"/><counter type="LINE" missed="0" covered="1"/><counter type="COMPLEXITY" missed="0" covered="1"/><counter type="METHOD" missed="0" covered="1"/></method><method name="setBrowser" desc="(Ljava/lang/String;)V" line="169"><counter type="INSTRUCTION" missed="0" covered="33"/><counter type="LINE" missed="0" covered="3"/><counter type="COMPLEXITY" missed="0" covered="1"/><counter type="METHOD" missed="0" covered="1"/></method><method name="getOs" desc="()Ljava/lang/String;" line="179"><counter type="INSTRUCTION" missed="0" covered="13"/><counter type="LINE" missed="0" covered="1"/><counter type="COMPLEXITY" missed="0" covered="1"/><counter type="METHOD" missed="0" covered="1"/></method><method name="setOs" desc="(Ljava/lang/String;)V" line="187"><counter type="INSTRUCTION" missed="0" covered="33"/><counter type="LINE" missed="0" covered="3"/><counter type="COMPLEXITY" missed="0" covered="1"/><counter type="METHOD" missed="0" covered="1"/></method><method name="getVersion" desc="()Ljava/lang/String;" line="196"><counter type="INSTRUCTION" missed="0" covered="12"/><counter type="LINE" missed="0" covered="1"/><counter type="COMPLEXITY" missed="0" covered="1"/><counter type="METHOD" missed="0" covered="1"/></method><method name="setVersion" desc="(Ljava/lang/String;)V" line="204"><counter type="INSTRUCTION" missed="0" covered="33"/><counter type="LINE" missed="0" covered="3"/><counter type="COMPLEXITY" missed="0" covered="1"/><counter type="METHOD" missed="0" covered="1"/></method><method name="equals" desc="(Ljava/lang/Object;)Z" line="210"><counter type="INSTRUCTION" missed="893" covered="0"/><counter type="BRANCH" missed="70" covered="0"/><counter type="LINE" missed="14" covered="0"/><counter type="COMPLEXITY" missed="36" covered="0"/><counter type="METHOD" missed="1" covered="0"/></method><method name="hashCode" desc="()I" line="231"><counter type="INSTRUCTION" missed="38" covered="0"/><counter type="BRANCH" missed="2" covered="0"/><counter type="LINE" missed="1" covered="0"/><counter type="COMPLEXITY" missed="2" covered="0"/><counter type="METHOD" missed="1" covered="0"/></method><method name="setVideoUrl" desc="(Ljava/lang/String;)V" line="235"><counter type="INSTRUCTION" missed="0" covered="33"/><counter type="LINE" missed="0" covered="3"/><counter type="COMPLEXITY" missed="0" covered="1"/><counter type="METHOD" missed="0" covered="1"/></method><method name="getVideoUrl" desc="()Ljava/lang/String;" line="241"><counter type="INSTRUCTION" missed="0" covered="12"/><counter type="LINE" missed="0" covered="1"/><counter type="COMPLEXITY" missed="0" covered="1"/><counter type="METHOD" missed="0" covered="1"/></method><method name="setLogUrl" desc="(Ljava/lang/String;)V" line="245"><counter type="INSTRUCTION" missed="0" covered="33"/><counter type="LINE" missed="0" covered="3"/><counter type="COMPLEXITY" missed="0" covered="1"/><counter type="METHOD" missed="0" covered="1"/></method><method name="getLogUrl" desc="()Ljava/lang/String;" line="250"><counter type="INSTRUCTION" missed="0" covered="12"/><counter type="LINE" missed="0" covered="1"/><counter type="COMPLEXITY" missed="0" covered="1"/><counter type="METHOD" missed="0" covered="1"/></method><method name="populateFromJson" desc="(Lorg/json/JSONObject;)V" line="264"><counter type="INSTRUCTION" missed="0" covered="281"/><counter type="BRANCH" missed="1" covered="11"/><counter type="LINE" missed="0" covered="16"/><counter type="COMPLEXITY" missed="1" covered="6"/><counter type="METHOD" missed="0" covered="1"/></method><method name="hasChange" desc="(Ljava/lang/String;)Z" line="285"><counter type="INSTRUCTION" missed="0" covered="14"/><counter type="LINE" missed="0" covered="1"/><counter type="COMPLEXITY" missed="0" covered="1"/><counter type="METHOD" missed="0" covered="1"/></method><method name="hasChanges" desc="()Z" line="289"><counter type="INSTRUCTION" missed="0" covered="37"/><counter type="BRANCH" missed="0" covered="2"/><counter type="LINE" missed="0" covered="1"/><counter type="COMPLEXITY" missed="0" covered="2"/><counter type="METHOD" missed="0" covered="1"/></method><method name="clearChanges" desc="()V" line="296"><counter type="INSTRUCTION" missed="0" covered="20"/><counter type="LINE" missed="0" covered="2"/><counter type="COMPLEXITY" missed="0" covered="1"/><counter type="METHOD" missed="0" covered="1"/></method><method name="getChanges" desc="()Ljava/util/Map;" line="305"><counter type="INSTRUCTION" missed="0" covered="15"/><counter type="LINE" missed="0" covered="1"/><counter type="COMPLEXITY" missed="0" covered="1"/><counter type="METHOD" missed="0" covered="1"/></method><method name="&lt;clinit&gt;" desc="()V"><counter type="INSTRUCTION" missed="0" covered="2"/><counter type="COMPLEXITY" missed="0" covered="1"/><counter type="METHOD" missed="0" covered="1"/></method><method name="__cobertura_init" desc="()V"><counter type="INSTRUCTION" missed="0" covered="8"/><counter type="BRANCH" missed="1" covered="1"/><counter type="COMPLEXITY" missed="1" covered="1"/><counter type="METHOD" missed="0" covered="1"/></method><method name="__cobertura_classmap_0" desc="(Lnet/sourceforge/cobertura/coveragedata/LightClassmapListener;)V"><counter type="INSTRUCTION" missed="739" covered="0"/><counter type="COMPLEXITY" missed="1" covered="0"/><counter type="METHOD" missed="1" covered="0"/></method><method name="__cobertura_classmap" desc="(Lnet/sourceforge/cobertura/coveragedata/LightClassmapListener;)V"><counter type="INSTRUCTION" missed="11" covered="0"/><counter type="COMPLEXITY" missed="1" covered="0"/><counter type="METHOD" missed="1" covered="0"/></method><method name="__cobertura_get_and_reset_counters" desc="()[I"><counter type="INSTRUCTION" missed="8" covered="0"/><counter type="COMPLEXITY" missed="1" covered="0"/><counter type="METHOD" missed="1" covered="0"/></method><counter type="INSTRUCTION" missed="1689" covered="1014"/><counter type="BRANCH" missed="74" covered="28"/><counter type="LINE" missed="15" covered="66"/><counter type="COMPLEXITY" missed="43" covered="43"/><counter type="METHOD" missed="5" covered="30"/><counter type="CLASS" missed="0" covered="1"/></class><class name="com/saucelabs/ci/SeleniumVersion"><method name="values" desc="()[Lcom/saucelabs/ci/SeleniumVersion;" line="7"><counter type="INSTRUCTION" missed="14" covered="0"/><counter type="LINE" missed="1" covered="0"/><counter type="COMPLEXITY" missed="1" covered="0"/><counter type="METHOD" missed="1" covered="0"/></method><method name="valueOf" desc="(Ljava/lang/String;)Lcom/saucelabs/ci/SeleniumVersion;" line="7"><counter type="INSTRUCTION" missed="15" covered="0"/><counter type="LINE" missed="1" covered="0"/><counter type="COMPLEXITY" missed="1" covered="0"/><counter type="METHOD" missed="1" covered="0"/></method><method name="&lt;init&gt;" desc="(Ljava/lang/String;ILjava/lang/String;)V" line="11"><counter type="INSTRUCTION" missed="31" covered="0"/><counter type="LINE" missed="3" covered="0"/><counter type="COMPLEXITY" missed="1" covered="0"/><counter type="METHOD" missed="1" covered="0"/></method><method name="getVersionNumber" desc="()Ljava/lang/String;" line="16"><counter type="INSTRUCTION" missed="12" covered="0"/><counter type="LINE" missed="1" covered="0"/><counter type="COMPLEXITY" missed="1" covered="0"/><counter type="METHOD" missed="1" covered="0"/></method><method name="&lt;clinit&gt;" desc="()V" line="7"><counter type="INSTRUCTION" missed="43" covered="0"/><counter type="LINE" missed="2" covered="0"/><counter type="COMPLEXITY" missed="1" covered="0"/><counter type="METHOD" missed="1" covered="0"/></method><method name="__cobertura_init" desc="()V"><counter type="INSTRUCTION" missed="8" covered="0"/><counter type="BRANCH" missed="2" covered="0"/><counter type="COMPLEXITY" missed="2" covered="0"/><counter type="METHOD" missed="1" covered="0"/></method><method name="__cobertura_classmap_0" desc="(Lnet/sourceforge/cobertura/coveragedata/LightClassmapListener;)V"><counter type="INSTRUCTION" missed="51" covered="0"/><counter type="COMPLEXITY" missed="1" covered="0"/><counter type="METHOD" missed="1" covered="0"/></method><method name="__cobertura_classmap" desc="(Lnet/sourceforge/cobertura/coveragedata/LightClassmapListener;)V"><counter type="INSTRUCTION" missed="11" covered="0"/><counter type="COMPLEXITY" missed="1" covered="0"/><counter type="METHOD" missed="1" covered="0"/></method><method name="__cobertura_get_and_reset_counters" desc="()[I"><counter type="INSTRUCTION" missed="8" covered="0"/><counter type="COMPLEXITY" missed="1" covered="0"/><counter type="METHOD" missed="1" covered="0"/></method><counter type="INSTRUCTION" missed="193" covered="0"/><counter type="BRANCH" missed="2" covered="0"/><counter type="LINE" missed="6" covered="0"/><counter type="COMPLEXITY" missed="10" covered="0"/><counter type="METHOD" missed="9" covered="0"/><counter type="CLASS" missed="1" covered="0"/></class><class name="com/saucelabs/ci/SeleniumBuilderManager$PrintStreamLogger"><method name="&lt;init&gt;" desc="(Lcom/saucelabs/ci/SeleniumBuilderManager;Lorg/apache/commons/logging/Log;Ljava/io/PrintStream;)V" line="195"><counter type="INSTRUCTION" missed="42" covered="0"/><counter type="LINE" missed="4" covered="0"/><counter type="COMPLEXITY" missed="1" covered="0"/><counter type="METHOD" missed="1" covered="0"/></method><method name="isDebugEnabled" desc="()Z" line="201"><counter type="INSTRUCTION" missed="13" covered="0"/><counter type="LINE" missed="1" covered="0"/><counter type="COMPLEXITY" missed="1" covered="0"/><counter type="METHOD" missed="1" covered="0"/></method><method name="isErrorEnabled" desc="()Z" line="205"><counter type="INSTRUCTION" missed="13" covered="0"/><counter type="LINE" missed="1" covered="0"/><counter type="COMPLEXITY" missed="1" covered="0"/><counter type="METHOD" missed="1" covered="0"/></method><method name="isFatalEnabled" desc="()Z" line="209"><counter type="INSTRUCTION" missed="13" covered="0"/><counter type="LINE" missed="1" covered="0"/><counter type="COMPLEXITY" missed="1" covered="0"/><counter type="METHOD" missed="1" covered="0"/></method><method name="isInfoEnabled" desc="()Z" line="213"><counter type="INSTRUCTION" missed="13" covered="0"/><counter type="LINE" missed="1" covered="0"/><counter type="COMPLEXITY" missed="1" covered="0"/><counter type="METHOD" missed="1" covered="0"/></method><method name="isTraceEnabled" desc="()Z" line="217"><counter type="INSTRUCTION" missed="13" covered="0"/><counter type="LINE" missed="1" covered="0"/><counter type="COMPLEXITY" missed="1" covered="0"/><counter type="METHOD" missed="1" covered="0"/></method><method name="isWarnEnabled" desc="()Z" line="221"><counter type="INSTRUCTION" missed="13" covered="0"/><counter type="LINE" missed="1" covered="0"/><counter type="COMPLEXITY" missed="1" covered="0"/><counter type="METHOD" missed="1" covered="0"/></method><method name="trace" desc="(Ljava/lang/Object;)V" line="225"><counter type="INSTRUCTION" missed="63" covered="0"/><counter type="BRANCH" missed="2" covered="0"/><counter type="LINE" missed="4" covered="0"/><counter type="COMPLEXITY" missed="2" covered="0"/><counter type="METHOD" missed="1" covered="0"/></method><method name="trace" desc="(Ljava/lang/Object;Ljava/lang/Throwable;)V" line="232"><counter type="INSTRUCTION" missed="64" covered="0"/><counter type="BRANCH" missed="2" covered="0"/><counter type="LINE" missed="4" covered="0"/><counter type="COMPLEXITY" missed="2" covered="0"/><counter type="METHOD" missed="1" covered="0"/></method><method name="debug" desc="(Ljava/lang/Object;)V" line="239"><counter type="INSTRUCTION" missed="32" covered="0"/><counter type="LINE" missed="3" covered="0"/><counter type="COMPLEXITY" missed="1" covered="0"/><counter type="METHOD" missed="1" covered="0"/></method><method name="debug" desc="(Ljava/lang/Object;Ljava/lang/Throwable;)V" line="245"><counter type="INSTRUCTION" missed="33" covered="0"/><counter type="LINE" missed="3" covered="0"/><counter type="COMPLEXITY" missed="1" covered="0"/><counter type="METHOD" missed="1" covered="0"/></method><method name="info" desc="(Ljava/lang/Object;)V" line="251"><counter type="INSTRUCTION" missed="32" covered="0"/><counter type="LINE" missed="3" covered="0"/><counter type="COMPLEXITY" missed="1" covered="0"/><counter type="METHOD" missed="1" covered="0"/></method><method name="info" desc="(Ljava/lang/Object;Ljava/lang/Throwable;)V" line="257"><counter type="INSTRUCTION" missed="33" covered="0"/><counter type="LINE" missed="3" covered="0"/><counter type="COMPLEXITY" missed="1" covered="0"/><counter type="METHOD" missed="1" covered="0"/></method><method name="warn" desc="(Ljava/lang/Object;)V" line="263"><counter type="INSTRUCTION" missed="32" covered="0"/><counter type="LINE" missed="3" covered="0"/><counter type="COMPLEXITY" missed="1" covered="0"/><counter type="METHOD" missed="1" covered="0"/></method><method name="warn" desc="(Ljava/lang/Object;Ljava/lang/Throwable;)V" line="269"><counter type="INSTRUCTION" missed="33" covered="0"/><counter type="LINE" missed="3" covered="0"/><counter type="COMPLEXITY" missed="1" covered="0"/><counter type="METHOD" missed="1" covered="0"/></method><method name="error" desc="(Ljava/lang/Object;)V" line="275"><counter type="INSTRUCTION" missed="32" covered="0"/><counter type="LINE" missed="3" covered="0"/><counter type="COMPLEXITY" missed="1" covered="0"/><counter type="METHOD" missed="1" covered="0"/></method><method name="error" desc="(Ljava/lang/Object;Ljava/lang/Throwable;)V" line="281"><counter type="INSTRUCTION" missed="33" covered="0"/><counter type="LINE" missed="3" covered="0"/><counter type="COMPLEXITY" missed="1" covered="0"/><counter type="METHOD" missed="1" covered="0"/></method><method name="fatal" desc="(Ljava/lang/Object;)V" line="287"><counter type="INSTRUCTION" missed="32" covered="0"/><counter type="LINE" missed="3" covered="0"/><counter type="COMPLEXITY" missed="1" covered="0"/><counter type="METHOD" missed="1" covered="0"/></method><method name="fatal" desc="(Ljava/lang/Object;Ljava/lang/Throwable;)V" line="293"><counter type="INSTRUCTION" missed="33" covered="0"/><counter type="LINE" missed="3" covered="0"/><counter type="COMPLEXITY" missed="1" covered="0"/><counter type="METHOD" missed="1" covered="0"/></method><method name="&lt;clinit&gt;" desc="()V"><counter type="INSTRUCTION" missed="2" covered="0"/><counter type="COMPLEXITY" missed="1" covered="0"/><counter type="METHOD" missed="1" covered="0"/></method><method name="__cobertura_init" desc="()V"><counter type="INSTRUCTION" missed="8" covered="0"/><counter type="BRANCH" missed="2" covered="0"/><counter type="COMPLEXITY" missed="2" covered="0"/><counter type="METHOD" missed="1" covered="0"/></method><method name="__cobertura_classmap_0" desc="(Lnet/sourceforge/cobertura/coveragedata/LightClassmapListener;)V"><counter type="INSTRUCTION" missed="301" covered="0"/><counter type="COMPLEXITY" missed="1" covered="0"/><counter type="METHOD" missed="1" covered="0"/></method><method name="__cobertura_classmap" desc="(Lnet/sourceforge/cobertura/coveragedata/LightClassmapListener;)V"><counter type="INSTRUCTION" missed="11" covered="0"/><counter type="COMPLEXITY" missed="1" covered="0"/><counter type="METHOD" missed="1" covered="0"/></method><method name="__cobertura_get_and_reset_counters" desc="()[I"><counter type="INSTRUCTION" missed="8" covered="0"/><counter type="COMPLEXITY" missed="1" covered="0"/><counter type="METHOD" missed="1" covered="0"/></method><counter type="INSTRUCTION" missed="902" covered="0"/><counter type="BRANCH" missed="6" covered="0"/><counter type="LINE" missed="48" covered="0"/><counter type="COMPLEXITY" missed="27" covered="0"/><counter type="METHOD" missed="24" covered="0"/><counter type="CLASS" missed="1" covered="0"/></class><class name="com/saucelabs/ci/OperatingSystemDescription"><method name="values" desc="()[Lcom/saucelabs/ci/OperatingSystemDescription;" line="9"><counter type="INSTRUCTION" missed="0" covered="14"/><counter type="LINE" missed="0" covered="1"/><counter type="COMPLEXITY" missed="0" covered="1"/><counter type="METHOD" missed="0" covered="1"/></method><method name="valueOf" desc="(Ljava/lang/String;)Lcom/saucelabs/ci/OperatingSystemDescription;" line="9"><counter type="INSTRUCTION" missed="15" covered="0"/><counter type="LINE" missed="1" covered="0"/><counter type="COMPLEXITY" missed="1" covered="0"/><counter type="METHOD" missed="1" covered="0"/></method><method name="&lt;init&gt;" desc="(Ljava/lang/String;ILjava/lang/String;Ljava/lang/String;)V" line="30"><counter type="INSTRUCTION" missed="0" covered="41"/><counter type="LINE" missed="0" covered="4"/><counter type="COMPLEXITY" missed="0" covered="1"/><counter type="METHOD" missed="0" covered="1"/></method><method name="getDescription" desc="(Ljava/lang/String;)Ljava/lang/String;" line="37"><counter type="INSTRUCTION" missed="0" covered="15"/><counter type="LINE" missed="0" covered="1"/><counter type="COMPLEXITY" missed="0" covered="1"/><counter type="METHOD" missed="0" covered="1"/></method><method name="getOperatingSystemName" desc="(Ljava/lang/String;)Ljava/lang/String;" line="47"><counter type="INSTRUCTION" missed="0" covered="60"/><counter type="BRANCH" missed="0" covered="2"/><counter type="LINE" missed="0" covered="4"/><counter type="COMPLEXITY" missed="0" covered="2"/><counter type="METHOD" missed="0" covered="1"/></method><method name="&lt;clinit&gt;" desc="()V" line="9"><counter type="INSTRUCTION" missed="0" covered="247"/><counter type="BRANCH" missed="0" covered="2"/><counter type="LINE" missed="0" covered="14"/><counter type="COMPLEXITY" missed="0" covered="2"/><counter type="METHOD" missed="0" covered="1"/></method><method name="__cobertura_init" desc="()V"><counter type="INSTRUCTION" missed="0" covered="8"/><counter type="BRANCH" missed="0" covered="2"/><counter type="COMPLEXITY" missed="0" covered="2"/><counter type="METHOD" missed="0" covered="1"/></method><method name="__cobertura_classmap_0" desc="(Lnet/sourceforge/cobertura/coveragedata/LightClassmapListener;)V"><counter type="INSTRUCTION" missed="164" covered="0"/><counter type="COMPLEXITY" missed="1" covered="0"/><counter type="METHOD" missed="1" covered="0"/></method><method name="__cobertura_classmap" desc="(Lnet/sourceforge/cobertura/coveragedata/LightClassmapListener;)V"><counter type="INSTRUCTION" missed="11" covered="0"/><counter type="COMPLEXITY" missed="1" covered="0"/><counter type="METHOD" missed="1" covered="0"/></method><method name="__cobertura_get_and_reset_counters" desc="()[I"><counter type="INSTRUCTION" missed="8" covered="0"/><counter type="COMPLEXITY" missed="1" covered="0"/><counter type="METHOD" missed="1" covered="0"/></method><counter type="INSTRUCTION" missed="198" covered="385"/><counter type="BRANCH" missed="0" covered="6"/><counter type="LINE" missed="0" covered="23"/><counter type="COMPLEXITY" missed="4" covered="9"/><counter type="METHOD" missed="4" covered="6"/><counter type="CLASS" missed="0" covered="1"/></class><class name="com/saucelabs/ci/SeleniumBuilderManager"><method name="&lt;init&gt;" desc="()V" line="41"><counter type="INSTRUCTION" missed="19" covered="0"/><counter type="LINE" missed="2" covered="0"/><counter type="COMPLEXITY" missed="1" covered="0"/><counter type="METHOD" missed="1" covered="0"/></method><method name="executeSeleniumBuilder" desc="(Ljava/io/File;Ljava/util/Map;Ljava/io/PrintStream;Ljava/lang/Integer;)Z" line="69"><counter type="INSTRUCTION" missed="649" covered="0"/><counter type="BRANCH" missed="10" covered="0"/><counter type="LINE" missed="28" covered="0"/><counter type="COMPLEXITY" missed="6" covered="0"/><counter type="METHOD" missed="1" covered="0"/></method><method name="invokeBuild" desc="(Ljava/util/concurrent/ExecutorService;Ljava/io/File;Ljava/util/Map;Ljava/io/PrintStream;Ljava/util/HashMap;Ljava/lang/String;Ljava/lang/String;Ljava/lang/String;Ljava/lang/Integer;)Z" line="107"><counter type="INSTRUCTION" missed="603" covered="0"/><counter type="BRANCH" missed="20" covered="0"/><counter type="LINE" missed="31" covered="0"/><counter type="COMPLEXITY" missed="11" covered="0"/><counter type="METHOD" missed="1" covered="0"/></method><method name="createRemoteDriver" desc="(Ljava/lang/String;Ljava/io/PrintStream;)Lcom/sebuilder/interpreter/webdriverfactory/WebDriverFactory;" line="168"><counter type="INSTRUCTION" missed="79" covered="0"/><counter type="BRANCH" missed="4" covered="0"/><counter type="LINE" missed="3" covered="0"/><counter type="COMPLEXITY" missed="3" covered="0"/><counter type="METHOD" missed="1" covered="0"/></method><method name="readPropertyOrEnv" desc="(Ljava/lang/String;Ljava/util/Map;Ljava/lang/String;)Ljava/lang/String;" line="177"><counter type="INSTRUCTION" missed="139" covered="0"/><counter type="BRANCH" missed="6" covered="0"/><counter type="LINE" missed="8" covered="0"/><counter type="COMPLEXITY" missed="4" covered="0"/><counter type="METHOD" missed="1" covered="0"/></method><method name="&lt;clinit&gt;" desc="()V" line="46"><counter type="INSTRUCTION" missed="15" covered="0"/><counter type="LINE" missed="1" covered="0"/><counter type="COMPLEXITY" missed="1" covered="0"/><counter type="METHOD" missed="1" covered="0"/></method><method name="__cobertura_init" desc="()V"><counter type="INSTRUCTION" missed="8" covered="0"/><counter type="BRANCH" missed="2" covered="0"/><counter type="COMPLEXITY" missed="2" covered="0"/><counter type="METHOD" missed="1" covered="0"/></method><method name="__cobertura_classmap_0" desc="(Lnet/sourceforge/cobertura/coveragedata/LightClassmapListener;)V"><counter type="INSTRUCTION" missed="620" covered="0"/><counter type="COMPLEXITY" missed="1" covered="0"/><counter type="METHOD" missed="1" covered="0"/></method><method name="__cobertura_classmap" desc="(Lnet/sourceforge/cobertura/coveragedata/LightClassmapListener;)V"><counter type="INSTRUCTION" missed="11" covered="0"/><counter type="COMPLEXITY" missed="1" covered="0"/><counter type="METHOD" missed="1" covered="0"/></method><method name="__cobertura_get_and_reset_counters" desc="()[I"><counter type="INSTRUCTION" missed="8" covered="0"/><counter type="COMPLEXITY" missed="1" covered="0"/><counter type="METHOD" missed="1" covered="0"/></method><counter type="INSTRUCTION" missed="2151" covered="0"/><counter type="BRANCH" missed="42" covered="0"/><counter type="LINE" missed="73" covered="0"/><counter type="COMPLEXITY" missed="31" covered="0"/><counter type="METHOD" missed="10" covered="0"/><counter type="CLASS" missed="1" covered="0"/></class><class name="com/saucelabs/ci/Browser"><method name="&lt;init&gt;" desc="(Ljava/lang/String;Ljava/lang/String;Ljava/lang/String;Ljava/lang/String;Ljava/lang/String;Ljava/lang/String;Ljava/lang/String;)V" line="27"><counter type="INSTRUCTION" missed="0" covered="89"/><counter type="LINE" missed="0" covered="9"/><counter type="COMPLEXITY" missed="0" covered="1"/><counter type="METHOD" missed="0" covered="1"/></method><method name="getKey" desc="()Ljava/lang/String;" line="38"><counter type="INSTRUCTION" missed="0" covered="12"/><counter type="LINE" missed="0" covered="1"/><counter type="COMPLEXITY" missed="0" covered="1"/><counter type="METHOD" missed="0" covered="1"/></method><method name="getBrowserName" desc="()Ljava/lang/String;" line="42"><counter type="INSTRUCTION" missed="0" covered="12"/><counter type="LINE" missed="0" covered="1"/><counter type="COMPLEXITY" missed="0" covered="1"/><counter type="METHOD" missed="0" covered="1"/></method><method name="getName" desc="()Ljava/lang/String;" line="46"><counter type="INSTRUCTION" missed="0" covered="12"/><counter type="LINE" missed="0" covered="1"/><counter type="COMPLEXITY" missed="0" covered="1"/><counter type="METHOD" missed="0" covered="1"/></method><method name="getOs" desc="()Ljava/lang/String;" line="50"><counter type="INSTRUCTION" missed="0" covered="12"/><counter type="LINE" missed="0" covered="1"/><counter type="COMPLEXITY" missed="0" covered="1"/><counter type="METHOD" missed="0" covered="1"/></method><method name="getVersion" desc="()Ljava/lang/String;" line="54"><counter type="INSTRUCTION" missed="0" covered="12"/><counter type="LINE" missed="0" covered="1"/><counter type="COMPLEXITY" missed="0" covered="1"/><counter type="METHOD" missed="0" covered="1"/></method><method name="getPlatform" desc="()Lorg/openqa/selenium/Platform;" line="59"><counter type="INSTRUCTION" missed="36" covered="149"/><counter type="BRANCH" missed="2" covered="6"/><counter type="LINE" missed="2" covered="7"/><counter type="COMPLEXITY" missed="2" covered="3"/><counter type="METHOD" missed="0" covered="1"/></method><method name="equals" desc="(Ljava/lang/Object;)Z" line="77"><counter type="INSTRUCTION" missed="436" covered="0"/><counter type="BRANCH" missed="38" covered="0"/><counter type="LINE" missed="9" covered="0"/><counter type="COMPLEXITY" missed="20" covered="0"/><counter type="METHOD" missed="1" covered="0"/></method><method name="hashCode" desc="()I" line="90"><counter type="INSTRUCTION" missed="290" covered="0"/><counter type="BRANCH" missed="12" covered="0"/><counter type="LINE" missed="14" covered="0"/><counter type="COMPLEXITY" missed="7" covered="0"/><counter type="METHOD" missed="1" covered="0"/></method><method name="compareTo" desc="(Lcom/saucelabs/ci/Browser;)I" line="113"><counter type="INSTRUCTION" missed="0" covered="16"/><counter type="LINE" missed="0" covered="1"/><counter type="COMPLEXITY" missed="0" covered="1"/><counter type="METHOD" missed="0" covered="1"/></method><method name="toString" desc="()Ljava/lang/String;" line="117"><counter type="INSTRUCTION" missed="52" covered="0"/><counter type="BRANCH" missed="2" covered="0"/><counter type="LINE" missed="3" covered="0"/><counter type="COMPLEXITY" missed="2" covered="0"/><counter type="METHOD" missed="1" covered="0"/></method><method name="getUri" desc="()Ljava/lang/String;" line="125"><counter type="INSTRUCTION" missed="14" covered="0"/><counter type="LINE" missed="1" covered="0"/><counter type="COMPLEXITY" missed="1" covered="0"/><counter type="METHOD" missed="1" covered="0"/></method><method name="getUri" desc="(Ljava/lang/String;Ljava/lang/String;)Ljava/lang/String;" line="129"><counter type="INSTRUCTION" missed="145" covered="0"/><counter type="BRANCH" missed="4" covered="0"/><counter type="LINE" missed="9" covered="0"/><counter type="COMPLEXITY" missed="3" covered="0"/><counter type="METHOD" missed="1" covered="0"/></method><method name="setDevice" desc="(Ljava/lang/String;)V" line="143"><counter type="INSTRUCTION" missed="0" covered="20"/><counter type="LINE" missed="0" covered="2"/><counter type="COMPLEXITY" missed="0" covered="1"/><counter type="METHOD" missed="0" covered="1"/></method><method name="getDevice" desc="()Ljava/lang/String;" line="147"><counter type="INSTRUCTION" missed="0" covered="12"/><counter type="LINE" missed="0" covered="1"/><counter type="COMPLEXITY" missed="0" covered="1"/><counter type="METHOD" missed="0" covered="1"/></method><method name="setDeviceType" desc="(Ljava/lang/String;)V" line="151"><counter type="INSTRUCTION" missed="0" covered="20"/><counter type="LINE" missed="0" covered="2"/><counter type="COMPLEXITY" missed="0" covered="1"/><counter type="METHOD" missed="0" covered="1"/></method><method name="getDeviceType" desc="()Ljava/lang/String;" line="155"><counter type="INSTRUCTION" missed="0" covered="12"/><counter type="LINE" missed="0" covered="1"/><counter type="COMPLEXITY" missed="0" covered="1"/><counter type="METHOD" missed="0" covered="1"/></method><method name="setDeviceOrientation" desc="(Ljava/lang/String;)V" line="159"><counter type="INSTRUCTION" missed="0" covered="20"/><counter type="LINE" missed="0" covered="2"/><counter type="COMPLEXITY" missed="0" covered="1"/><counter type="METHOD" missed="0" covered="1"/></method><method name="getDeviceOrientation" desc="()Ljava/lang/String;" line="163"><counter type="INSTRUCTION" missed="0" covered="12"/><counter type="LINE" missed="0" covered="1"/><counter type="COMPLEXITY" missed="0" covered="1"/><counter type="METHOD" missed="0" covered="1"/></method><method name="getLongVersion" desc="()Ljava/lang/String;" line="167"><counter type="INSTRUCTION" missed="0" covered="12"/><counter type="LINE" missed="0" covered="1"/><counter type="COMPLEXITY" missed="0" covered="1"/><counter type="METHOD" missed="0" covered="1"/></method><method name="getLongName" desc="()Ljava/lang/String;" line="171"><counter type="INSTRUCTION" missed="0" covered="12"/><counter type="LINE" missed="0" covered="1"/><counter type="COMPLEXITY" missed="0" covered="1"/><counter type="METHOD" missed="0" covered="1"/></method><method name="&lt;clinit&gt;" desc="()V"><counter type="INSTRUCTION" missed="0" covered="2"/><counter type="COMPLEXITY" missed="0" covered="1"/><counter type="METHOD" missed="0" covered="1"/></method><method name="__cobertura_init" desc="()V"><counter type="INSTRUCTION" missed="0" covered="8"/><counter type="BRANCH" missed="1" covered="1"/><counter type="COMPLEXITY" missed="1" covered="1"/><counter type="METHOD" missed="0" covered="1"/></method><method name="__cobertura_classmap_0" desc="(Lnet/sourceforge/cobertura/coveragedata/LightClassmapListener;)V"><counter type="INSTRUCTION" missed="595" covered="0"/><counter type="COMPLEXITY" missed="1" covered="0"/><counter type="METHOD" missed="1" covered="0"/></method><method name="__cobertura_classmap" desc="(Lnet/sourceforge/cobertura/coveragedata/LightClassmapListener;)V"><counter type="INSTRUCTION" missed="11" covered="0"/><counter type="COMPLEXITY" missed="1" covered="0"/><counter type="METHOD" missed="1" covered="0"/></method><method name="__cobertura_get_and_reset_counters" desc="()[I"><counter type="INSTRUCTION" missed="8" covered="0"/><counter type="COMPLEXITY" missed="1" covered="0"/><counter type="METHOD" missed="1" covered="0"/></method><counter type="INSTRUCTION" missed="1587" covered="444"/><counter type="BRANCH" missed="59" covered="7"/><counter type="LINE" missed="38" covered="33"/><counter type="COMPLEXITY" missed="39" covered="20"/><counter type="METHOD" missed="8" covered="18"/><counter type="CLASS" missed="0" covered="1"/></class><class name="com/saucelabs/ci/SODSeleniumConfiguration"><method name="&lt;init&gt;" desc="(Ljava/lang/String;Ljava/lang/String;Lcom/saucelabs/ci/Browser;)V" line="34"><counter type="INSTRUCTION" missed="61" covered="0"/><counter type="LINE" missed="6" covered="0"/><counter type="COMPLEXITY" missed="1" covered="0"/><counter type="METHOD" missed="1" covered="0"/></method><method name="toJson" desc="()Ljava/lang/String;" line="45"><counter type="INSTRUCTION" missed="365" covered="0"/><counter type="BRANCH" missed="12" covered="0"/><counter type="LINE" missed="20" covered="0"/><counter type="COMPLEXITY" missed="7" covered="0"/><counter type="METHOD" missed="1" covered="0"/></method><method name="addUserExtension" desc="(Ljava/lang/String;)V" line="81"><counter type="INSTRUCTION" missed="22" covered="0"/><counter type="LINE" missed="2" covered="0"/><counter type="COMPLEXITY" missed="1" covered="0"/><counter type="METHOD" missed="1" covered="0"/></method><method name="getAccessKey" desc="()Ljava/lang/String;" line="86"><counter type="INSTRUCTION" missed="12" covered="0"/><counter type="LINE" missed="1" covered="0"/><counter type="COMPLEXITY" missed="1" covered="0"/><counter type="METHOD" missed="1" covered="0"/></method><method name="setAccessKey" desc="(Ljava/lang/String;)V" line="91"><counter type="INSTRUCTION" missed="20" covered="0"/><counter type="LINE" missed="2" covered="0"/><counter type="COMPLEXITY" missed="1" covered="0"/><counter type="METHOD" missed="1" covered="0"/></method><method name="getBrowser" desc="()Lcom/saucelabs/ci/Browser;" line="96"><counter type="INSTRUCTION" missed="12" covered="0"/><counter type="LINE" missed="1" covered="0"/><counter type="COMPLEXITY" missed="1" covered="0"/><counter type="METHOD" missed="1" covered="0"/></method><method name="setBrowser" desc="(Lcom/saucelabs/ci/Browser;)V" line="101"><counter type="INSTRUCTION" missed="20" covered="0"/><counter type="LINE" missed="2" covered="0"/><counter type="COMPLEXITY" missed="1" covered="0"/><counter type="METHOD" missed="1" covered="0"/></method><method name="getFirefoxProfileUrl" desc="()Ljava/lang/String;" line="106"><counter type="INSTRUCTION" missed="12" covered="0"/><counter type="LINE" missed="1" covered="0"/><counter type="COMPLEXITY" missed="1" covered="0"/><counter type="METHOD" missed="1" covered="0"/></method><method name="setFirefoxProfileUrl" desc="(Ljava/lang/String;)V" line="111"><counter type="INSTRUCTION" missed="20" covered="0"/><counter type="LINE" missed="2" covered="0"/><counter type="COMPLEXITY" missed="1" covered="0"/><counter type="METHOD" missed="1" covered="0"/></method><method name="getIdleTimeout" desc="()I" line="116"><counter type="INSTRUCTION" missed="12" covered="0"/><counter type="LINE" missed="1" covered="0"/><counter type="COMPLEXITY" missed="1" covered="0"/><counter type="METHOD" missed="1" covered="0"/></method><method name="setIdleTimeout" desc="(I)V" line="121"><counter type="INSTRUCTION" missed="20" covered="0"/><counter type="LINE" missed="2" covered="0"/><counter type="COMPLEXITY" missed="1" covered="0"/><counter type="METHOD" missed="1" covered="0"/></method><method name="getJobName" desc="()Ljava/lang/String;" line="126"><counter type="INSTRUCTION" missed="12" covered="0"/><counter type="LINE" missed="1" covered="0"/><counter type="COMPLEXITY" missed="1" covered="0"/><counter type="METHOD" missed="1" covered="0"/></method><method name="setJobName" desc="(Ljava/lang/String;)V" line="131"><counter type="INSTRUCTION" missed="20" covered="0"/><counter type="LINE" missed="2" covered="0"/><counter type="COMPLEXITY" missed="1" covered="0"/><counter type="METHOD" missed="1" covered="0"/></method><method name="getMaxDuration" desc="()I" line="136"><counter type="INSTRUCTION" missed="12" covered="0"/><counter type="LINE" missed="1" covered="0"/><counter type="COMPLEXITY" missed="1" covered="0"/><counter type="METHOD" missed="1" covered="0"/></method><method name="setMaxDuration" desc="(I)V" line="141"><counter type="INSTRUCTION" missed="20" covered="0"/><counter type="LINE" missed="2" covered="0"/><counter type="COMPLEXITY" missed="1" covered="0"/><counter type="METHOD" missed="1" covered="0"/></method><method name="isRecordVideo" desc="()Z" line="146"><counter type="INSTRUCTION" missed="12" covered="0"/><counter type="LINE" missed="1" covered="0"/><counter type="COMPLEXITY" missed="1" covered="0"/><counter type="METHOD" missed="1" covered="0"/></method><method name="setRecordVideo" desc="(Z)V" line="151"><counter type="INSTRUCTION" missed="20" covered="0"/><counter type="LINE" missed="2" covered="0"/><counter type="COMPLEXITY" missed="1" covered="0"/><counter type="METHOD" missed="1" covered="0"/></method><method name="getUsername" desc="()Ljava/lang/String;" line="156"><counter type="INSTRUCTION" missed="12" covered="0"/><counter type="LINE" missed="1" covered="0"/><counter type="COMPLEXITY" missed="1" covered="0"/><counter type="METHOD" missed="1" covered="0"/></method><method name="setUsername" desc="(Ljava/lang/String;)V" line="161"><counter type="INSTRUCTION" missed="20" covered="0"/><counter type="LINE" missed="2" covered="0"/><counter type="COMPLEXITY" missed="1" covered="0"/><counter type="METHOD" missed="1" covered="0"/></method><method name="getUserExtensions" desc="()Ljava/util/List;" line="166"><counter type="INSTRUCTION" missed="12" covered="0"/><counter type="LINE" missed="1" covered="0"/><counter type="COMPLEXITY" missed="1" covered="0"/><counter type="METHOD" missed="1" covered="0"/></method><method name="setUserExtensions" desc="(Ljava/util/List;)V" line="171"><counter type="INSTRUCTION" missed="20" covered="0"/><counter type="LINE" missed="2" covered="0"/><counter type="COMPLEXITY" missed="1" covered="0"/><counter type="METHOD" missed="1" covered="0"/></method><method name="setUserExtensions" desc="(Lorg/json/JSONArray;)V" line="177"><counter type="INSTRUCTION" missed="103" covered="0"/><counter type="BRANCH" missed="2" covered="0"/><counter type="LINE" missed="7" covered="0"/><counter type="COMPLEXITY" missed="2" covered="0"/><counter type="METHOD" missed="1" covered="0"/></method><method name="setUserExtensions" desc="(Ljava/lang/String;)V" line="192"><counter type="INSTRUCTION" missed="81" covered="0"/><counter type="BRANCH" missed="2" covered="0"/><counter type="LINE" missed="6" covered="0"/><counter type="COMPLEXITY" missed="2" covered="0"/><counter type="METHOD" missed="1" covered="0"/></method><method name="&lt;clinit&gt;" desc="()V" line="21"><counter type="INSTRUCTION" missed="15" covered="0"/><counter type="LINE" missed="1" covered="0"/><counter type="COMPLEXITY" missed="1" covered="0"/><counter type="METHOD" missed="1" covered="0"/></method><method name="__cobertura_init" desc="()V"><counter type="INSTRUCTION" missed="8" covered="0"/><counter type="BRANCH" missed="2" covered="0"/><counter type="COMPLEXITY" missed="2" covered="0"/><counter type="METHOD" missed="1" covered="0"/></method><method name="__cobertura_classmap_0" desc="(Lnet/sourceforge/cobertura/coveragedata/LightClassmapListener;)V"><counter type="INSTRUCTION" missed="463" covered="0"/><counter type="COMPLEXITY" missed="1" covered="0"/><counter type="METHOD" missed="1" covered="0"/></method><method name="__cobertura_classmap" desc="(Lnet/sourceforge/cobertura/coveragedata/LightClassmapListener;)V"><counter type="INSTRUCTION" missed="11" covered="0"/><counter type="COMPLEXITY" missed="1" covered="0"/><counter type="METHOD" missed="1" covered="0"/></method><method name="__cobertura_get_and_reset_counters" desc="()[I"><counter type="INSTRUCTION" missed="8" covered="0"/><counter type="COMPLEXITY" missed="1" covered="0"/><counter type="METHOD" missed="1" covered="0"/></method><counter type="INSTRUCTION" missed="1425" covered="0"/><counter type="BRANCH" missed="18" covered="0"/><counter type="LINE" missed="69" covered="0"/><counter type="COMPLEXITY" missed="37" covered="0"/><counter type="METHOD" missed="28" covered="0"/><counter type="CLASS" missed="1" covered="0"/></class><class name="com/saucelabs/ci/SeleniumBuilderManager$SauceRemoteDriver"><method name="&lt;init&gt;" desc="(Lcom/saucelabs/ci/SeleniumBuilderManager;Ljava/io/PrintStream;)V" line="310"><counter type="INSTRUCTION" missed="32" covered="0"/><counter type="LINE" missed="3" covered="0"/><counter type="COMPLEXITY" missed="1" covered="0"/><counter type="METHOD" missed="1" covered="0"/></method><method name="make" desc="(Ljava/util/HashMap;)Lorg/openqa/selenium/remote/RemoteWebDriver;" line="317"><counter type="INSTRUCTION" missed="276" covered="0"/><counter type="BRANCH" missed="6" covered="0"/><counter type="LINE" missed="16" covered="0"/><counter type="COMPLEXITY" missed="4" covered="0"/><counter type="METHOD" missed="1" covered="0"/></method><method name="&lt;clinit&gt;" desc="()V"><counter type="INSTRUCTION" missed="2" covered="0"/><counter type="COMPLEXITY" missed="1" covered="0"/><counter type="METHOD" missed="1" covered="0"/></method><method name="__cobertura_init" desc="()V"><counter type="INSTRUCTION" missed="8" covered="0"/><counter type="BRANCH" missed="2" covered="0"/><counter type="COMPLEXITY" missed="2" covered="0"/><counter type="METHOD" missed="1" covered="0"/></method><method name="__cobertura_classmap_0" desc="(Lnet/sourceforge/cobertura/coveragedata/LightClassmapListener;)V"><counter type="INSTRUCTION" missed="132" covered="0"/><counter type="COMPLEXITY" missed="1" covered="0"/><counter type="METHOD" missed="1" covered="0"/></method><method name="__cobertura_classmap" desc="(Lnet/sourceforge/cobertura/coveragedata/LightClassmapListener;)V"><counter type="INSTRUCTION" missed="11" covered="0"/><counter type="COMPLEXITY" missed="1" covered="0"/><counter type="METHOD" missed="1" covered="0"/></method><method name="__cobertura_get_and_reset_counters" desc="()[I"><counter type="INSTRUCTION" missed="8" covered="0"/><counter type="COMPLEXITY" missed="1" covered="0"/><counter type="METHOD" missed="1" covered="0"/></method><counter type="INSTRUCTION" missed="469" covered="0"/><counter type="BRANCH" missed="8" covered="0"/><counter type="LINE" missed="19" covered="0"/><counter type="COMPLEXITY" missed="11" covered="0"/><counter type="METHOD" missed="7" covered="0"/><counter type="CLASS" missed="1" covered="0"/></class><class name="com/saucelabs/ci/SeleniumBuilderManager$1"><method name="&lt;init&gt;" desc="(Lcom/saucelabs/ci/SeleniumBuilderManager;Lcom/sebuilder/interpreter/webdriverfactory/WebDriverFactory;Ljava/lang/Integer;Ljava/util/HashMap;Ljava/io/PrintStream;Lcom/sebuilder/interpreter/Script;Lorg/apache/commons/logging/Log;)V" line="138"><counter type="INSTRUCTION" missed="33" covered="0"/><counter type="LINE" missed="1" covered="0"/><counter type="COMPLEXITY" missed="1" covered="0"/><counter type="METHOD" missed="1" covered="0"/></method><method name="run" desc="()V" line="140"><counter type="INSTRUCTION" missed="107" covered="0"/><counter type="BRANCH" missed="4" covered="0"/><counter type="LINE" missed="5" covered="0"/><counter type="COMPLEXITY" missed="3" covered="0"/><counter type="METHOD" missed="1" covered="0"/></method><method name="&lt;clinit&gt;" desc="()V"><counter type="INSTRUCTION" missed="2" covered="0"/><counter type="COMPLEXITY" missed="1" covered="0"/><counter type="METHOD" missed="1" covered="0"/></method><method name="__cobertura_init" desc="()V"><counter type="INSTRUCTION" missed="8" covered="0"/><counter type="BRANCH" missed="2" covered="0"/><counter type="COMPLEXITY" missed="2" covered="0"/><counter type="METHOD" missed="1" covered="0"/></method><method name="__cobertura_classmap_0" desc="(Lnet/sourceforge/cobertura/coveragedata/LightClassmapListener;)V"><counter type="INSTRUCTION" missed="49" covered="0"/><counter type="COMPLEXITY" missed="1" covered="0"/><counter type="METHOD" missed="1" covered="0"/></method><method name="__cobertura_classmap" desc="(Lnet/sourceforge/cobertura/coveragedata/LightClassmapListener;)V"><counter type="INSTRUCTION" missed="11" covered="0"/><counter type="COMPLEXITY" missed="1" covered="0"/><counter type="METHOD" missed="1" covered="0"/></method><method name="__cobertura_get_and_reset_counters" desc="()[I"><counter type="INSTRUCTION" missed="8" covered="0"/><counter type="COMPLEXITY" missed="1" covered="0"/><counter type="METHOD" missed="1" covered="0"/></method><counter type="INSTRUCTION" missed="218" covered="0"/><counter type="BRANCH" missed="6" covered="0"/><counter type="LINE" missed="6" covered="0"/><counter type="COMPLEXITY" missed="10" covered="0"/><counter type="METHOD" missed="7" covered="0"/><counter type="CLASS" missed="1" covered="0"/></class><class name="com/saucelabs/ci/BrowserFactory"><method name="&lt;init&gt;" desc="()V" line="42"><counter type="INSTRUCTION" missed="20" covered="0"/><counter type="LINE" missed="2" covered="0"/><counter type="COMPLEXITY" missed="1" covered="0"/><counter type="METHOD" missed="1" covered="0"/></method><method name="&lt;init&gt;" desc="(Lcom/saucelabs/saucerest/SauceREST;)V" line="33"><counter type="INSTRUCTION" missed="72" covered="123"/><counter type="BRANCH" missed="1" covered="1"/><counter type="LINE" missed="5" covered="11"/><counter type="COMPLEXITY" missed="1" covered="1"/><counter type="METHOD" missed="0" covered="1"/></method><method name="getAppiumBrowsers" desc="()Ljava/util/List;" line="64"><counter type="INSTRUCTION" missed="20" covered="55"/><counter type="BRANCH" missed="1" covered="1"/><counter type="LINE" missed="1" covered="4"/><counter type="COMPLEXITY" missed="1" covered="1"/><counter type="METHOD" missed="0" covered="1"/></method><method name="getWebDriverBrowsers" desc="()Ljava/util/List;" line="76"><counter type="INSTRUCTION" missed="20" covered="55"/><counter type="BRANCH" missed="1" covered="1"/><counter type="LINE" missed="1" covered="4"/><counter type="COMPLEXITY" missed="1" covered="1"/><counter type="METHOD" missed="0" covered="1"/></method><method name="shouldRetrieveBrowsers" desc="()Z" line="87"><counter type="INSTRUCTION" missed="20" covered="41"/><counter type="BRANCH" missed="2" covered="2"/><counter type="LINE" missed="0" covered="1"/><counter type="COMPLEXITY" missed="2" covered="1"/><counter type="METHOD" missed="0" covered="1"/></method><method name="initializeAppiumBrowsers" desc="()Ljava/util/List;" line="91"><counter type="INSTRUCTION" missed="0" covered="108"/><counter type="BRANCH" missed="0" covered="2"/><counter type="LINE" missed="0" covered="7"/><counter type="COMPLEXITY" missed="0" covered="2"/><counter type="METHOD" missed="0" covered="1"/></method><method name="initializeWebDriverBrowsers" desc="()Ljava/util/List;" line="101"><counter type="INSTRUCTION" missed="0" covered="108"/><counter type="BRANCH" missed="0" covered="2"/><counter type="LINE" missed="0" covered="7"/><counter type="COMPLEXITY" missed="0" covered="2"/><counter type="METHOD" missed="0" covered="1"/></method><method name="getWebDriverBrowsersFromSauceLabs" desc="()Ljava/util/List;" line="111"><counter type="INSTRUCTION" missed="18" covered="47"/><counter type="BRANCH" missed="1" covered="1"/><counter type="LINE" missed="1" covered="3"/><counter type="COMPLEXITY" missed="1" covered="1"/><counter type="METHOD" missed="0" covered="1"/></method><method name="getAppiumBrowsersFromSauceLabs" desc="()Ljava/util/List;" line="119"><counter type="INSTRUCTION" missed="18" covered="47"/><counter type="BRANCH" missed="1" covered="1"/><counter type="LINE" missed="1" covered="3"/><counter type="COMPLEXITY" missed="1" covered="1"/><counter type="METHOD" missed="0" covered="1"/></method><method name="getBrowserListFromJson" desc="(Ljava/lang/String;)Ljava/util/List;" line="134"><counter type="INSTRUCTION" missed="27" covered="539"/><counter type="BRANCH" missed="2" covered="12"/><counter type="LINE" missed="1" covered="34"/><counter type="COMPLEXITY" missed="2" covered="6"/><counter type="METHOD" missed="0" covered="1"/></method><method name="createDeviceBrowser" desc="(Ljava/lang/String;Ljava/lang/String;Ljava/lang/String;Ljava/lang/String;Ljava/lang/String;Ljava/lang/String;Ljava/lang/String;Ljava/lang/String;)Lcom/saucelabs/ci/Browser;" line="195"><counter type="INSTRUCTION" missed="0" covered="196"/><counter type="BRANCH" missed="0" covered="2"/><counter type="LINE" missed="0" covered="14"/><counter type="COMPLEXITY" missed="0" covered="2"/><counter type="METHOD" missed="0" covered="1"/></method><method name="createBrowserBrowser" desc="(Ljava/lang/String;Ljava/lang/String;Ljava/lang/String;Ljava/lang/String;Ljava/lang/String;)Lcom/saucelabs/ci/Browser;" line="216"><counter type="INSTRUCTION" missed="0" covered="85"/><counter type="LINE" missed="0" covered="5"/><counter type="COMPLEXITY" missed="0" covered="1"/><counter type="METHOD" missed="0" covered="1"/></method><method name="seleniumBrowserForKey" desc="(Ljava/lang/String;)Lcom/saucelabs/ci/Browser;" line="232"><counter type="INSTRUCTION" missed="15" covered="0"/><counter type="LINE" missed="1" covered="0"/><counter type="COMPLEXITY" missed="1" covered="0"/><counter type="METHOD" missed="1" covered="0"/></method><method name="seleniumBrowserForKey" desc="(Ljava/lang/String;Z)Lcom/saucelabs/ci/Browser;" line="236"><counter type="INSTRUCTION" missed="62" covered="0"/><counter type="BRANCH" missed="2" covered="0"/><counter type="LINE" missed="4" covered="0"/><counter type="COMPLEXITY" missed="2" covered="0"/><counter type="METHOD" missed="1" covered="0"/></method><method name="getLatestSeleniumBrowserVersion" desc="(Lcom/saucelabs/ci/Browser;)Lcom/saucelabs/ci/Browser;" line="245"><counter type="INSTRUCTION" missed="182" covered="0"/><counter type="BRANCH" missed="8" covered="0"/><counter type="LINE" missed="11" covered="0"/><counter type="COMPLEXITY" missed="5" covered="0"/><counter type="METHOD" missed="1" covered="0"/></method><method name="webDriverBrowserForKey" desc="(Ljava/lang/String;)Lcom/saucelabs/ci/Browser;" line="267"><counter type="INSTRUCTION" missed="15" covered="0"/><counter type="LINE" missed="1" covered="0"/><counter type="COMPLEXITY" missed="1" covered="0"/><counter type="METHOD" missed="1" covered="0"/></method><method name="webDriverBrowserForKey" desc="(Ljava/lang/String;Z)Lcom/saucelabs/ci/Browser;" line="271"><counter type="INSTRUCTION" missed="62" covered="0"/><counter type="BRANCH" missed="2" covered="0"/><counter type="LINE" missed="4" covered="0"/><counter type="COMPLEXITY" missed="2" covered="0"/><counter type="METHOD" missed="1" covered="0"/></method><method name="getLatestWebDriverBrowserVersion" desc="(Lcom/saucelabs/ci/Browser;)Lcom/saucelabs/ci/Browser;" line="280"><counter type="INSTRUCTION" missed="182" covered="0"/><counter type="BRANCH" missed="8" covered="0"/><counter type="LINE" missed="11" covered="0"/><counter type="COMPLEXITY" missed="5" covered="0"/><counter type="METHOD" missed="1" covered="0"/></method><method name="appiumBrowserForKey" desc="(Ljava/lang/String;)Lcom/saucelabs/ci/Browser;" line="304"><counter type="INSTRUCTION" missed="15" covered="0"/><counter type="LINE" missed="1" covered="0"/><counter type="COMPLEXITY" missed="1" covered="0"/><counter type="METHOD" missed="1" covered="0"/></method><method name="getInstance" desc="()Lcom/saucelabs/ci/BrowserFactory;" line="315"><counter type="INSTRUCTION" missed="13" covered="0"/><counter type="LINE" missed="1" covered="0"/><counter type="COMPLEXITY" missed="1" covered="0"/><counter type="METHOD" missed="1" covered="0"/></method><method name="getInstance" desc="(Lcom/saucelabs/saucerest/SauceREST;)Lcom/saucelabs/ci/BrowserFactory;" line="319"><counter type="INSTRUCTION" missed="53" covered="0"/><counter type="BRANCH" missed="2" covered="0"/><counter type="LINE" missed="3" covered="0"/><counter type="COMPLEXITY" missed="2" covered="0"/><counter type="METHOD" missed="1" covered="0"/></method><method name="&lt;clinit&gt;" desc="()V" line="27"><counter type="INSTRUCTION" missed="0" covered="15"/><counter type="LINE" missed="0" covered="1"/><counter type="COMPLEXITY" missed="0" covered="1"/><counter type="METHOD" missed="0" covered="1"/></method><method name="__cobertura_init" desc="()V"><counter type="INSTRUCTION" missed="0" covered="8"/><counter type="BRANCH" missed="1" covered="1"/><counter type="COMPLEXITY" missed="1" covered="1"/><counter type="METHOD" missed="0" covered="1"/></method><method name="__cobertura_classmap_0" desc="(Lnet/sourceforge/cobertura/coveragedata/LightClassmapListener;)V"><counter type="INSTRUCTION" missed="1013" covered="0"/><counter type="COMPLEXITY" missed="1" covered="0"/><counter type="METHOD" missed="1" covered="0"/></method><method name="__cobertura_classmap" desc="(Lnet/sourceforge/cobertura/coveragedata/LightClassmapListener;)V"><counter type="INSTRUCTION" missed="11" covered="0"/><counter type="COMPLEXITY" missed="1" covered="0"/><counter type="METHOD" missed="1" covered="0"/></method><method name="__cobertura_get_and_reset_counters" desc="()[I"><counter type="INSTRUCTION" missed="8" covered="0"/><counter type="COMPLEXITY" missed="1" covered="0"/><counter type="METHOD" missed="1" covered="0"/></method><counter type="INSTRUCTION" missed="1846" covered="1427"/><counter type="BRANCH" missed="32" covered="26"/><counter type="LINE" missed="49" covered="94"/><counter type="COMPLEXITY" missed="34" covered="21"/><counter type="METHOD" missed="13" covered="13"/><counter type="CLASS" missed="0" covered="1"/></class><sourcefile name="OperatingSystemDescription.java"><line nr="9" mi="12" ci="57" mb="0" cb="0"/><line nr="10" mi="0" ci="15" mb="0" cb="0"/><line nr="11" mi="0" ci="15" mb="0" cb="0"/><line nr="12" mi="0" ci="15" mb="0" cb="0"/><line nr="13" mi="0" ci="15" mb="0" cb="0"/><line nr="14" mi="0" ci="15" mb="0" cb="0"/><line nr="15" mi="0" ci="15" mb="0" cb="0"/><line nr="16" mi="0" ci="15" mb="0" cb="0"/><line nr="17" mi="0" ci="15" mb="0" cb="0"/><line nr="18" mi="0" ci="15" mb="0" cb="0"/><line nr="22" mi="0" ci="11" mb="0" cb="0"/><line nr="25" mi="0" ci="30" mb="0" cb="2"/><line nr="26" mi="0" ci="14" mb="0" cb="0"/><line nr="28" mi="0" ci="8" mb="0" cb="0"/><line nr="30" mi="0" ci="11" mb="0" cb="0"/><line nr="31" mi="0" ci="10" mb="0" cb="0"/><line nr="32" mi="0" ci="10" mb="0" cb="0"/><line nr="33" mi="0" ci="8" mb="0" cb="0"/><line nr="37" mi="0" ci="12" mb="0" cb="0"/><line nr="47" mi="0" ci="10" mb="0" cb="0"/><line nr="48" mi="0" ci="20" mb="0" cb="2"/><line nr="50" mi="0" ci="9" mb="0" cb="0"/><line nr="52" mi="0" ci="18" mb="0" cb="0"/><counter type="INSTRUCTION" missed="198" covered="385"/><counter type="BRANCH" missed="0" covered="6"/><counter type="LINE" missed="0" covered="23"/><counter type="COMPLEXITY" missed="4" covered="9"/><counter type="METHOD" missed="4" covered="6"/><counter type="CLASS" missed="0" covered="1"/></sourcefile><sourcefile name="Browser.java"><line nr="27" mi="0" ci="9" mb="0" cb="0"/><line nr="28" mi="0" ci="10" mb="0" cb="0"/><line nr="29" mi="0" ci="10" mb="0" cb="0"/><line nr="30" mi="0" ci="10" mb="0" cb="0"/><line nr="31" mi="0" ci="10" mb="0" cb="0"/><line nr="32" mi="0" ci="10" mb="0" cb="0"/><line nr="33" mi="0" ci="10" mb="0" cb="0"/><line nr="34" mi="0" ci="10" mb="0" cb="0"/><line nr="35" mi="0" ci="8" mb="0" cb="0"/><line nr="38" mi="0" ci="10" mb="0" cb="0"/><line nr="42" mi="0" ci="10" mb="0" cb="0"/><line nr="46" mi="0" ci="10" mb="0" cb="0"/><line nr="50" mi="0" ci="10" mb="0" cb="0"/><line nr="54" mi="0" ci="10" mb="0" cb="0"/><line nr="59" mi="0" ci="25" mb="0" cb="2"/><line nr="61" mi="0" ci="9" mb="0" cb="0"/><line nr="62" mi="9" ci="25" mb="1" cb="1"/><line nr="64" mi="9" ci="0" mb="0" cb="0"/><line nr="65" mi="9" ci="25" mb="1" cb="1"/><line nr="67" mi="9" ci="0" mb="0" cb="0"/><line nr="68" mi="0" ci="34" mb="0" cb="2"/><line nr="70" mi="0" ci="9" mb="0" cb="0"/><line nr="73" mi="0" ci="20" mb="0" cb="0"/><line nr="77" mi="21" ci="0" mb="2" cb="0"/><line nr="78" mi="9" ci="0" mb="0" cb="0"/><line nr="80" mi="19" ci="0" mb="0" cb="0"/><line nr="81" mi="104" ci="0" mb="10" cb="0"/><line nr="82" mi="62" ci="0" mb="6" cb="0"/><line nr="83" mi="62" ci="0" mb="6" cb="0"/><line nr="84" mi="62" ci="0" mb="6" cb="0"/><line nr="85" mi="62" ci="0" mb="6" cb="0"/><line nr="86" mi="33" ci="0" mb="2" cb="0"/><line nr="90" mi="9" ci="0" mb="0" cb="0"/><line nr="91" mi="21" ci="0" mb="2" cb="0"/><line nr="92" mi="15" ci="0" mb="0" cb="0"/><line nr="94" mi="30" ci="0" mb="2" cb="0"/><line nr="95" mi="15" ci="0" mb="0" cb="0"/><line nr="97" mi="30" ci="0" mb="2" cb="0"/><line nr="98" mi="15" ci="0" mb="0" cb="0"/><line nr="100" mi="30" ci="0" mb="2" cb="0"/><line nr="101" mi="15" ci="0" mb="0" cb="0"/><line nr="103" mi="30" ci="0" mb="2" cb="0"/><line nr="104" mi="15" ci="0" mb="0" cb="0"/><line nr="106" mi="30" ci="0" mb="2" cb="0"/><line nr="107" mi="15" ci="0" mb="0" cb="0"/><line nr="109" mi="18" ci="0" mb="0" cb="0"/><line nr="113" mi="0" ci="14" mb="0" cb="0"/><line nr="117" mi="21" ci="0" mb="2" cb="0"/><line nr="118" mi="10" ci="0" mb="0" cb="0"/><line nr="120" mi="19" ci="0" mb="0" cb="0"/><line nr="125" mi="12" ci="0" mb="0" cb="0"/><line nr="129" mi="11" ci="0" mb="0" cb="0"/><line nr="130" mi="14" ci="0" mb="0" cb="0"/><line nr="131" mi="12" ci="0" mb="0" cb="0"/><line nr="132" mi="12" ci="0" mb="0" cb="0"/><line nr="133" mi="20" ci="0" mb="2" cb="0"/><line nr="134" mi="13" ci="0" mb="0" cb="0"/><line nr="136" mi="29" ci="0" mb="2" cb="0"/><line nr="137" mi="13" ci="0" mb="0" cb="0"/><line nr="139" mi="19" ci="0" mb="0" cb="0"/><line nr="143" mi="0" ci="10" mb="0" cb="0"/><line nr="144" mi="0" ci="8" mb="0" cb="0"/><line nr="147" mi="0" ci="10" mb="0" cb="0"/><line nr="151" mi="0" ci="10" mb="0" cb="0"/><line nr="152" mi="0" ci="8" mb="0" cb="0"/><line nr="155" mi="0" ci="10" mb="0" cb="0"/><line nr="159" mi="0" ci="10" mb="0" cb="0"/><line nr="160" mi="0" ci="8" mb="0" cb="0"/><line nr="163" mi="0" ci="10" mb="0" cb="0"/><line nr="167" mi="0" ci="10" mb="0" cb="0"/><line nr="171" mi="0" ci="10" mb="0" cb="0"/><counter type="INSTRUCTION" missed="1587" covered="444"/><counter type="BRANCH" missed="59" covered="7"/><counter type="LINE" missed="38" covered="33"/><counter type="COMPLEXITY" missed="39" covered="20"/><counter type="METHOD" missed="8" covered="18"/><counter type="CLASS" missed="0" covered="1"/></sourcefile><sourcefile name="JobInformation.java"><line nr="33" mi="0" ci="12" mb="0" cb="0"/><line nr="40" mi="0" ci="9" mb="0" cb="0"/><line nr="41" mi="0" ci="10" mb="0" cb="0"/><line nr="42" mi="0" ci="10" mb="0" cb="0"/><line nr="43" mi="0" ci="8" mb="0" cb="0"/><line nr="51" mi="0" ci="10" mb="0" cb="0"/><line nr="60" mi="0" ci="10" mb="0" cb="0"/><line nr="61" mi="0" ci="8" mb="0" cb="0"/><line nr="69" mi="0" ci="10" mb="0" cb="0"/><line nr="79" mi="0" ci="10" mb="0" cb="0"/><line nr="87" mi="0" ci="35" mb="0" cb="2"/><line nr="88" mi="0" ci="8" mb="0" cb="0"/><line nr="95" mi="0" ci="10" mb="0" cb="0"/><line nr="96" mi="0" ci="13" mb="0" cb="0"/><line nr="97" mi="0" ci="8" mb="0" cb="0"/><line nr="105" mi="0" ci="66" mb="0" cb="6"/><line nr="114" mi="0" ci="10" mb="0" cb="0"/><line nr="123" mi="0" ci="10" mb="0" cb="0"/><line nr="124" mi="0" ci="13" mb="0" cb="0"/><line nr="125" mi="0" ci="8" mb="0" cb="0"/><line nr="133" mi="0" ci="66" mb="0" cb="6"/><line nr="143" mi="0" ci="10" mb="0" cb="0"/><line nr="152" mi="0" ci="10" mb="0" cb="0"/><line nr="153" mi="0" ci="13" mb="0" cb="0"/><line nr="154" mi="0" ci="8" mb="0" cb="0"/><line nr="161" mi="0" ci="10" mb="0" cb="0"/><line nr="169" mi="0" ci="10" mb="0" cb="0"/><line nr="170" mi="0" ci="13" mb="0" cb="0"/><line nr="172" mi="0" ci="8" mb="0" cb="0"/><line nr="179" mi="0" ci="11" mb="0" cb="0"/><line nr="187" mi="0" ci="10" mb="0" cb="0"/><line nr="188" mi="0" ci="13" mb="0" cb="0"/><line nr="189" mi="0" ci="8" mb="0" cb="0"/><line nr="196" mi="0" ci="10" mb="0" cb="0"/><line nr="204" mi="0" ci="10" mb="0" cb="0"/><line nr="205" mi="0" ci="13" mb="0" cb="0"/><line nr="206" mi="0" ci="8" mb="0" cb="0"/><line nr="210" mi="23" ci="0" mb="2" cb="0"/><line nr="211" mi="56" ci="0" mb="4" cb="0"/><line nr="213" mi="19" ci="0" mb="0" cb="0"/><line nr="215" mi="64" ci="0" mb="6" cb="0"/><line nr="216" mi="73" ci="0" mb="6" cb="0"/><line nr="217" mi="73" ci="0" mb="6" cb="0"/><line nr="218" mi="73" ci="0" mb="6" cb="0"/><line nr="219" mi="73" ci="0" mb="6" cb="0"/><line nr="220" mi="73" ci="0" mb="6" cb="0"/><line nr="221" mi="73" ci="0" mb="6" cb="0"/><line nr="222" mi="73" ci="0" mb="6" cb="0"/><line nr="223" mi="73" ci="0" mb="6" cb="0"/><line nr="224" mi="73" ci="0" mb="6" cb="0"/><line nr="225" mi="72" ci="0" mb="4" cb="0"/><line nr="231" mi="36" ci="0" mb="2" cb="0"/><line nr="235" mi="0" ci="10" mb="0" cb="0"/><line nr="236" mi="0" ci="13" mb="0" cb="0"/><line nr="238" mi="0" ci="8" mb="0" cb="0"/><line nr="241" mi="0" ci="10" mb="0" cb="0"/><line nr="245" mi="0" ci="10" mb="0" cb="0"/><line nr="246" mi="0" ci="13" mb="0" cb="0"/><line nr="247" mi="0" ci="8" mb="0" cb="0"/><line nr="250" mi="0" ci="10" mb="0" cb="0"/><line nr="264" mi="0" ci="37" mb="1" cb="3"/><line nr="265" mi="0" ci="12" mb="0" cb="0"/><line nr="266" mi="0" ci="10" mb="0" cb="0"/><line nr="268" mi="0" ci="46" mb="0" cb="4"/><line nr="269" mi="0" ci="11" mb="0" cb="0"/><line nr="270" mi="0" ci="10" mb="0" cb="0"/><line nr="272" mi="0" ci="46" mb="0" cb="4"/><line nr="273" mi="0" ci="11" mb="0" cb="0"/><line nr="274" mi="0" ci="10" mb="0" cb="0"/><line nr="276" mi="0" ci="21" mb="0" cb="0"/><line nr="277" mi="0" ci="12" mb="0" cb="0"/><line nr="278" mi="0" ci="12" mb="0" cb="0"/><line nr="279" mi="0" ci="12" mb="0" cb="0"/><line nr="280" mi="0" ci="12" mb="0" cb="0"/><line nr="281" mi="0" ci="9" mb="0" cb="0"/><line nr="282" mi="0" ci="8" mb="0" cb="0"/><line nr="285" mi="0" ci="12" mb="0" cb="0"/><line nr="289" mi="0" ci="35" mb="0" cb="2"/><line nr="296" mi="0" ci="10" mb="0" cb="0"/><line nr="297" mi="0" ci="8" mb="0" cb="0"/><line nr="305" mi="0" ci="13" mb="0" cb="0"/><counter type="INSTRUCTION" missed="1689" covered="1014"/><counter type="BRANCH" missed="74" covered="28"/><counter type="LINE" missed="15" covered="66"/><counter type="COMPLEXITY" missed="43" covered="43"/><counter type="METHOD" missed="5" covered="30"/><counter type="CLASS" missed="0" covered="1"/></sourcefile><sourcefile name="CacheTimeUtil.java"><line nr="16" mi="9" ci="0" mb="0" cb="0"/><line nr="17" mi="8" ci="0" mb="0" cb="0"/><line nr="20" mi="0" ci="15" mb="0" cb="0"/><line nr="24" mi="0" ci="11" mb="0" cb="0"/><line nr="25" mi="0" ci="13" mb="0" cb="0"/><line nr="31" mi="0" ci="11" mb="0" cb="0"/><line nr="34" mi="0" ci="9" mb="0" cb="0"/><line nr="37" mi="0" ci="11" mb="0" cb="0"/><counter type="INSTRUCTION" missed="89" covered="89"/><counter type="BRANCH" missed="0" covered="2"/><counter type="LINE" missed="2" covered="6"/><counter type="COMPLEXITY" missed="4" covered="6"/><counter type="METHOD" missed="4" covered="5"/><counter type="CLASS" missed="0" covered="1"/></sourcefile><sourcefile name="SeleniumVersion.java"><line nr="7" mi="42" ci="0" mb="0" cb="0"/><line nr="8" mi="21" ci="0" mb="0" cb="0"/><line nr="11" mi="11" ci="0" mb="0" cb="0"/><line nr="12" mi="10" ci="0" mb="0" cb="0"/><line nr="13" mi="8" ci="0" mb="0" cb="0"/><line nr="16" mi="10" ci="0" mb="0" cb="0"/><counter type="INSTRUCTION" missed="193" covered="0"/><counter type="BRANCH" missed="2" covered="0"/><counter type="LINE" missed="6" covered="0"/><counter type="COMPLEXITY" missed="10" covered="0"/><counter type="METHOD" missed="9" covered="0"/><counter type="CLASS" missed="1" covered="0"/></sourcefile><sourcefile name="BrowserFactory.java"><line nr="27" mi="0" ci="12" mb="0" cb="0"/><line nr="33" mi="0" ci="12" mb="0" cb="0"/><line nr="34" mi="0" ci="12" mb="0" cb="0"/><line nr="35" mi="0" ci="12" mb="0" cb="0"/><line nr="36" mi="0" ci="10" mb="0" cb="0"/><line nr="42" mi="10" ci="0" mb="0" cb="0"/><line nr="43" mi="8" ci="0" mb="0" cb="0"/><line nr="45" mi="0" ci="9" mb="0" cb="0"/><line nr="46" mi="9" ci="11" mb="1" cb="1"/><line nr="47" mi="15" ci="0" mb="0" cb="0"/><line nr="49" mi="0" ci="19" mb="0" cb="0"/><line nr="52" mi="0" ci="10" mb="0" cb="0"/><line nr="53" mi="0" ci="10" mb="0" cb="0"/><line nr="54" mi="8" ci="0" mb="0" cb="0"/><line nr="56" mi="12" ci="0" mb="0" cb="0"/><line nr="57" mi="8" ci="0" mb="0" cb="0"/><line nr="58" mi="12" ci="0" mb="0" cb="0"/><line nr="59" mi="8" ci="8" mb="0" cb="0"/><line nr="60" mi="0" ci="8" mb="0" cb="0"/><line nr="64" mi="9" ci="12" mb="1" cb="1"/><line nr="65" mi="11" ci="0" mb="0" cb="0"/><line nr="67" mi="0" ci="23" mb="0" cb="0"/><line nr="69" mi="0" ci="9" mb="0" cb="0"/><line nr="71" mi="0" ci="9" mb="0" cb="0"/><line nr="76" mi="9" ci="12" mb="1" cb="1"/><line nr="77" mi="11" ci="0" mb="0" cb="0"/><line nr="79" mi="0" ci="23" mb="0" cb="0"/><line nr="81" mi="0" ci="9" mb="0" cb="0"/><line nr="83" mi="0" ci="9" mb="0" cb="0"/><line nr="87" mi="20" ci="39" mb="2" cb="2"/><line nr="91" mi="0" ci="10" mb="0" cb="0"/><line nr="92" mi="0" ci="12" mb="0" cb="0"/><line nr="93" mi="0" ci="28" mb="0" cb="2"/><line nr="94" mi="0" ci="14" mb="0" cb="0"/><line nr="95" mi="0" ci="8" mb="0" cb="0"/><line nr="96" mi="0" ci="25" mb="0" cb="0"/><line nr="97" mi="0" ci="9" mb="0" cb="0"/><line nr="101" mi="0" ci="10" mb="0" cb="0"/><line nr="102" mi="0" ci="12" mb="0" cb="0"/><line nr="103" mi="0" ci="28" mb="0" cb="2"/><line nr="104" mi="0" ci="14" mb="0" cb="0"/><line nr="105" mi="0" ci="8" mb="0" cb="0"/><line nr="106" mi="0" ci="25" mb="0" cb="0"/><line nr="107" mi="0" ci="9" mb="0" cb="0"/><line nr="111" mi="0" ci="12" mb="0" cb="0"/><line nr="112" mi="9" ci="13" mb="1" cb="1"/><line nr="113" mi="9" ci="0" mb="0" cb="0"/><line nr="115" mi="0" ci="20" mb="0" cb="0"/><line nr="119" mi="0" ci="12" mb="0" cb="0"/><line nr="120" mi="9" ci="13" mb="1" cb="1"/><line nr="121" mi="9" ci="0" mb="0" cb="0"/><line nr="123" mi="0" ci="20" mb="0" cb="0"/><line nr="134" mi="0" ci="11" mb="0" cb="0"/><line nr="136" mi="0" ci="12" mb="0" cb="0"/><line nr="137" mi="0" ci="33" mb="0" cb="2"/><line nr="138" mi="0" ci="11" mb="0" cb="0"/><line nr="140" mi="10" ci="12" mb="1" cb="1"/><line nr="142" mi="0" ci="20" mb="0" cb="0"/><line nr="143" mi="9" ci="13" mb="1" cb="1"/><line nr="145" mi="8" ci="0" mb="0" cb="0"/><line nr="147" mi="0" ci="31" mb="0" cb="2"/><line nr="149" mi="0" ci="11" mb="0" cb="0"/><line nr="150" mi="0" ci="11" mb="0" cb="0"/><line nr="151" mi="0" ci="11" mb="0" cb="0"/><line nr="152" mi="0" ci="11" mb="0" cb="0"/><line nr="154" mi="0" ci="9" mb="0" cb="0"/><line nr="156" mi="0" ci="9" mb="0" cb="0"/><line nr="158" mi="0" ci="22" mb="0" cb="2"/><line nr="159" mi="0" ci="11" mb="0" cb="0"/><line nr="162" mi="0" ci="46" mb="0" cb="4"/><line nr="163" mi="0" ci="25" mb="0" cb="0"/><line nr="164" mi="0" ci="9" mb="0" cb="0"/><line nr="166" mi="0" ci="9" mb="0" cb="0"/><line nr="169" mi="0" ci="27" mb="0" cb="0"/><line nr="170" mi="0" ci="13" mb="0" cb="0"/><line nr="171" mi="0" ci="18" mb="0" cb="0"/><line nr="172" mi="0" ci="13" mb="0" cb="0"/><line nr="175" mi="0" ci="8" mb="0" cb="0"/><line nr="177" mi="0" ci="20" mb="0" cb="0"/><line nr="178" mi="0" ci="11" mb="0" cb="0"/><line nr="179" mi="0" ci="11" mb="0" cb="0"/><line nr="180" mi="0" ci="11" mb="0" cb="0"/><line nr="184" mi="0" ci="15" mb="0" cb="0"/><line nr="185" mi="0" ci="13" mb="0" cb="0"/><line nr="186" mi="0" ci="15" mb="0" cb="0"/><line nr="187" mi="0" ci="13" mb="0" cb="0"/><line nr="191" mi="0" ci="22" mb="0" cb="0"/><line nr="195" mi="0" ci="20" mb="0" cb="0"/><line nr="197" mi="0" ci="12" mb="0" cb="0"/><line nr="199" mi="0" ci="12" mb="0" cb="0"/><line nr="200" mi="0" ci="11" mb="0" cb="0"/><line nr="201" mi="0" ci="13" mb="0" cb="0"/><line nr="202" mi="0" ci="20" mb="0" cb="2"/><line nr="203" mi="0" ci="13" mb="0" cb="0"/><line nr="205" mi="0" ci="20" mb="0" cb="0"/><line nr="206" mi="0" ci="15" mb="0" cb="0"/><line nr="208" mi="0" ci="19" mb="0" cb="0"/><line nr="209" mi="0" ci="10" mb="0" cb="0"/><line nr="210" mi="0" ci="10" mb="0" cb="0"/><line nr="211" mi="0" ci="10" mb="0" cb="0"/><line nr="212" mi="0" ci="9" mb="0" cb="0"/><line nr="216" mi="0" ci="18" mb="0" cb="0"/><line nr="218" mi="0" ci="12" mb="0" cb="0"/><line nr="220" mi="0" ci="12" mb="0" cb="0"/><line nr="221" mi="0" ci="23" mb="0" cb="0"/><line nr="222" mi="0" ci="18" mb="0" cb="0"/><line nr="232" mi="13" ci="0" mb="0" cb="0"/><line nr="236" mi="11" ci="0" mb="0" cb="0"/><line nr="237" mi="20" ci="0" mb="2" cb="0"/><line nr="238" mi="11" ci="0" mb="0" cb="0"/><line nr="240" mi="18" ci="0" mb="0" cb="0"/><line nr="245" mi="9" ci="0" mb="0" cb="0"/><line nr="246" mi="30" ci="0" mb="2" cb="0"/><line nr="248" mi="25" ci="0" mb="2" cb="0"/><line nr="249" mi="24" ci="0" mb="2" cb="0"/><line nr="250" mi="24" ci="0" mb="2" cb="0"/><line nr="251" mi="9" ci="0" mb="0" cb="0"/><line nr="253" mi="8" ci="0" mb="0" cb="0"/><line nr="254" mi="8" ci="0" mb="0" cb="0"/><line nr="255" mi="17" ci="0" mb="0" cb="0"/><line nr="256" mi="8" ci="0" mb="0" cb="0"/><line nr="257" mi="18" ci="0" mb="0" cb="0"/><line nr="267" mi="13" ci="0" mb="0" cb="0"/><line nr="271" mi="11" ci="0" mb="0" cb="0"/><line nr="272" mi="20" ci="0" mb="2" cb="0"/><line nr="273" mi="11" ci="0" mb="0" cb="0"/><line nr="275" mi="18" ci="0" mb="0" cb="0"/><line nr="280" mi="9" ci="0" mb="0" cb="0"/><line nr="281" mi="30" ci="0" mb="2" cb="0"/><line nr="284" mi="25" ci="0" mb="2" cb="0"/><line nr="285" mi="24" ci="0" mb="2" cb="0"/><line nr="286" mi="24" ci="0" mb="2" cb="0"/><line nr="287" mi="9" ci="0" mb="0" cb="0"/><line nr="289" mi="8" ci="0" mb="0" cb="0"/><line nr="290" mi="8" ci="0" mb="0" cb="0"/><line nr="291" mi="17" ci="0" mb="0" cb="0"/><line nr="292" mi="8" ci="0" mb="0" cb="0"/><line nr="293" mi="18" ci="0" mb="0" cb="0"/><line nr="304" mi="13" ci="0" mb="0" cb="0"/><line nr="315" mi="10" ci="0" mb="0" cb="0"/><line nr="319" mi="20" ci="0" mb="2" cb="0"/><line nr="320" mi="12" ci="0" mb="0" cb="0"/><line nr="322" mi="18" ci="0" mb="0" cb="0"/><counter type="INSTRUCTION" missed="1846" covered="1427"/><counter type="BRANCH" missed="32" covered="26"/><counter type="LINE" missed="49" covered="94"/><counter type="COMPLEXITY" missed="34" covered="21"/><counter type="METHOD" missed="13" covered="13"/><counter type="CLASS" missed="0" covered="1"/></sourcefile><sourcefile name="SODSeleniumConfiguration.java"><line nr="21" mi="12" ci="0" mb="0" cb="0"/><line nr="34" mi="9" ci="0" mb="0" cb="0"/><line nr="35" mi="10" ci="0" mb="0" cb="0"/><line nr="36" mi="10" ci="0" mb="0" cb="0"/><line nr="37" mi="10" ci="0" mb="0" cb="0"/><line nr="38" mi="12" ci="0" mb="0" cb="0"/><line nr="39" mi="8" ci="0" mb="0" cb="0"/><line nr="45" mi="11" ci="0" mb="0" cb="0"/><line nr="46" mi="13" ci="0" mb="0" cb="0"/><line nr="47" mi="13" ci="0" mb="0" cb="0"/><line nr="48" mi="21" ci="0" mb="2" cb="0"/><line nr="49" mi="14" ci="0" mb="0" cb="0"/><line nr="50" mi="14" ci="0" mb="0" cb="0"/><line nr="51" mi="14" ci="0" mb="0" cb="0"/><line nr="53" mi="22" ci="0" mb="0" cb="0"/><line nr="55" mi="22" ci="0" mb="2" cb="0"/><line nr="56" mi="13" ci="0" mb="0" cb="0"/><line nr="59" mi="31" ci="0" mb="2" cb="0"/><line nr="60" mi="13" ci="0" mb="0" cb="0"/><line nr="63" mi="31" ci="0" mb="2" cb="0"/><line nr="64" mi="13" ci="0" mb="0" cb="0"/><line nr="65" mi="12" ci="0" mb="0" cb="0"/><line nr="68" mi="30" ci="0" mb="2" cb="0"/><line nr="69" mi="13" ci="0" mb="0" cb="0"/><line nr="72" mi="30" ci="0" mb="2" cb="0"/><line nr="73" mi="13" ci="0" mb="0" cb="0"/><line nr="76" mi="20" ci="0" mb="0" cb="0"/><line nr="81" mi="12" ci="0" mb="0" cb="0"/><line nr="82" mi="8" ci="0" mb="0" cb="0"/><line nr="86" mi="10" ci="0" mb="0" cb="0"/><line nr="91" mi="10" ci="0" mb="0" cb="0"/><line nr="92" mi="8" ci="0" mb="0" cb="0"/><line nr="96" mi="10" ci="0" mb="0" cb="0"/><line nr="101" mi="10" ci="0" mb="0" cb="0"/><line nr="102" mi="8" ci="0" mb="0" cb="0"/><line nr="106" mi="10" ci="0" mb="0" cb="0"/><line nr="111" mi="10" ci="0" mb="0" cb="0"/><line nr="112" mi="8" ci="0" mb="0" cb="0"/><line nr="116" mi="10" ci="0" mb="0" cb="0"/><line nr="121" mi="10" ci="0" mb="0" cb="0"/><line nr="122" mi="8" ci="0" mb="0" cb="0"/><line nr="126" mi="10" ci="0" mb="0" cb="0"/><line nr="131" mi="10" ci="0" mb="0" cb="0"/><line nr="132" mi="8" ci="0" mb="0" cb="0"/><line nr="136" mi="10" ci="0" mb="0" cb="0"/><line nr="141" mi="10" ci="0" mb="0" cb="0"/><line nr="142" mi="8" ci="0" mb="0" cb="0"/><line nr="146" mi="10" ci="0" mb="0" cb="0"/><line nr="151" mi="10" ci="0" mb="0" cb="0"/><line nr="152" mi="8" ci="0" mb="0" cb="0"/><line nr="156" mi="10" ci="0" mb="0" cb="0"/><line nr="161" mi="10" ci="0" mb="0" cb="0"/><line nr="162" mi="8" ci="0" mb="0" cb="0"/><line nr="166" mi="10" ci="0" mb="0" cb="0"/><line nr="171" mi="10" ci="0" mb="0" cb="0"/><line nr="172" mi="8" ci="0" mb="0" cb="0"/><line nr="177" mi="33" ci="0" mb="2" cb="0"/><line nr="180" mi="11" ci="0" mb="0" cb="0"/><line nr="181" mi="12" ci="0" mb="0" cb="0"/><line nr="182" mi="8" ci="0" mb="0" cb="0"/><line nr="185" mi="12" ci="0" mb="0" cb="0"/><line nr="186" mi="8" ci="0" mb="0" cb="0"/><line nr="188" mi="17" ci="0" mb="0" cb="0"/><line nr="192" mi="21" ci="0" mb="2" cb="0"/><line nr="195" mi="13" ci="0" mb="0" cb="0"/><line nr="196" mi="8" ci="0" mb="0" cb="0"/><line nr="199" mi="12" ci="0" mb="0" cb="0"/><line nr="200" mi="8" ci="0" mb="0" cb="0"/><line nr="203" mi="17" ci="0" mb="0" cb="0"/><counter type="INSTRUCTION" missed="1425" covered="0"/><counter type="BRANCH" missed="18" covered="0"/><counter type="LINE" missed="69" covered="0"/><counter type="COMPLEXITY" missed="37" covered="0"/><counter type="METHOD" missed="28" covered="0"/><counter type="CLASS" missed="1" covered="0"/></sourcefile><sourcefile name="SeleniumBuilderManager.java"><line nr="41" mi="9" ci="0" mb="0" cb="0"/><line nr="46" mi="12" ci="0" mb="0" cb="0"/><line nr="69" mi="35" ci="0" mb="2" cb="0"/><line nr="71" mi="11" ci="0" mb="0" cb="0"/><line nr="72" mi="13" ci="0" mb="0" cb="0"/><line nr="73" mi="20" ci="0" mb="2" cb="0"/><line nr="75" mi="12" ci="0" mb="0" cb="0"/><line nr="76" mi="9" ci="0" mb="0" cb="0"/><line nr="77" mi="33" ci="0" mb="2" cb="0"/><line nr="78" mi="11" ci="0" mb="0" cb="0"/><line nr="79" mi="11" ci="0" mb="0" cb="0"/><line nr="80" mi="11" ci="0" mb="0" cb="0"/><line nr="81" mi="11" ci="0" mb="0" cb="0"/><line nr="82" mi="65" ci="0" mb="4" cb="0"/><line nr="84" mi="18" ci="0" mb="0" cb="0"/><line nr="86" mi="22" ci="0" mb="0" cb="0"/><line nr="87" mi="13" ci="0" mb="0" cb="0"/><line nr="88" mi="13" ci="0" mb="0" cb="0"/><line nr="89" mi="19" ci="0" mb="0" cb="0"/><line nr="91" mi="17" ci="0" mb="0" cb="0"/><line nr="92" mi="10" ci="0" mb="0" cb="0"/><line nr="93" mi="12" ci="0" mb="0" cb="0"/><line nr="95" mi="37" ci="0" mb="0" cb="0"/><line nr="97" mi="48" ci="0" mb="0" cb="0"/><line nr="98" mi="32" ci="
[...]
13" mi="0" ci="12" mb="0" cb="0"/><line nr="16" mi="0" ci="9" mb="0" cb="0"/><line nr="17" mi="0" ci="10" mb="0" cb="0"/><line nr="18" mi="0" ci="8" mb="0" cb="0"/><line nr="21" mi="0" ci="10" mb="0" cb="0"/><line nr="25" mi="10" ci="0" mb="0" cb="0"/><line nr="29" mi="0" ci="10" mb="0" cb="0"/><line nr="30" mi="0" ci="8" mb="0" cb="0"/><line nr="33" mi="0" ci="10" mb="0" cb="0"/><line nr="37" mi="0" ci="10" mb="0" cb="0"/><line nr="38" mi="0" ci="8" mb="0" cb="0"/><line nr="41" mi="10" ci="0" mb="0" cb="0"/><line nr="45" mi="0" ci="10" mb="0" cb="0"/><line nr="46" mi="0" ci="8" mb="0" cb="0"/><line nr="50" mi="0" ci="10" mb="0" cb="0"/><counter type="INSTRUCTION" missed="142" covered="158"/><counter type="BRANCH" missed="1" covered="1"/><counter type="LINE" missed="2" covered="14"/><counter type="COMPLEXITY" missed="6" covered="9"/><counter type="METHOD" missed="5" covered="9"/><counter type="CLASS" missed="0" covered="1"/></sourcefile><sourcefile name="SauceConnectFourManager.java"><line nr="25" mi="23" ci="27" mb="0" cb="0"/><line nr="27" mi="0" ci="16" mb="0" cb="0"/><line nr="28" mi="0" ci="26" mb="0" cb="0"/><line nr="29" mi="0" ci="16" mb="0" cb="0"/><line nr="30" mi="0" ci="16" mb="0" cb="0"/><line nr="36" mi="0" ci="11" mb="0" cb="0"/><line nr="37" mi="0" ci="10" mb="0" cb="0"/><line nr="38" mi="0" ci="10" mb="0" cb="0"/><line nr="39" mi="0" ci="10" mb="0" cb="0"/><line nr="40" mi="0" ci="10" mb="0" cb="0"/><line nr="41" mi="0" ci="8" mb="0" cb="0"/><line nr="44" mi="0" ci="15" mb="0" cb="0"/><line nr="45" mi="0" ci="8" mb="0" cb="0"/><line nr="48" mi="0" ci="11" mb="0" cb="0"/><line nr="49" mi="9" ci="12" mb="1" cb="1"/><line nr="50" mi="9" ci="0" mb="0" cb="0"/><line nr="51" mi="9" ci="21" mb="1" cb="1"/><line nr="52" mi="9" ci="0" mb="0" cb="0"/><line nr="53" mi="0" ci="30" mb="1" cb="1"/><line nr="55" mi="0" ci="20" mb="1" cb="1"/><line nr="56" mi="0" ci="9" mb="0" cb="0"/><line nr="58" mi="18" ci="0" mb="0" cb="0"/><line nr="61" mi="18" ci="0" mb="0" cb="0"/><line nr="70" mi="0" ci="9" mb="0" cb="0"/><line nr="72" mi="0" ci="9" mb="0" cb="0"/><line nr="73" mi="0" ci="11" mb="0" cb="0"/><line nr="74" mi="0" ci="10" mb="0" cb="0"/><line nr="75" mi="0" ci="16" mb="0" cb="0"/><line nr="76" mi="0" ci="11" mb="0" cb="0"/><line nr="78" mi="0" ci="23" mb="0" cb="2"/><line nr="79" mi="0" ci="12" mb="0" cb="0"/><line nr="81" mi="0" ci="21" mb="0" cb="0"/><line nr="82" mi="8" ci="0" mb="0" cb="0"/><line nr="83" mi="9" ci="0" mb="0" cb="0"/><line nr="84" mi="8" ci="0" mb="0" cb="0"/><line nr="85" mi="9" ci="0" mb="0" cb="0"/><line nr="87" mi="50" ci="20" mb="7" cb="1"/><line nr="89" mi="27" ci="9" mb="0" cb="0"/><line nr="90" mi="32" ci="0" mb="0" cb="0"/><line nr="92" mi="49" ci="26" mb="0" cb="0"/><line nr="95" mi="9" ci="0" mb="0" cb="0"/><line nr="99" mi="11" ci="24" mb="1" cb="1"/><line nr="103" mi="11" ci="24" mb="1" cb="1"/><line nr="107" mi="10" ci="25" mb="1" cb="1"/><line nr="111" mi="0" ci="10" mb="0" cb="0"/><line nr="115" mi="0" ci="10" mb="0" cb="0"/><line nr="119" mi="0" ci="10" mb="0" cb="0"/><line nr="124" mi="10" ci="0" mb="0" cb="0"/><line nr="131" mi="0" ci="11" mb="0" cb="0"/><line nr="155" mi="0" ci="10" mb="0" cb="0"/><line nr="156" mi="0" ci="8" mb="0" cb="0"/><line nr="164" mi="0" ci="10" mb="0" cb="0"/><line nr="165" mi="0" ci="8" mb="0" cb="0"/><line nr="185" mi="0" ci="35" mb="2" cb="2"/><line nr="186" mi="0" ci="18" mb="0" cb="0"/><line nr="187" mi="23" ci="11" mb="3" cb="1"/><line nr="188" mi="10" ci="0" mb="0" cb="0"/><line nr="190" mi="0" ci="29" mb="1" cb="1"/><line nr="191" mi="0" ci="13" mb="0" cb="0"/><line nr="193" mi="9" ci="21" mb="1" cb="1"/><line nr="194" mi="22" ci="0" mb="0" cb="0"/><line nr="196" mi="0" ci="18" mb="0" cb="0"/><line nr="197" mi="9" ci="11" mb="1" cb="1"/><line nr="199" mi="9" ci="0" mb="0" cb="0"/><line nr="202" mi="0" ci="21" mb="0" cb="0"/><line nr="203" mi="0" ci="14" mb="0" cb="0"/><line nr="204" mi="9" ci="12" mb="1" cb="1"/><line nr="205" mi="13" ci="0" mb="0" cb="0"/><line nr="207" mi="0" ci="27" mb="0" cb="0"/><line nr="210" mi="0" ci="15" mb="0" cb="0"/><line nr="211" mi="0" ci="8" mb="0" cb="0"/><line nr="212" mi="21" ci="0" mb="0" cb="0"/><line nr="213" mi="21" ci="0" mb="2" cb="0"/><line nr="214" mi="19" ci="0" mb="0" cb="0"/><line nr="216" mi="19" ci="0" mb="0" cb="0"/><line nr="217" mi="15" ci="0" mb="0" cb="0"/><line nr="220" mi="0" ci="15" mb="0" cb="0"/><line nr="222" mi="0" ci="24" mb="0" cb="0"/><line nr="223" mi="0" ci="12" mb="0" cb="0"/><line nr="224" mi="8" ci="0" mb="0" cb="0"/><line nr="225" mi="12" ci="0" mb="0" cb="0"/><line nr="239" mi="0" ci="12" mb="0" cb="0"/><line nr="240" mi="0" ci="12" mb="0" cb="0"/><line nr="241" mi="0" ci="12" mb="0" cb="0"/><line nr="242" mi="0" ci="12" mb="0" cb="0"/><line nr="243" mi="0" ci="12" mb="0" cb="0"/><line nr="244" mi="0" ci="13" mb="0" cb="0"/><line nr="245" mi="9" ci="12" mb="1" cb="1"/><line nr="246" mi="12" ci="0" mb="0" cb="0"/><line nr="248" mi="0" ci="18" mb="0" cb="0"/><line nr="259" mi="0" ci="13" mb="0" cb="0"/><line nr="260" mi="0" ci="37" mb="0" cb="4"/><line nr="261" mi="0" ci="21" mb="0" cb="0"/><line nr="262" mi="0" ci="46" mb="1" cb="3"/><line nr="263" mi="0" ci="21" mb="0" cb="0"/><line nr="265" mi="29" ci="0" mb="0" cb="0"/><line nr="267" mi="0" ci="12" mb="0" cb="0"/><line nr="271" mi="0" ci="14" mb="0" cb="0"/><line nr="280" mi="0" ci="18" mb="0" cb="0"/><line nr="281" mi="9" ci="12" mb="1" cb="1"/><line nr="282" mi="21" ci="0" mb="2" cb="0"/><line nr="283" mi="12" ci="0" mb="0" cb="0"/><line nr="287" mi="0" ci="20" mb="0" cb="0"/><line nr="288" mi="0" ci="14" mb="0" cb="0"/><line nr="289" mi="0" ci="10" mb="0" cb="0"/><line nr="290" mi="0" ci="10" mb="0" cb="0"/><line nr="291" mi="0" ci="9" mb="0" cb="0"/><line nr="293" mi="0" ci="8" mb="0" cb="0"/><line nr="300" mi="0" ci="11" mb="0" cb="0"/><line nr="301" mi="0" ci="14" mb="0" cb="0"/><line nr="302" mi="0" ci="10" mb="0" cb="0"/><line nr="303" mi="0" ci="10" mb="0" cb="0"/><line nr="304" mi="0" ci="9" mb="0" cb="0"/><line nr="305" mi="0" ci="8" mb="0" cb="0"/><line nr="314" mi="0" ci="9" mb="0" cb="0"/><line nr="315" mi="0" ci="9" mb="0" cb="0"/><line nr="320" mi="0" ci="13" mb="0" cb="0"/><line nr="322" mi="0" ci="13" mb="0" cb="0"/><line nr="324" mi="9" ci="12" mb="1" cb="1"/><line nr="325" mi="21" ci="0" mb="2" cb="0"/><line nr="326" mi="12" ci="0" mb="0" cb="0"/><line nr="329" mi="0" ci="21" mb="0" cb="0"/><line nr="330" mi="0" ci="11" mb="0" cb="0"/><line nr="331" mi="0" ci="9" mb="0" cb="0"/><line nr="332" mi="8" ci="0" mb="0" cb="0"/><line nr="333" mi="9" ci="0" mb="0" cb="0"/><line nr="335" mi="10" ci="20" mb="3" cb="1"/><line nr="337" mi="9" ci="9" mb="0" cb="0"/><line nr="338" mi="16" ci="0" mb="0" cb="0"/><line nr="339" mi="18" ci="0" mb="0" cb="0"/><line nr="340" mi="8" ci="8" mb="0" cb="0"/><line nr="342" mi="29" ci="29" mb="3" cb="1"/><line nr="344" mi="9" ci="9" mb="0" cb="0"/><line nr="345" mi="16" ci="0" mb="0" cb="0"/><line nr="346" mi="18" ci="0" mb="0" cb="0"/><line nr="347" mi="25" ci="8" mb="0" cb="0"/><line nr="350" mi="0" ci="18" mb="0" cb="0"/><line nr="357" mi="0" ci="9" mb="0" cb="0"/><line nr="362" mi="0" ci="9" mb="0" cb="0"/><line nr="377" mi="10" ci="0" mb="0" cb="0"/><line nr="378" mi="20" ci="0" mb="2" cb="0"/><line nr="380" mi="12" ci="0" mb="0" cb="0"/><line nr="381" mi="21" ci="0" mb="2" cb="0"/><line nr="382" mi="9" ci="0" mb="0" cb="0"/><line nr="384" mi="18" ci="0" mb="0" cb="0"/><line nr="389" mi="18" ci="0" mb="0" cb="0"/><line nr="390" mi="13" ci="0" mb="0" cb="0"/><line nr="393" mi="11" ci="0" mb="0" cb="0"/><line nr="394" mi="20" ci="0" mb="2" cb="0"/><line nr="395" mi="16" ci="0" mb="0" cb="0"/><line nr="397" mi="22" ci="0" mb="0" cb="0"/><line nr="398" mi="21" ci="0" mb="2" cb="0"/><line nr="400" mi="14" ci="0" mb="0" cb="0"/><line nr="401" mi="21" ci="0" mb="2" cb="0"/><line nr="402" mi="9" ci="0" mb="0" cb="0"/><line nr="405" mi="18" ci="0" mb="0" cb="0"/><counter type="INSTRUCTION" missed="2413" covered="1632"/><counter type="BRANCH" missed="49" covered="33"/><counter type="LINE" missed="51" covered="105"/><counter type="COMPLEXITY" missed="45" covered="31"/><counter type="METHOD" missed="10" covered="25"/><counter type="CLASS" missed="0" covered="2"/></sourcefile><sourcefile name="AbstractSauceTunnelManager.java"><line nr="30" mi="0" ci="12" mb="0" cb="0"/><line nr="40" mi="0" ci="12" mb="0" cb="0"/><line nr="42" mi="0" ci="12" mb="0" cb="0"/><line nr="46" mi="0" ci="13" mb="0" cb="0"/><line nr="53" mi="0" ci="9" mb="0" cb="0"/><line nr="54" mi="0" ci="10" mb="0" cb="0"/><line nr="55" mi="0" ci="8" mb="0" cb="0"/><line nr="58" mi="0" ci="10" mb="0" cb="0"/><line nr="59" mi="0" ci="8" mb="0" cb="0"/><line nr="69" mi="11" ci="0" mb="0" cb="0"/><line nr="70" mi="11" ci="0" mb="0" cb="0"/><line nr="71" mi="20" ci="0" mb="2" cb="0"/><line nr="72" mi="8" ci="0" mb="0" cb="0"/><line nr="75" mi="19" ci="0" mb="0" cb="0"/><line nr="76" mi="12" ci="0" mb="0" cb="0"/><line nr="77" mi="21" ci="0" mb="2" cb="0"/><line nr="79" mi="10" ci="0" mb="0" cb="0"/><line nr="80" mi="11" ci="0" mb="0" cb="0"/><line nr="81" mi="10" ci="0" mb="0" cb="0"/><line nr="82" mi="34" ci="0" mb="4" cb="0"/><line nr="84" mi="11" ci="0" mb="0" cb="0"/><line nr="86" mi="21" ci="0" mb="0" cb="0"/><line nr="87" mi="13" ci="0" mb="0" cb="0"/><line nr="88" mi="20" ci="0" mb="2" cb="0"/><line nr="89" mi="11" ci="0" mb="0" cb="0"/><line nr="91" mi="27" ci="0" mb="0" cb="0"/><line nr="92" mi="8" ci="0" mb="0" cb="0"/><line nr="93" mi="20" ci="0" mb="0" cb="0"/><line nr="97" mi="23" ci="0" mb="0" cb="0"/><line nr="98" mi="8" ci="0" mb="0" cb="0"/><line nr="99" mi="8" ci="0" mb="0" cb="0"/><line nr="102" mi="0" ci="11" mb="0" cb="0"/><line nr="103" mi="0" ci="31" mb="0" cb="0"/><line nr="106" mi="0" ci="15" mb="0" cb="0"/><line nr="107" mi="8" ci="0" mb="0" cb="0"/><line nr="109" mi="0" ci="8" mb="0" cb="0"/><line nr="110" mi="0" ci="8" mb="0" cb="0"/><line nr="111" mi="0" ci="8" mb="0" cb="0"/><line nr="112" mi="0" ci="11" mb="0" cb="0"/><line nr="113" mi="0" ci="31" mb="0" cb="0"/><line nr="116" mi="0" ci="15" mb="0" cb="0"/><line nr="117" mi="8" ci="0" mb="0" cb="0"/><line nr="119" mi="0" ci="8" mb="0" cb="0"/><line nr="120" mi="0" ci="8" mb="0" cb="0"/><line nr="121" mi="0" ci="8" mb="0" cb="0"/><line nr="122" mi="0" ci="11" mb="0" cb="0"/><line nr="123" mi="0" ci="9" mb="0" cb="0"/><line nr="124" mi="0" ci="8" mb="0" cb="0"/><line nr="134" mi="14" ci="0" mb="0" cb="0"/><line nr="135" mi="10" ci="0" mb="0" cb="0"/><line nr="136" mi="22" ci="0" mb="0" cb="0"/><line nr="137" mi="9" ci="0" mb="0" cb="0"/><line nr="147" mi="0" ci="20" mb="1" cb="1"/><line nr="148" mi="0" ci="10" mb="0" cb="0"/><line nr="150" mi="0" ci="20" mb="0" cb="0"/><line nr="151" mi="0" ci="8" mb="0" cb="0"/><line nr="159" mi="0" ci="35" mb="1" cb="3"/><line nr="160" mi="0" ci="18" mb="0" cb="0"/><line nr="163" mi="0" ci="18" mb="0" cb="0"/><line nr="164" mi="0" ci="11" mb="0" cb="0"/><line nr="165" mi="0" ci="42" mb="0" cb="2"/><line nr="166" mi="0" ci="11" mb="0" cb="0"/><line nr="167" mi="0" ci="37" mb="0" cb="4"/><line nr="169" mi="0" ci="22" mb="0" cb="0"/><line nr="172" mi="0" ci="31" mb="0" cb="2"/><line nr="174" mi="0" ci="18" mb="0" cb="0"/><line nr="182" mi="9" ci="26" mb="2" cb="2"/><line nr="183" mi="18" ci="0" mb="0" cb="0"/><line nr="185" mi="0" ci="18" mb="0" cb="0"/><line nr="186" mi="0" ci="11" mb="0" cb="0"/><line nr="187" mi="0" ci="42" mb="0" cb="2"/><line nr="188" mi="0" ci="11" mb="0" cb="0"/><line nr="189" mi="0" ci="37" mb="0" cb="4"/><line nr="191" mi="0" ci="22" mb="0" cb="0"/><line nr="194" mi="0" ci="31" mb="0" cb="2"/><line nr="196" mi="0" ci="18" mb="0" cb="0"/><line nr="208" mi="0" ci="11" mb="0" cb="0"/><line nr="209" mi="0" ci="9" mb="0" cb="0"/><line nr="210" mi="0" ci="41" mb="0" cb="2"/><line nr="211" mi="0" ci="15" mb="0" cb="0"/><line nr="212" mi="0" ci="12" mb="0" cb="0"/><line nr="213" mi="0" ci="9" mb="0" cb="0"/><line nr="215" mi="0" ci="18" mb="0" cb="0"/><line nr="225" mi="0" ci="13" mb="0" cb="0"/><line nr="226" mi="0" ci="11" mb="0" cb="0"/><line nr="227" mi="0" ci="22" mb="0" cb="0"/><line nr="229" mi="0" ci="8" mb="0" cb="0"/><line nr="251" mi="12" ci="0" mb="0" cb="0"/><line nr="252" mi="11" ci="0" mb="0" cb="0"/><line nr="253" mi="10" ci="0" mb="0" cb="0"/><line nr="273" mi="9" ci="12" mb="1" cb="1"/><line nr="274" mi="14" ci="0" mb="0" cb="0"/><line nr="276" mi="0" ci="20" mb="0" cb="0"/><line nr="277" mi="0" ci="11" mb="0" cb="0"/><line nr="280" mi="0" ci="10" mb="0" cb="0"/><line nr="281" mi="9" ci="11" mb="1" cb="1"/><line nr="282" mi="9" ci="0" mb="0" cb="0"/><line nr="284" mi="0" ci="29" mb="1" cb="1"/><line nr="285" mi="10" ci="25" mb="1" cb="1"/><line nr="289" mi="0" ci="21" mb="0" cb="0"/><line nr="290" mi="0" ci="22" mb="1" cb="1"/><line nr="293" mi="9" ci="11" mb="1" cb="1"/><line nr="298" mi="19" ci="0" mb="0" cb="0"/><line nr="305" mi="29" ci="0" mb="2" cb="0"/><line nr="306" mi="18" ci="0" mb="0" cb="0"/><line nr="307" mi="11" ci="0" mb="0" cb="0"/><line nr="310" mi="12" ci="0" mb="0" cb="0"/><line nr="313" mi="27" ci="0" mb="0" cb="0"/><line nr="314" mi="11" ci="0" mb="0" cb="0"/><line nr="315" mi="10" ci="0" mb="0" cb="0"/><line nr="318" mi="0" ci="26" mb="0" cb="0"/><line nr="319" mi="0" ci="13" mb="0" cb="0"/><line nr="321" mi="0" ci="12" mb="0" cb="0"/><line nr="322" mi="0" ci="9" mb="0" cb="0"/><line nr="323" mi="0" ci="16" mb="0" cb="0"/><line nr="324" mi="0" ci="9" mb="0" cb="0"/><line nr="325" mi="0" ci="17" mb="0" cb="0"/><line nr="326" mi="0" ci="9" mb="0" cb="0"/><line nr="328" mi="0" ci="12" mb="0" cb="0"/><line nr="329" mi="0" ci="20" mb="1" cb="1"/><line nr="330" mi="0" ci="21" mb="0" cb="2"/><line nr="331" mi="0" ci="9" mb="0" cb="0"/><line nr="332" mi="0" ci="11" mb="0" cb="0"/><line nr="334" mi="0" ci="11" mb="0" cb="0"/><line nr="335" mi="0" ci="12" mb="0" cb="0"/><line nr="336" mi="9" ci="21" mb="1" cb="1"/><line nr="337" mi="11" ci="0" mb="0" cb="0"/><line nr="339" mi="28" ci="0" mb="2" cb="0"/><line nr="340" mi="9" ci="0" mb="0" cb="0"/><line nr="341" mi="8" ci="0" mb="0" cb="0"/><line nr="344" mi="32" ci="0" mb="2" cb="0"/><line nr="346" mi="9" ci="0" mb="0" cb="0"/><line nr="348" mi="11" ci="0" mb="0" cb="0"/><line nr="351" mi="18" ci="0" mb="0" cb="0"/><line nr="354" mi="21" ci="0" mb="0" cb="0"/><line nr="359" mi="0" ci="30" mb="1" cb="1"/><line nr="360" mi="0" ci="11" mb="0" cb="0"/><line nr="362" mi="0" ci="33" mb="0" cb="0"/><line nr="365" mi="20" ci="0" mb="0" cb="0"/><line nr="366" mi="41" ci="0" mb="2" cb="0"/><line nr="367" mi="11" ci="0" mb="0" cb="0"/><line nr="369" mi="11" ci="0" mb="0" cb="0"/><line nr="370" mi="12" ci="0" mb="0" cb="0"/><line nr="372" mi="8" ci="0" mb="0" cb="0"/><line nr="374" mi="12" ci="0" mb="0" cb="0"/><line nr="375" mi="0" ci="8" mb="0" cb="0"/><line nr="377" mi="0" ci="11" mb="0" cb="0"/><line nr="378" mi="0" ci="10" mb="0" cb="0"/><line nr="379" mi="0" ci="9" mb="0" cb="0"/><line nr="380" mi="0" ci="20" mb="1" cb="1"/><line nr="381" mi="0" ci="11" mb="0" cb="0"/><line nr="382" mi="0" ci="13" mb="0" cb="0"/><line nr="384" mi="0" ci="20" mb="0" cb="0"/><line nr="385" mi="0" ci="9" mb="0" cb="0"/><line nr="386" mi="0" ci="17" mb="0" cb="0"/><line nr="387" mi="0" ci="9" mb="0" cb="0"/><line nr="388" mi="8" ci="0" mb="0" cb="0"/><line nr="390" mi="12" ci="0" mb="0" cb="0"/><line nr="391" mi="12" ci="0" mb="0" cb="0"/><line nr="394" mi="20" ci="21" mb="0" cb="0"/><line nr="395" mi="26" ci="26" mb="0" cb="0"/><line nr="406" mi="9" ci="11" mb="1" cb="1"/><line nr="408" mi="9" ci="0" mb="0" cb="0"/><line nr="410" mi="0" ci="22" mb="0" cb="0"/><line nr="411" mi="0" ci="20" mb="1" cb="1"/><line nr="412" mi="0" ci="12" mb="0" cb="0"/><line nr="413" mi="0" ci="13" mb="0" cb="0"/><line nr="415" mi="0" ci="18" mb="0" cb="0"/><line nr="426" mi="9" ci="12" mb="1" cb="1"/><line nr="428" mi="9" ci="0" mb="0" cb="0"/><line nr="431" mi="0" ci="23" mb="0" cb="0"/><line nr="432" mi="0" ci="21" mb="0" cb="2"/><line nr="434" mi="0" ci="9" mb="0" cb="0"/><line nr="437" mi="0" ci="51" mb="0" cb="2"/><line nr="438" mi="0" ci="11" mb="0" cb="0"/><line nr="439" mi="0" ci="15" mb="0" cb="0"/><line nr="440" mi="0" ci="11" mb="0" cb="0"/><line nr="441" mi="0" ci="11" mb="0" cb="0"/><line nr="442" mi="0" ci="24" mb="1" cb="1"/><line nr="443" mi="24" ci="22" mb="3" cb="1"/><line nr="444" mi="9" ci="26" mb="2" cb="2"/><line nr="446" mi="18" ci="0" mb="0" cb="0"/><line nr="450" mi="8" ci="0" mb="0" cb="0"/><line nr="452" mi="12" ci="0" mb="0" cb="0"/><line nr="453" mi="0" ci="17" mb="0" cb="0"/><line nr="454" mi="0" ci="9" mb="0" cb="0"/><line nr="471" mi="12" ci="0" mb="0" cb="0"/><line nr="472" mi="12" ci="0" mb="0" cb="0"/><line nr="473" mi="12" ci="0" mb="0" cb="0"/><line nr="474" mi="13" ci="0" mb="0" cb="0"/><line nr="475" mi="21" ci="0" mb="2" cb="0"/><line nr="476" mi="12" ci="0" mb="0" cb="0"/><line nr="478" mi="18" ci="0" mb="0" cb="0"/><line nr="485" mi="0" ci="10" mb="0" cb="0"/><line nr="497" mi="0" ci="10" mb="0" cb="0"/><line nr="498" mi="0" ci="10" mb="0" cb="0"/><line nr="499" mi="0" ci="10" mb="0" cb="0"/><line nr="500" mi="0" ci="10" mb="0" cb="0"/><line nr="501" mi="0" ci="8" mb="0" cb="0"/><line nr="508" mi="0" ci="13" mb="0" cb="0"/><line nr="509" mi="0" ci="12" mb="0" cb="0"/><line nr="511" mi="0" ci="23" mb="0" cb="2"/><line nr="512" mi="0" ci="11" mb="0" cb="0"/><line nr="514" mi="8" ci="0" mb="0" cb="0"/><line nr="516" mi="23" ci="0" mb="2" cb="0"/><line nr="517" mi="9" ci="0" mb="0" cb="0"/><line nr="519" mi="0" ci="17" mb="0" cb="0"/><line nr="520" mi="0" ci="17" mb="0" cb="0"/><line nr="528" mi="9" ci="13" mb="1" cb="1"/><line nr="529" mi="21" ci="0" mb="2" cb="0"/><line nr="530" mi="11" ci="0" mb="0" cb="0"/><line nr="532" mi="19" ci="0" mb="0" cb="0"/><line nr="533" mi="10" ci="0" mb="0" cb="0"/><line nr="535" mi="0" ci="17" mb="0" cb="0"/><line nr="549" mi="0" ci="10" mb="0" cb="0"/><line nr="550" mi="0" ci="13" mb="0" cb="0"/><line nr="551" mi="0" ci="10" mb="0" cb="0"/><line nr="552" mi="0" ci="8" mb="0" cb="0"/><line nr="564" mi="0" ci="10" mb="0" cb="0"/><line nr="566" mi="9" ci="13" mb="1" cb="1"/><line nr="568" mi="10" ci="0" mb="0" cb="0"/><line nr="572" mi="0" ci="31" mb="0" cb="2"/><line nr="573" mi="0" ci="12" mb="0" cb="0"/><line nr="575" mi="0" ci="31" mb="0" cb="2"/><line nr="576" mi="0" ci="10" mb="0" cb="0"/><line nr="578" mi="9" ci="52" mb="1" cb="5"/><line nr="580" mi="0" ci="19" mb="0" cb="0"/><line nr="582" mi="0" ci="17" mb="0" cb="0"/><line nr="585" mi="0" ci="10" mb="0" cb="0"/><line nr="589" mi="0" ci="10" mb="0" cb="0"/><line nr="593" mi="0" ci="10" mb="0" cb="0"/><line nr="607" mi="0" ci="10" mb="0" cb="0"/><line nr="608" mi="0" ci="13" mb="0" cb="0"/><line nr="609" mi="0" ci="8" mb="0" cb="0"/><line nr="618" mi="0" ci="10" mb="0" cb="0"/><line nr="619" mi="0" ci="8" mb="0" cb="0"/><line nr="622" mi="10" ci="0" mb="0" cb="0"/><line nr="623" mi="8" ci="0" mb="0" cb="0"/><line nr="631" mi="0" ci="10" mb="0" cb="0"/><line nr="632" mi="0" ci="8" mb="0" cb="0"/><counter type="INSTRUCTION" missed="3332" covered="2637"/><counter type="BRANCH" missed="57" covered="69"/><counter type="LINE" missed="83" covered="157"/><counter type="COMPLEXITY" missed="73" covered="62"/><counter type="METHOD" missed="29" covered="43"/><counter type="CLASS" missed="0" covered="8"/></sourcefile><counter type="INSTRUCTION" missed="5887" covered="4427"/><counter type="BRANCH" missed="107" covered="103"/><counter type="LINE" missed="136" covered="276"/><counter type="COMPLEXITY" missed="124" covered="102"/><counter type="METHOD" missed="44" covered="77"/><counter type="CLASS" missed="0" covered="11"/></package><counter type="INSTRUCTION" missed="16654" covered="7786"/><counter type="BRANCH" missed="354" covered="172"/><counter type="LINE" missed="460" covered="498"/><counter type="COMPLEXITY" missed="374" covered="201"/><counter type="METHOD" missed="163" covered="149"/><counter type="CLASS" missed="6" covered="16"/></report>