<?xml version="1.0"?>
<!DOCTYPE coverage SYSTEM "http://cobertura.sourceforge.net/xml/coverage-04.dtd">

<coverage line-rate="0.522279792746114" branch-rate="0.31837606837606836" lines-covered="504" lines-valid="965" branches-covered="149" branches-valid="468" complexity="2.4646464646464645" version="2.1.1" timestamp="1472438309474">
	<sources>
		<source>/home/halkeye/git/sauce/ci-sauce/src/main/java</source>
		<source>/home/halkeye/git/sauce/ci-sauce/target/generated-sources/annotations</source>
		<source>--source</source>
	</sources>
	<packages>
		<package name="com.saucelabs.ci" line-rate="0.40693430656934304" branch-rate="0.20689655172413793" complexity="2.207692307692308">
			<classes>
				<class name="com.saucelabs.ci.Browser" filename="com/saucelabs/ci/Browser.java" line-rate="0.4722222222222222" branch-rate="0.09375" complexity="2.4761904761904763">
					<methods>
						<method name="&lt;init&gt;" signature="(Ljava/lang/String;Ljava/lang/String;Ljava/lang/String;Ljava/lang/String;Ljava/lang/String;Ljava/lang/String;Ljava/lang/String;)V" line-rate="1.0" branch-rate="1.0" complexity="0">
							<lines>
								<line number="27" hits="41596" branch="false"/>
								<line number="28" hits="41596" branch="false"/>
								<line number="29" hits="41596" branch="false"/>
								<line number="30" hits="41596" branch="false"/>
								<line number="31" hits="41596" branch="false"/>
								<line number="32" hits="41596" branch="false"/>
								<line number="33" hits="41596" branch="false"/>
								<line number="34" hits="41596" branch="false"/>
								<line number="35" hits="41596" branch="false"/>
							</lines>
						</method>
						<method name="compareTo" signature="(Lcom/saucelabs/ci/Browser;)I" line-rate="1.0" branch-rate="1.0" complexity="0">
							<lines>
								<line number="113" hits="67780" branch="false"/>
							</lines>
						</method>
						<method name="compareTo" signature="(Ljava/lang/Object;)I" line-rate="1.0" branch-rate="1.0" complexity="0">
							<lines>
								<line number="14" hits="67780" branch="false"/>
							</lines>
						</method>
						<method name="equals" signature="(Ljava/lang/Object;)Z" line-rate="0.0" branch-rate="0.0" complexity="0">
							<lines>
								<line number="77" hits="0" branch="true" condition-coverage="0% (0/2)">
									<conditions>
										<condition number="0" type="jump" coverage="0%"/>
									</conditions>
								</line>
								<line number="78" hits="0" branch="false"/>
								<line number="80" hits="0" branch="false"/>
								<line number="81" hits="0" branch="true" condition-coverage="0% (0/10)">
									<conditions>
										<condition number="0" type="jump" coverage="0%"/>
										<condition number="1" type="jump" coverage="0%"/>
										<condition number="2" type="jump" coverage="0%"/>
										<condition number="3" type="jump" coverage="0%"/>
										<condition number="4" type="jump" coverage="0%"/>
									</conditions>
								</line>
								<line number="82" hits="0" branch="true" condition-coverage="0% (0/6)">
									<conditions>
										<condition number="0" type="jump" coverage="0%"/>
										<condition number="1" type="jump" coverage="0%"/>
										<condition number="2" type="jump" coverage="0%"/>
									</conditions>
								</line>
								<line number="83" hits="0" branch="true" condition-coverage="0% (0/6)">
									<conditions>
										<condition number="0" type="jump" coverage="0%"/>
										<condition number="1" type="jump" coverage="0%"/>
										<condition number="2" type="jump" coverage="0%"/>
									</conditions>
								</line>
								<line number="84" hits="0" branch="true" condition-coverage="0% (0/6)">
									<conditions>
										<condition number="0" type="jump" coverage="0%"/>
										<condition number="1" type="jump" coverage="0%"/>
										<condition number="2" type="jump" coverage="0%"/>
									</conditions>
								</line>
								<line number="85" hits="0" branch="true" condition-coverage="0% (0/6)">
									<conditions>
										<condition number="0" type="jump" coverage="0%"/>
										<condition number="1" type="jump" coverage="0%"/>
										<condition number="2" type="jump" coverage="0%"/>
									</conditions>
								</line>
								<line number="86" hits="0" branch="true" condition-coverage="0% (0/2)">
									<conditions>
										<condition number="0" type="jump" coverage="0%"/>
									</conditions>
								</line>
							</lines>
						</method>
						<method name="getBrowserName" signature="()Ljava/lang/String;" line-rate="1.0" branch-rate="1.0" complexity="0">
							<lines>
								<line number="42" hits="40" branch="false"/>
							</lines>
						</method>
						<method name="getDevice" signature="()Ljava/lang/String;" line-rate="1.0" branch-rate="1.0" complexity="0">
							<lines>
								<line number="147" hits="40" branch="false"/>
							</lines>
						</method>
						<method name="getDeviceOrientation" signature="()Ljava/lang/String;" line-rate="1.0" branch-rate="1.0" complexity="0">
							<lines>
								<line number="163" hits="40" branch="false"/>
							</lines>
						</method>
						<method name="getDeviceType" signature="()Ljava/lang/String;" line-rate="1.0" branch-rate="1.0" complexity="0">
							<lines>
								<line number="155" hits="40" branch="false"/>
							</lines>
						</method>
						<method name="getKey" signature="()Ljava/lang/String;" line-rate="1.0" branch-rate="1.0" complexity="0">
							<lines>
								<line number="38" hits="67912" branch="false"/>
							</lines>
						</method>
						<method name="getLongName" signature="()Ljava/lang/String;" line-rate="1.0" branch-rate="1.0" complexity="0">
							<lines>
								<line number="171" hits="40" branch="false"/>
							</lines>
						</method>
						<method name="getLongVersion" signature="()Ljava/lang/String;" line-rate="1.0" branch-rate="1.0" complexity="0">
							<lines>
								<line number="167" hits="40" branch="false"/>
							</lines>
						</method>
						<method name="getName" signature="()Ljava/lang/String;" line-rate="1.0" branch-rate="1.0" complexity="0">
							<lines>
								<line number="46" hits="40" branch="false"/>
							</lines>
						</method>
						<method name="getOs" signature="()Ljava/lang/String;" line-rate="1.0" branch-rate="1.0" complexity="0">
							<lines>
								<line number="50" hits="40" branch="false"/>
							</lines>
						</method>
						<method name="getPlatform" signature="()Lorg/openqa/selenium/Platform;" line-rate="0.7777777777777778" branch-rate="0.75" complexity="0">
							<lines>
								<line number="59" hits="12" branch="true" condition-coverage="100% (2/2)">
									<conditions>
										<condition number="0" type="jump" coverage="100%"/>
									</conditions>
								</line>
								<line number="61" hits="4" branch="false"/>
								<line number="62" hits="8" branch="true" condition-coverage="50% (1/2)">
									<conditions>
										<condition number="0" type="jump" coverage="50%"/>
									</conditions>
								</line>
								<line number="64" hits="0" branch="false"/>
								<line number="65" hits="8" branch="true" condition-coverage="50% (1/2)">
									<conditions>
										<condition number="0" type="jump" coverage="50%"/>
									</conditions>
								</line>
								<line number="67" hits="0" branch="false"/>
								<line number="68" hits="8" branch="true" condition-coverage="100% (2/2)">
									<conditions>
										<condition number="0" type="jump" coverage="100%"/>
									</conditions>
								</line>
								<line number="70" hits="4" branch="false"/>
								<line number="73" hits="4" branch="false"/>
							</lines>
						</method>
						<method name="getUri" signature="()Ljava/lang/String;" line-rate="0.0" branch-rate="1.0" complexity="0">
							<lines>
								<line number="125" hits="0" branch="false"/>
							</lines>
						</method>
						<method name="getUri" signature="(Ljava/lang/String;Ljava/lang/String;)Ljava/lang/String;" line-rate="0.0" branch-rate="0.0" complexity="0">
							<lines>
								<line number="129" hits="0" branch="false"/>
								<line number="130" hits="0" branch="false"/>
								<line number="131" hits="0" branch="false"/>
								<line number="132" hits="0" branch="false"/>
								<line number="133" hits="0" branch="true" condition-coverage="0% (0/2)">
									<conditions>
										<condition number="0" type="jump" coverage="0%"/>
									</conditions>
								</line>
								<line number="134" hits="0" branch="false"/>
								<line number="136" hits="0" branch="true" condition-coverage="0% (0/2)">
									<conditions>
										<condition number="0" type="jump" coverage="0%"/>
									</conditions>
								</line>
								<line number="137" hits="0" branch="false"/>
								<line number="139" hits="0" branch="false"/>
							</lines>
						</method>
						<method name="getVersion" signature="()Ljava/lang/String;" line-rate="1.0" branch-rate="1.0" complexity="0">
							<lines>
								<line number="54" hits="40" branch="false"/>
							</lines>
						</method>
						<method name="hashCode" signature="()I" line-rate="0.0" branch-rate="0.0" complexity="0">
							<lines>
								<line number="90" hits="0" branch="false"/>
								<line number="91" hits="0" branch="true" condition-coverage="0% (0/2)">
									<conditions>
										<condition number="0" type="jump" coverage="0%"/>
									</conditions>
								</line>
								<line number="92" hits="0" branch="false"/>
								<line number="94" hits="0" branch="true" condition-coverage="0% (0/2)">
									<conditions>
										<condition number="0" type="jump" coverage="0%"/>
									</conditions>
								</line>
								<line number="95" hits="0" branch="false"/>
								<line number="97" hits="0" branch="true" condition-coverage="0% (0/2)">
									<conditions>
										<condition number="0" type="jump" coverage="0%"/>
									</conditions>
								</line>
								<line number="98" hits="0" branch="false"/>
								<line number="100" hits="0" branch="true" condition-coverage="0% (0/2)">
									<conditions>
										<condition number="0" type="jump" coverage="0%"/>
									</conditions>
								</line>
								<line number="101" hits="0" branch="false"/>
								<line number="103" hits="0" branch="true" condition-coverage="0% (0/2)">
									<conditions>
										<condition number="0" type="jump" coverage="0%"/>
									</conditions>
								</line>
								<line number="104" hits="0" branch="false"/>
								<line number="106" hits="0" branch="true" condition-coverage="0% (0/2)">
									<conditions>
										<condition number="0" type="jump" coverage="0%"/>
									</conditions>
								</line>
								<line number="107" hits="0" branch="false"/>
								<line number="109" hits="0" branch="false"/>
							</lines>
						</method>
						<method name="setDevice" signature="(Ljava/lang/String;)V" line-rate="1.0" branch-rate="1.0" complexity="0">
							<lines>
								<line number="143" hits="10432" branch="false"/>
								<line number="144" hits="10432" branch="false"/>
							</lines>
						</method>
						<method name="setDeviceOrientation" signature="(Ljava/lang/String;)V" line-rate="1.0" branch-rate="1.0" complexity="0">
							<lines>
								<line number="159" hits="10432" branch="false"/>
								<line number="160" hits="10432" branch="false"/>
							</lines>
						</method>
						<method name="setDeviceType" signature="(Ljava/lang/String;)V" line-rate="1.0" branch-rate="1.0" complexity="0">
							<lines>
								<line number="151" hits="10432" branch="false"/>
								<line number="152" hits="10432" branch="false"/>
							</lines>
						</method>
						<method name="toString" signature="()Ljava/lang/String;" line-rate="0.0" branch-rate="0.0" complexity="0">
							<lines>
								<line number="117" hits="0" branch="true" condition-coverage="0% (0/2)">
									<conditions>
										<condition number="0" type="jump" coverage="0%"/>
									</conditions>
								</line>
								<line number="118" hits="0" branch="false"/>
								<line number="120" hits="0" branch="false"/>
							</lines>
						</method>
					</methods>
					<lines>
						<line number="14" hits="67780" branch="false"/>
						<line number="27" hits="41596" branch="false"/>
						<line number="28" hits="41596" branch="false"/>
						<line number="29" hits="41596" branch="false"/>
						<line number="30" hits="41596" branch="false"/>
						<line number="31" hits="41596" branch="false"/>
						<line number="32" hits="41596" branch="false"/>
						<line number="33" hits="41596" branch="false"/>
						<line number="34" hits="41596" branch="false"/>
						<line number="35" hits="41596" branch="false"/>
						<line number="38" hits="67912" branch="false"/>
						<line number="42" hits="40" branch="false"/>
						<line number="46" hits="40" branch="false"/>
						<line number="50" hits="40" branch="false"/>
						<line number="54" hits="40" branch="false"/>
						<line number="59" hits="12" branch="true" condition-coverage="100% (2/2)">
							<conditions>
								<condition number="0" type="jump" coverage="100%"/>
							</conditions>
						</line>
						<line number="61" hits="4" branch="false"/>
						<line number="62" hits="8" branch="true" condition-coverage="50% (1/2)">
							<conditions>
								<condition number="0" type="jump" coverage="50%"/>
							</conditions>
						</line>
						<line number="64" hits="0" branch="false"/>
						<line number="65" hits="8" branch="true" condition-coverage="50% (1/2)">
							<conditions>
								<condition number="0" type="jump" coverage="50%"/>
							</conditions>
						</line>
						<line number="67" hits="0" branch="false"/>
						<line number="68" hits="8" branch="true" condition-coverage="100% (2/2)">
							<conditions>
								<condition number="0" type="jump" coverage="100%"/>
							</conditions>
						</line>
						<line number="70" hits="4" branch="false"/>
						<line number="73" hits="4" branch="false"/>
						<line number="77" hits="0" branch="true" condition-coverage="0% (0/2)">
							<conditions>
								<condition number="0" type="jump" coverage="0%"/>
							</conditions>
						</line>
						<line number="78" hits="0" branch="false"/>
						<line number="80" hits="0" branch="false"/>
						<line number="81" hits="0" branch="true" condition-coverage="0% (0/10)">
							<conditions>
								<condition number="0" type="jump" coverage="0%"/>
								<condition number="1" type="jump" coverage="0%"/>
								<condition number="2" type="jump" coverage="0%"/>
								<condition number="3" type="jump" coverage="0%"/>
								<condition number="4" type="jump" coverage="0%"/>
							</conditions>
						</line>
						<line number="82" hits="0" branch="true" condition-coverage="0% (0/6)">
							<conditions>
								<condition number="0" type="jump" coverage="0%"/>
								<condition number="1" type="jump" coverage="0%"/>
								<condition number="2" type="jump" coverage="0%"/>
							</conditions>
						</line>
						<line number="83" hits="0" branch="true" condition-coverage="0% (0/6)">
							<conditions>
								<condition number="0" type="jump" coverage="0%"/>
								<condition number="1" type="jump" coverage="0%"/>
								<condition number="2" type="jump" coverage="0%"/>
							</conditions>
						</line>
						<line number="84" hits="0" branch="true" condition-coverage="0% (0/6)">
							<conditions>
								<condition number="0" type="jump" coverage="0%"/>
								<condition number="1" type="jump" coverage="0%"/>
								<condition number="2" type="jump" coverage="0%"/>
							</conditions>
						</line>
						<line number="85" hits="0" branch="true" condition-coverage="0% (0/6)">
							<conditions>
								<condition number="0" type="jump" coverage="0%"/>
								<condition number="1" type="jump" coverage="0%"/>
								<condition number="2" type="jump" coverage="0%"/>
							</conditions>
						</line>
						<line number="86" hits="0" branch="true" condition-coverage="0% (0/2)">
							<conditions>
								<condition number="0" type="jump" coverage="0%"/>
							</conditions>
						</line>
						<line number="90" hits="0" branch="false"/>
						<line number="91" hits="0" branch="true" condition-coverage="0% (0/2)">
							<conditions>
								<condition number="0" type="jump" coverage="0%"/>
							</conditions>
						</line>
						<line number="92" hits="0" branch="false"/>
						<line number="94" hits="0" branch="true" condition-coverage="0% (0/2)">
							<conditions>
								<condition number="0" type="jump" coverage="0%"/>
							</conditions>
						</line>
						<line number="95" hits="0" branch="false"/>
						<line number="97" hits="0" branch="true" condition-coverage="0% (0/2)">
							<conditions>
								<condition number="0" type="jump" coverage="0%"/>
							</conditions>
						</line>
						<line number="98" hits="0" branch="false"/>
						<line number="100" hits="0" branch="true" condition-coverage="0% (0/2)">
							<conditions>
								<condition number="0" type="jump" coverage="0%"/>
							</conditions>
						</line>
						<line number="101" hits="0" branch="false"/>
						<line number="103" hits="0" branch="true" condition-coverage="0% (0/2)">
							<conditions>
								<condition number="0" type="jump" coverage="0%"/>
							</conditions>
						</line>
						<line number="104" hits="0" branch="false"/>
						<line number="106" hits="0" branch="true" condition-coverage="0% (0/2)">
							<conditions>
								<condition number="0" type="jump" coverage="0%"/>
							</conditions>
						</line>
						<line number="107" hits="0" branch="false"/>
						<line number="109" hits="0" branch="false"/>
						<line number="113" hits="67780" branch="false"/>
						<line number="117" hits="0" branch="true" condition-coverage="0% (0/2)">
							<conditions>
								<condition number="0" type="jump" coverage="0%"/>
							</conditions>
						</line>
						<line number="118" hits="0" branch="false"/>
						<line number="120" hits="0" branch="false"/>
						<line number="125" hits="0" branch="false"/>
						<line number="129" hits="0" branch="false"/>
						<line number="130" hits="0" branch="false"/>
						<line number="131" hits="0" branch="false"/>
						<line number="132" hits="0" branch="false"/>
						<line number="133" hits="0" branch="true" condition-coverage="0% (0/2)">
							<conditions>
								<condition number="0" type="jump" coverage="0%"/>
							</conditions>
						</line>
						<line number="134" hits="0" branch="false"/>
						<line number="136" hits="0" branch="true" condition-coverage="0% (0/2)">
							<conditions>
								<condition number="0" type="jump" coverage="0%"/>
							</conditions>
						</line>
						<line number="137" hits="0" branch="false"/>
						<line number="139" hits="0" branch="false"/>
						<line number="143" hits="10432" branch="false"/>
						<line number="144" hits="10432" branch="false"/>
						<line number="147" hits="40" branch="false"/>
						<line number="151" hits="10432" branch="false"/>
						<line number="152" hits="10432" branch="false"/>
						<line number="155" hits="40" branch="false"/>
						<line number="159" hits="10432" branch="false"/>
						<line number="160" hits="10432" branch="false"/>
						<line number="163" hits="40" branch="false"/>
						<line number="167" hits="40" branch="false"/>
						<line number="171" hits="40" branch="false"/>
					</lines>
				</class>
				<class name="com.saucelabs.ci.BrowserFactory" filename="com/saucelabs/ci/BrowserFactory.java" line-rate="0.6573426573426573" branch-rate="0.44642857142857145" complexity="2.5714285714285716">
					<methods>
						<method name="&lt;clinit&gt;" signature="()V" line-rate="1.0" branch-rate="1.0" complexity="0">
							<lines>
								<line number="27" hits="4" branch="false"/>
							</lines>
						</method>
						<method name="&lt;init&gt;" signature="()V" line-rate="0.0" branch-rate="1.0" complexity="0">
							<lines>
								<line number="42" hits="0" branch="false"/>
								<line number="43" hits="0" branch="false"/>
							</lines>
						</method>
						<method name="&lt;init&gt;" signature="(Lcom/saucelabs/saucerest/SauceREST;)V" line-rate="0.6875" branch-rate="0.5" complexity="0">
							<lines>
								<line number="33" hits="24" branch="false"/>
								<line number="34" hits="24" branch="false"/>
								<line number="35" hits="24" branch="false"/>
								<line number="36" hits="24" branch="false"/>
								<line number="45" hits="24" branch="false"/>
								<line number="46" hits="24" branch="true" condition-coverage="50% (1/2)">
									<conditions>
										<condition number="0" type="jump" coverage="50%"/>
									</conditions>
								</line>
								<line number="47" hits="0" branch="false"/>
								<line number="49" hits="24" branch="false"/>
								<line number="52" hits="24" branch="false"/>
								<line number="53" hits="24" branch="false"/>
								<line number="54" hits="0" branch="false"/>
								<line number="56" hits="0" branch="false"/>
								<line number="57" hits="0" branch="false"/>
								<line number="58" hits="0" branch="false"/>
								<line number="59" hits="24" branch="false"/>
								<line number="60" hits="24" branch="false"/>
							</lines>
						</method>
						<method name="appiumBrowserForKey" signature="(Ljava/lang/String;)Lcom/saucelabs/ci/Browser;" line-rate="0.0" branch-rate="1.0" complexity="0">
							<lines>
								<line number="304" hits="0" branch="false"/>
							</lines>
						</method>
						<method name="createBrowserBrowser" signature="(Ljava/lang/String;Ljava/lang/String;Ljava/lang/String;Ljava/lang/String;Ljava/lang/String;)Lcom/saucelabs/ci/Browser;" line-rate="1.0" branch-rate="1.0" complexity="0">
							<lines>
								<line number="216" hits="31152" branch="false"/>
								<line number="218" hits="31152" branch="false"/>
								<line number="220" hits="31152" branch="false"/>
								<line number="221" hits="31152" branch="false"/>
								<line number="222" hits="31152" branch="false"/>
							</lines>
						</method>
						<method name="createDeviceBrowser" signature="(Ljava/lang/String;Ljava/lang/String;Ljava/lang/String;Ljava/lang/String;Ljava/lang/String;Ljava/lang/String;Ljava/lang/String;Ljava/lang/String;)Lcom/saucelabs/ci/Browser;" line-rate="1.0" branch-rate="1.0" complexity="0">
							<lines>
								<line number="195" hits="10432" branch="false"/>
								<line number="197" hits="10432" branch="false"/>
								<line number="199" hits="10432" branch="false"/>
								<line number="200" hits="10432" branch="false"/>
								<line number="201" hits="10432" branch="false"/>
								<line number="202" hits="10432" branch="true" condition-coverage="100% (2/2)">
									<conditions>
										<condition number="0" type="jump" coverage="100%"/>
									</conditions>
								</line>
								<line number="203" hits="48" branch="false"/>
								<line number="205" hits="10432" branch="false"/>
								<line number="206" hits="10432" branch="false"/>
								<line number="208" hits="10432" branch="false"/>
								<line number="209" hits="10432" branch="false"/>
								<line number="210" hits="10432" branch="false"/>
								<line number="211" hits="10432" branch="false"/>
								<line number="212" hits="10432" branch="false"/>
							</lines>
						</method>
						<method name="getAppiumBrowsers" signature="()Ljava/util/List;" line-rate="0.8" branch-rate="0.5" complexity="0">
							<lines>
								<line number="64" hits="8" branch="true" condition-coverage="50% (1/2)">
									<conditions>
										<condition number="0" type="jump" coverage="50%"/>
									</conditions>
								</line>
								<line number="65" hits="0" branch="false"/>
								<line number="67" hits="8" branch="false"/>
								<line number="69" hits="8" branch="false"/>
								<line number="71" hits="8" branch="false"/>
							</lines>
						</method>
						<method name="getAppiumBrowsersFromSauceLabs" signature="()Ljava/util/List;" line-rate="0.75" branch-rate="0.5" complexity="0">
							<lines>
								<line number="119" hits="24" branch="false"/>
								<line number="120" hits="24" branch="true" condition-coverage="50% (1/2)">
									<conditions>
										<condition number="0" type="jump" coverage="50%"/>
									</conditions>
								</line>
								<line number="121" hits="0" branch="false"/>
								<line number="123" hits="24" branch="false"/>
							</lines>
						</method>
						<method name="getBrowserListFromJson" signature="(Ljava/lang/String;)Ljava/util/List;" line-rate="0.9714285714285714" branch-rate="0.8571428571428571" complexity="0">
							<lines>
								<line number="134" hits="60" branch="false"/>
								<line number="136" hits="60" branch="false"/>
								<line number="137" hits="20852" branch="true" condition-coverage="100% (2/2)">
									<conditions>
										<condition number="0" type="jump" coverage="100%"/>
									</conditions>
								</line>
								<line number="138" hits="20792" branch="false"/>
								<line number="140" hits="20792" branch="true" condition-coverage="50% (1/2)">
									<conditions>
										<condition number="0" type="jump" coverage="50%"/>
									</conditions>
								</line>
								<line number="142" hits="20792" branch="false"/>
								<line number="143" hits="20792" branch="true" condition-coverage="50% (1/2)">
									<conditions>
										<condition number="0" type="jump" coverage="50%"/>
									</conditions>
								</line>
								<line number="145" hits="0" branch="false"/>
								<line number="147" hits="20792" branch="true" condition-coverage="100% (2/2)">
									<conditions>
										<condition number="0" type="jump" coverage="100%"/>
									</conditions>
								</line>
								<line number="149" hits="5216" branch="false"/>
								<line number="150" hits="5216" branch="false"/>
								<line number="151" hits="5216" branch="false"/>
								<line number="152" hits="5216" branch="false"/>
								<line number="154" hits="5216" branch="false"/>
								<line number="156" hits="5216" branch="false"/>
								<line number="158" hits="5216" branch="true" condition-coverage="100% (2/2)">
									<conditions>
										<condition number="0" type="jump" coverage="100%"/>
									</conditions>
								</line>
								<line number="159" hits="24" branch="false"/>
								<line number="162" hits="5216" branch="true" condition-coverage="100% (4/4)">
									<conditions>
										<condition number="0" type="jump" coverage="100%"/>
										<condition number="1" type="jump" coverage="100%"/>
									</conditions>
								</line>
								<line number="163" hits="864" branch="false"/>
								<line number="164" hits="864" branch="false"/>
								<line number="166" hits="864" branch="false"/>
								<line number="169" hits="5216" branch="false"/>
								<line number="170" hits="5216" branch="false"/>
								<line number="171" hits="5216" branch="false"/>
								<line number="172" hits="5216" branch="false"/>
								<line number="175" hits="5216" branch="false"/>
								<line number="177" hits="15576" branch="false"/>
								<line number="178" hits="15576" branch="false"/>
								<line number="179" hits="15576" branch="false"/>
								<line number="180" hits="15576" branch="false"/>
								<line number="184" hits="15576" branch="false"/>
								<line number="185" hits="15576" branch="false"/>
								<line number="186" hits="15576" branch="false"/>
								<line number="187" hits="15576" branch="false"/>
								<line number="191" hits="60" branch="false"/>
							</lines>
						</method>
						<method name="getInstance" signature="()Lcom/saucelabs/ci/BrowserFactory;" line-rate="0.0" branch-rate="1.0" complexity="0">
							<lines>
								<line number="315" hits="0" branch="false"/>
							</lines>
						</method>
						<method name="getInstance" signature="(Lcom/saucelabs/saucerest/SauceREST;)Lcom/saucelabs/ci/BrowserFactory;" line-rate="0.0" branch-rate="0.0" complexity="0">
							<lines>
								<line number="319" hits="0" branch="true" condition-coverage="0% (0/2)">
									<conditions>
										<condition number="0" type="jump" coverage="0%"/>
									</conditions>
								</line>
								<line number="320" hits="0" branch="false"/>
								<line number="322" hits="0" branch="false"/>
							</lines>
						</method>
						<method name="getLatestSeleniumBrowserVersion" signature="(Lcom/saucelabs/ci/Browser;)Lcom/saucelabs/ci/Browser;" line-rate="0.0" branch-rate="0.0" complexity="0">
							<lines>
								<line number="245" hits="0" branch="false"/>
								<line number="246" hits="0" branch="true" condition-coverage="0% (0/2)">
									<conditions>
										<condition number="0" type="jump" coverage="0%"/>
									</conditions>
								</line>
								<line number="248" hits="0" branch="true" condition-coverage="0% (0/2)">
									<conditions>
										<condition number="0" type="jump" coverage="0%"/>
									</conditions>
								</line>
								<line number="249" hits="0" branch="true" condition-coverage="0% (0/2)">
									<conditions>
										<condition number="0" type="jump" coverage="0%"/>
									</conditions>
								</line>
								<line number="250" hits="0" branch="true" condition-coverage="0% (0/2)">
									<conditions>
										<condition number="0" type="jump" coverage="0%"/>
									</conditions>
								</line>
								<line number="251" hits="0" branch="false"/>
								<line number="253" hits="0" branch="false"/>
								<line number="254" hits="0" branch="false"/>
								<line number="255" hits="0" branch="false"/>
								<line number="256" hits="0" branch="false"/>
								<line number="257" hits="0" branch="false"/>
							</lines>
						</method>
						<method name="getLatestWebDriverBrowserVersion" signature="(Lcom/saucelabs/ci/Browser;)Lcom/saucelabs/ci/Browser;" line-rate="0.0" branch-rate="0.0" complexity="0">
							<lines>
								<line number="280" hits="0" branch="false"/>
								<line number="281" hits="0" branch="true" condition-coverage="0% (0/2)">
									<conditions>
										<condition number="0" type="jump" coverage="0%"/>
									</conditions>
								</line>
								<line number="284" hits="0" branch="true" condition-coverage="0% (0/2)">
									<conditions>
										<condition number="0" type="jump" coverage="0%"/>
									</conditions>
								</line>
								<line number="285" hits="0" branch="true" condition-coverage="0% (0/2)">
									<conditions>
										<condition number="0" type="jump" coverage="0%"/>
									</conditions>
								</line>
								<line number="286" hits="0" branch="true" condition-coverage="0% (0/2)">
									<conditions>
										<condition number="0" type="jump" coverage="0%"/>
									</conditions>
								</line>
								<line number="287" hits="0" branch="false"/>
								<line number="289" hits="0" branch="false"/>
								<line number="290" hits="0" branch="false"/>
								<line number="291" hits="0" branch="false"/>
								<line number="292" hits="0" branch="false"/>
								<line number="293" hits="0" branch="false"/>
							</lines>
						</method>
						<method name="getWebDriverBrowsers" signature="()Ljava/util/List;" line-rate="0.8" branch-rate="0.5" complexity="0">
							<lines>
								<line number="76" hits="8" branch="true" condition-coverage="50% (1/2)">
									<conditions>
										<condition number="0" type="jump" coverage="50%"/>
									</conditions>
								</line>
								<line number="77" hits="0" branch="false"/>
								<line number="79" hits="8" branch="false"/>
								<line number="81" hits="8" branch="false"/>
								<line number="83" hits="8" branch="false"/>
							</lines>
						</method>
						<method name="getWebDriverBrowsersFromSauceLabs" signature="()Ljava/util/List;" line-rate="0.75" branch-rate="0.5" complexity="0">
							<lines>
								<line number="111" hits="24" branch="false"/>
								<line number="112" hits="24" branch="true" condition-coverage="50% (1/2)">
									<conditions>
										<condition number="0" type="jump" coverage="50%"/>
									</conditions>
								</line>
								<line number="113" hits="0" branch="false"/>
								<line number="115" hits="24" branch="false"/>
							</lines>
						</method>
						<method name="initializeAppiumBrowsers" signature="()Ljava/util/List;" line-rate="1.0" branch-rate="1.0" complexity="0">
							<lines>
								<line number="91" hits="24" branch="false"/>
								<line number="92" hits="24" branch="false"/>
								<line number="93" hits="24" branch="true" condition-coverage="100% (2/2)">
									<conditions>
										<condition number="0" type="jump" coverage="100%"/>
									</conditions>
								</line>
								<line number="94" hits="5264" branch="false"/>
								<line number="95" hits="5264" branch="false"/>
								<line number="96" hits="24" branch="false"/>
								<line number="97" hits="24" branch="false"/>
							</lines>
						</method>
						<method name="initializeWebDriverBrowsers" signature="()Ljava/util/List;" line-rate="1.0" branch-rate="1.0" complexity="0">
							<lines>
								<line number="101" hits="24" branch="false"/>
								<line number="102" hits="24" branch="false"/>
								<line number="103" hits="24" branch="true" condition-coverage="100% (2/2)">
									<conditions>
										<condition number="0" type="jump" coverage="100%"/>
									</conditions>
								</line>
								<line number="104" hits="21024" branch="false"/>
								<line number="105" hits="21024" branch="false"/>
								<line number="106" hits="24" branch="false"/>
								<line number="107" hits="24" branch="false"/>
							</lines>
						</method>
						<method name="seleniumBrowserForKey" signature="(Ljava/lang/String;)Lcom/saucelabs/ci/Browser;" line-rate="0.0" branch-rate="1.0" complexity="0">
							<lines>
								<line number="232" hits="0" branch="false"/>
							</lines>
						</method>
						<method name="seleniumBrowserForKey" signature="(Ljava/lang/String;Z)Lcom/saucelabs/ci/Browser;" line-rate="0.0" branch-rate="0.0" complexity="0">
							<lines>
								<line number="236" hits="0" branch="false"/>
								<line number="237" hits="0" branch="true" condition-coverage="0% (0/2)">
									<conditions>
										<condition number="0" type="jump" coverage="0%"/>
									</conditions>
								</line>
								<line number="238" hits="0" branch="false"/>
								<line number="240" hits="0" branch="false"/>
							</lines>
						</method>
						<method name="shouldRetrieveBrowsers" signature="()Z" line-rate="1.0" branch-rate="0.5" complexity="0">
							<lines>
								<line number="87" hits="16" branch="true" condition-coverage="50% (2/4)">
									<conditions>
										<condition number="0" type="jump" coverage="50%"/>
										<condition number="1" type="jump" coverage="50%"/>
									</conditions>
								</line>
							</lines>
						</method>
						<method name="webDriverBrowserForKey" signature="(Ljava/lang/String;)Lcom/saucelabs/ci/Browser;" line-rate="0.0" branch-rate="1.0" complexity="0">
							<lines>
								<line number="267" hits="0" branch="false"/>
							</lines>
						</method>
						<method name="webDriverBrowserForKey" signature="(Ljava/lang/String;Z)Lcom/saucelabs/ci/Browser;" line-rate="0.0" branch-rate="0.0" complexity="0">
							<lines>
								<line number="271" hits="0" branch="false"/>
								<line number="272" hits="0" branch="true" condition-coverage="0% (0/2)">
									<conditions>
										<condition number="0" type="jump" coverage="0%"/>
									</conditions>
								</line>
								<line number="273" hits="0" branch="false"/>
								<line number="275" hits="0" branch="false"/>
							</lines>
						</method>
					</methods>
					<lines>
						<line number="27" hits="4" branch="false"/>
						<line number="33" hits="24" branch="false"/>
						<line number="34" hits="24" branch="false"/>
						<line number="35" hits="24" branch="false"/>
						<line number="36" hits="24" branch="false"/>
						<line number="42" hits="0" branch="false"/>
						<line number="43" hits="0" branch="false"/>
						<line number="45" hits="24" branch="false"/>
						<line number="46" hits="24" branch="true" condition-coverage="50% (1/2)">
							<conditions>
								<condition number="0" type="jump" coverage="50%"/>
							</conditions>
						</line>
						<line number="47" hits="0" branch="false"/>
						<line number="49" hits="24" branch="false"/>
						<line number="52" hits="24" branch="false"/>
						<line number="53" hits="24" branch="false"/>
						<line number="54" hits="0" branch="false"/>
						<line number="56" hits="0" branch="false"/>
						<line number="57" hits="0" branch="false"/>
						<line number="58" hits="0" branch="false"/>
						<line number="59" hits="24" branch="false"/>
						<line number="60" hits="24" branch="false"/>
						<line number="64" hits="8" branch="true" condition-coverage="50% (1/2)">
							<conditions>
								<condition number="0" type="jump" coverage="50%"/>
							</conditions>
						</line>
						<line number="65" hits="0" branch="false"/>
						<line number="67" hits="8" branch="false"/>
						<line number="69" hits="8" branch="false"/>
						<line number="71" hits="8" branch="false"/>
						<line number="76" hits="8" branch="true" condition-coverage="50% (1/2)">
							<conditions>
								<condition number="0" type="jump" coverage="50%"/>
							</conditions>
						</line>
						<line number="77" hits="0" branch="false"/>
						<line number="79" hits="8" branch="false"/>
						<line number="81" hits="8" branch="false"/>
						<line number="83" hits="8" branch="false"/>
						<line number="87" hits="16" branch="true" condition-coverage="50% (2/4)">
							<conditions>
								<condition number="0" type="jump" coverage="50%"/>
								<condition number="1" type="jump" coverage="50%"/>
							</conditions>
						</line>
						<line number="91" hits="24" branch="false"/>
						<line number="92" hits="24" branch="false"/>
						<line number="93" hits="24" branch="true" condition-coverage="100% (2/2)">
							<conditions>
								<condition number="0" type="jump" coverage="100%"/>
							</conditions>
						</line>
						<line number="94" hits="5264" branch="false"/>
						<line number="95" hits="5264" branch="false"/>
						<line number="96" hits="24" branch="false"/>
						<line number="97" hits="24" branch="false"/>
						<line number="101" hits="24" branch="false"/>
						<line number="102" hits="24" branch="false"/>
						<line number="103" hits="24" branch="true" condition-coverage="100% (2/2)">
							<conditions>
								<condition number="0" type="jump" coverage="100%"/>
							</conditions>
						</line>
						<line number="104" hits="21024" branch="false"/>
						<line number="105" hits="21024" branch="false"/>
						<line number="106" hits="24" branch="false"/>
						<line number="107" hits="24" branch="false"/>
						<line number="111" hits="24" branch="false"/>
						<line number="112" hits="24" branch="true" condition-coverage="50% (1/2)">
							<conditions>
								<condition number="0" type="jump" coverage="50%"/>
							</conditions>
						</line>
						<line number="113" hits="0" branch="false"/>
						<line number="115" hits="24" branch="false"/>
						<line number="119" hits="24" branch="false"/>
						<line number="120" hits="24" branch="true" condition-coverage="50% (1/2)">
							<conditions>
								<condition number="0" type="jump" coverage="50%"/>
							</conditions>
						</line>
						<line number="121" hits="0" branch="false"/>
						<line number="123" hits="24" branch="false"/>
						<line number="134" hits="60" branch="false"/>
						<line number="136" hits="60" branch="false"/>
						<line number="137" hits="20852" branch="true" condition-coverage="100% (2/2)">
							<conditions>
								<condition number="0" type="jump" coverage="100%"/>
							</conditions>
						</line>
						<line number="138" hits="20792" branch="false"/>
						<line number="140" hits="20792" branch="true" condition-coverage="50% (1/2)">
							<conditions>
								<condition number="0" type="jump" coverage="50%"/>
							</conditions>
						</line>
						<line number="142" hits="20792" branch="false"/>
						<line number="143" hits="20792" branch="true" condition-coverage="50% (1/2)">
							<conditions>
								<condition number="0" type="jump" coverage="50%"/>
							</conditions>
						</line>
						<line number="145" hits="0" branch="false"/>
						<line number="147" hits="20792" branch="true" condition-coverage="100% (2/2)">
							<conditions>
								<condition number="0" type="jump" coverage="100%"/>
							</conditions>
						</line>
						<line number="149" hits="5216" branch="false"/>
						<line number="150" hits="5216" branch="false"/>
						<line number="151" hits="5216" branch="false"/>
						<line number="152" hits="5216" branch="false"/>
						<line number="154" hits="5216" branch="false"/>
						<line number="156" hits="5216" branch="false"/>
						<line number="158" hits="5216" branch="true" condition-coverage="100% (2/2)">
							<conditions>
								<condition number="0" type="jump" coverage="100%"/>
							</conditions>
						</line>
						<line number="159" hits="24" branch="false"/>
						<line number="162" hits="5216" branch="true" condition-coverage="100% (4/4)">
							<conditions>
								<condition number="0" type="jump" coverage="100%"/>
								<condition number="1" type="jump" coverage="100%"/>
							</conditions>
						</line>
						<line number="163" hits="864" branch="false"/>
						<line number="164" hits="864" branch="false"/>
						<line number="166" hits="864" branch="false"/>
						<line number="169" hits="5216" branch="false"/>
						<line number="170" hits="5216" branch="false"/>
						<line number="171" hits="5216" branch="false"/>
						<line number="172" hits="5216" branch="false"/>
						<line number="175" hits="5216" branch="false"/>
						<line number="177" hits="15576" branch="false"/>
						<line number="178" hits="15576" branch="false"/>
						<line number="179" hits="15576" branch="false"/>
						<line number="180" hits="15576" branch="false"/>
						<line number="184" hits="15576" branch="false"/>
						<line number="185" hits="15576" branch="false"/>
						<line number="186" hits="15576" branch="false"/>
						<line number="187" hits="15576" branch="false"/>
						<line number="191" hits="60" branch="false"/>
						<line number="195" hits="10432" branch="false"/>
						<line number="197" hits="10432" branch="false"/>
						<line number="199" hits="10432" branch="false"/>
						<line number="200" hits="10432" branch="false"/>
						<line number="201" hits="10432" branch="false"/>
						<line number="202" hits="10432" branch="true" condition-coverage="100% (2/2)">
							<conditions>
								<condition number="0" type="jump" coverage="100%"/>
							</conditions>
						</line>
						<line number="203" hits="48" branch="false"/>
						<line number="205" hits="10432" branch="false"/>
						<line number="206" hits="10432" branch="false"/>
						<line number="208" hits="10432" branch="false"/>
						<line number="209" hits="10432" branch="false"/>
						<line number="210" hits="10432" branch="false"/>
						<line number="211" hits="10432" branch="false"/>
						<line number="212" hits="10432" branch="false"/>
						<line number="216" hits="31152" branch="false"/>
						<line number="218" hits="31152" branch="false"/>
						<line number="220" hits="31152" branch="false"/>
						<line number="221" hits="31152" branch="false"/>
						<line number="222" hits="31152" branch="false"/>
						<line number="232" hits="0" branch="false"/>
						<line number="236" hits="0" branch="false"/>
						<line number="237" hits="0" branch="true" condition-coverage="0% (0/2)">
							<conditions>
								<condition number="0" type="jump" coverage="0%"/>
							</conditions>
						</line>
						<line number="238" hits="0" branch="false"/>
						<line number="240" hits="0" branch="false"/>
						<line number="245" hits="0" branch="false"/>
						<line number="246" hits="0" branch="true" condition-coverage="0% (0/2)">
							<conditions>
								<condition number="0" type="jump" coverage="0%"/>
							</conditions>
						</line>
						<line number="248" hits="0" branch="true" condition-coverage="0% (0/2)">
							<conditions>
								<condition number="0" type="jump" coverage="0%"/>
							</conditions>
						</line>
						<line number="249" hits="0" branch="true" condition-coverage="0% (0/2)">
							<conditions>
								<condition number="0" type="jump" coverage="0%"/>
							</conditions>
						</line>
						<line number="250" hits="0" branch="true" condition-coverage="0% (0/2)">
							<conditions>
								<condition number="0" type="jump" coverage="0%"/>
							</conditions>
						</line>
						<line number="251" hits="0" branch="false"/>
						<line number="253" hits="0" branch="false"/>
						<line number="254" hits="0" branch="false"/>
						<line number="255" hits="0" branch="false"/>
						<line number="256" hits="0" branch="false"/>
						<line number="257" hits="0" branch="false"/>
						<line number="267" hits="0" branch="false"/>
						<line number="271" hits="0" branch="false"/>
						<line number="272" hits="0" branch="true" condition-coverage="0% (0/2)">
							<conditions>
								<condition number="0" type="jump" coverage="0%"/>
							</conditions>
						</line>
						<line number="273" hits="0" branch="false"/>
						<line number="275" hits="0" branch="false"/>
						<line number="280" hits="0" branch="false"/>
						<line number="281" hits="0" branch="true" condition-coverage="0% (0/2)">
							<conditions>
								<condition number="0" type="jump" coverage="0%"/>
							</conditions>
						</line>
						<line number="284" hits="0" branch="true" condition-coverage="0% (0/2)">
							<conditions>
								<condition number="0" type="jump" coverage="0%"/>
							</conditions>
						</line>
						<line number="285" hits="0" branch="true" condition-coverage="0% (0/2)">
							<conditions>
								<condition number="0" type="jump" coverage="0%"/>
							</conditions>
						</line>
						<line number="286" hits="0" branch="true" condition-coverage="0% (0/2)">
							<conditions>
								<condition number="0" type="jump" coverage="0%"/>
							</conditions>
						</line>
						<line number="287" hits="0" branch="false"/>
						<line number="289" hits="0" branch="false"/>
						<line number="290" hits="0" branch="false"/>
						<line number="291" hits="0" branch="false"/>
						<line number="292" hits="0" branch="false"/>
						<line number="293" hits="0" branch="false"/>
						<line number="304" hits="0" branch="false"/>
						<line number="315" hits="0" branch="false"/>
						<line number="319" hits="0" branch="true" condition-coverage="0% (0/2)">
							<conditions>
								<condition number="0" type="jump" coverage="0%"/>
							</conditions>
						</line>
						<line number="320" hits="0" branch="false"/>
						<line number="322" hits="0" branch="false"/>
					</lines>
				</class>
				<class name="com.saucelabs.ci.CacheTimeUtil" filename="com/saucelabs/ci/CacheTimeUtil.java" line-rate="0.75" branch-rate="1.0" complexity="1.0">
					<methods>
						<method name="&lt;init&gt;" signature="()V" line-rate="0.0" branch-rate="1.0" complexity="0">
							<lines>
								<line number="16" hits="0" branch="false"/>
								<line number="17" hits="0" branch="false"/>
							</lines>
						</method>
						<method name="getCurrentTimestamp" signature="()Ljava/sql/Timestamp;" line-rate="1.0" branch-rate="1.0" complexity="0">
							<lines>
								<line number="24" hits="16" branch="false"/>
								<line number="25" hits="16" branch="false"/>
							</lines>
						</method>
						<method name="getMaxTimestampForDuration" signature="(Ljava/sql/Timestamp;J)Ljava/sql/Timestamp;" line-rate="1.0" branch-rate="1.0" complexity="0">
							<lines>
								<line number="20" hits="16" branch="false"/>
							</lines>
						</method>
						<method name="pastAcceptableDuration" signature="(Ljava/sql/Timestamp;J)Z" line-rate="1.0" branch-rate="1.0" complexity="0">
							<lines>
								<line number="31" hits="16" branch="false"/>
								<line number="34" hits="16" branch="false"/>
								<line number="37" hits="16" branch="false"/>
							</lines>
						</method>
					</methods>
					<lines>
						<line number="16" hits="0" branch="false"/>
						<line number="17" hits="0" branch="false"/>
						<line number="20" hits="16" branch="false"/>
						<line number="24" hits="16" branch="false"/>
						<line number="25" hits="16" branch="false"/>
						<line number="31" hits="16" branch="false"/>
						<line number="34" hits="16" branch="false"/>
						<line number="37" hits="16" branch="false"/>
					</lines>
				</class>
				<class name="com.saucelabs.ci.JobInformation" filename="com/saucelabs/ci/JobInformation.java" line-rate="0.8148148148148148" branch-rate="0.27" complexity="2.6">
					<methods>
						<method name="&lt;init&gt;" signature="(Ljava/lang/String;Ljava/lang/String;)V" line-rate="1.0" branch-rate="1.0" complexity="0">
							<lines>
								<line number="33" hits="76" branch="false"/>
								<line number="40" hits="76" branch="false"/>
								<line number="41" hits="76" branch="false"/>
								<line number="42" hits="76" branch="false"/>
								<line number="43" hits="76" branch="false"/>
							</lines>
						</method>
						<method name="clearChanges" signature="()V" line-rate="1.0" branch-rate="1.0" complexity="0">
							<lines>
								<line number="296" hits="84" branch="false"/>
								<line number="297" hits="84" branch="false"/>
							</lines>
						</method>
						<method name="equals" signature="(Ljava/lang/Object;)Z" line-rate="0.0" branch-rate="0.0" complexity="0">
							<lines>
								<line number="210" hits="0" branch="true" condition-coverage="0% (0/2)">
									<conditions>
										<condition number="0" type="jump" coverage="0%"/>
									</conditions>
								</line>
								<line number="211" hits="0" branch="true" condition-coverage="0% (0/4)">
									<conditions>
										<condition number="0" type="jump" coverage="0%"/>
										<condition number="1" type="jump" coverage="0%"/>
									</conditions>
								</line>
								<line number="213" hits="0" branch="false"/>
								<line number="215" hits="0" branch="true" condition-coverage="0% (0/6)">
									<conditions>
										<condition number="0" type="jump" coverage="0%"/>
										<condition number="1" type="jump" coverage="0%"/>
										<condition number="2" type="jump" coverage="0%"/>
									</conditions>
								</line>
								<line number="216" hits="0" branch="true" condition-coverage="0% (0/6)">
									<conditions>
										<condition number="0" type="jump" coverage="0%"/>
										<condition number="1" type="jump" coverage="0%"/>
										<condition number="2" type="jump" coverage="0%"/>
									</conditions>
								</line>
								<line number="217" hits="0" branch="true" condition-coverage="0% (0/6)">
									<conditions>
										<condition number="0" type="jump" coverage="0%"/>
										<condition number="1" type="jump" coverage="0%"/>
										<condition number="2" type="jump" coverage="0%"/>
									</conditions>
								</line>
								<line number="218" hits="0" branch="true" condition-coverage="0% (0/6)">
									<conditions>
										<condition number="0" type="jump" coverage="0%"/>
										<condition number="1" type="jump" coverage="0%"/>
										<condition number="2" type="jump" coverage="0%"/>
									</conditions>
								</line>
								<line number="219" hits="0" branch="true" condition-coverage="0% (0/6)">
									<conditions>
										<condition number="0" type="jump" coverage="0%"/>
										<condition number="1" type="jump" coverage="0%"/>
										<condition number="2" type="jump" coverage="0%"/>
									</conditions>
								</line>
								<line number="220" hits="0" branch="true" condition-coverage="0% (0/6)">
									<conditions>
										<condition number="0" type="jump" coverage="0%"/>
										<condition number="1" type="jump" coverage="0%"/>
										<condition number="2" type="jump" coverage="0%"/>
									</conditions>
								</line>
								<line number="221" hits="0" branch="true" condition-coverage="0% (0/6)">
									<conditions>
										<condition number="0" type="jump" coverage="0%"/>
										<condition number="1" type="jump" coverage="0%"/>
										<condition number="2" type="jump" coverage="0%"/>
									</conditions>
								</line>
								<line number="222" hits="0" branch="true" condition-coverage="0% (0/6)">
									<conditions>
										<condition number="0" type="jump" coverage="0%"/>
										<condition number="1" type="jump" coverage="0%"/>
										<condition number="2" type="jump" coverage="0%"/>
									</conditions>
								</line>
								<line number="223" hits="0" branch="true" condition-coverage="0% (0/6)">
									<conditions>
										<condition number="0" type="jump" coverage="0%"/>
										<condition number="1" type="jump" coverage="0%"/>
										<condition number="2" type="jump" coverage="0%"/>
									</conditions>
								</line>
								<line number="224" hits="0" branch="true" condition-coverage="0% (0/6)">
									<conditions>
										<condition number="0" type="jump" coverage="0%"/>
										<condition number="1" type="jump" coverage="0%"/>
										<condition number="2" type="jump" coverage="0%"/>
									</conditions>
								</line>
								<line number="225" hits="0" branch="true" condition-coverage="0% (0/4)">
									<conditions>
										<condition number="0" type="jump" coverage="0%"/>
										<condition number="1" type="jump" coverage="0%"/>
									</conditions>
								</line>
							</lines>
						</method>
						<method name="getBrowser" signature="()Ljava/lang/String;" line-rate="1.0" branch-rate="1.0" complexity="0">
							<lines>
								<line number="161" hits="8" branch="false"/>
							</lines>
						</method>
						<method name="getBuild" signature="()Ljava/lang/String;" line-rate="1.0" branch-rate="1.0" complexity="0">
							<lines>
								<line number="143" hits="12" branch="false"/>
							</lines>
						</method>
						<method name="getChanges" signature="()Ljava/util/Map;" line-rate="1.0" branch-rate="1.0" complexity="0">
							<lines>
								<line number="305" hits="36" branch="false"/>
							</lines>
						</method>
						<method name="getHmac" signature="()Ljava/lang/String;" line-rate="1.0" branch-rate="1.0" complexity="0">
							<lines>
								<line number="51" hits="8" branch="false"/>
							</lines>
						</method>
						<method name="getJobId" signature="()Ljava/lang/String;" line-rate="1.0" branch-rate="1.0" complexity="0">
							<lines>
								<line number="69" hits="4" branch="false"/>
							</lines>
						</method>
						<method name="getLogUrl" signature="()Ljava/lang/String;" line-rate="1.0" branch-rate="1.0" complexity="0">
							<lines>
								<line number="250" hits="8" branch="false"/>
							</lines>
						</method>
						<method name="getName" signature="()Ljava/lang/String;" line-rate="1.0" branch-rate="1.0" complexity="0">
							<lines>
								<line number="114" hits="20" branch="false"/>
							</lines>
						</method>
						<method name="getOs" signature="()Ljava/lang/String;" line-rate="1.0" branch-rate="1.0" complexity="0">
							<lines>
								<line number="179" hits="12" branch="false"/>
							</lines>
						</method>
						<method name="getStatus" signature="()Ljava/lang/String;" line-rate="1.0" branch-rate="1.0" complexity="0">
							<lines>
								<line number="79" hits="28" branch="false"/>
							</lines>
						</method>
						<method name="getVersion" signature="()Ljava/lang/String;" line-rate="1.0" branch-rate="1.0" complexity="0">
							<lines>
								<line number="196" hits="8" branch="false"/>
							</lines>
						</method>
						<method name="getVideoUrl" signature="()Ljava/lang/String;" line-rate="1.0" branch-rate="1.0" complexity="0">
							<lines>
								<line number="241" hits="8" branch="false"/>
							</lines>
						</method>
						<method name="hasBuild" signature="()Z" line-rate="1.0" branch-rate="1.0" complexity="0">
							<lines>
								<line number="133" hits="20" branch="true" condition-coverage="100% (6/6)">
									<conditions>
										<condition number="0" type="jump" coverage="100%"/>
										<condition number="1" type="jump" coverage="100%"/>
										<condition number="2" type="jump" coverage="100%"/>
									</conditions>
								</line>
							</lines>
						</method>
						<method name="hasChange" signature="(Ljava/lang/String;)Z" line-rate="1.0" branch-rate="1.0" complexity="0">
							<lines>
								<line number="285" hits="32" branch="false"/>
							</lines>
						</method>
						<method name="hasChanges" signature="()Z" line-rate="1.0" branch-rate="1.0" complexity="0">
							<lines>
								<line number="289" hits="76" branch="true" condition-coverage="100% (2/2)">
									<conditions>
										<condition number="0" type="jump" coverage="100%"/>
									</conditions>
								</line>
							</lines>
						</method>
						<method name="hasJobName" signature="()Z" line-rate="1.0" branch-rate="1.0" complexity="0">
							<lines>
								<line number="105" hits="24" branch="true" condition-coverage="100% (6/6)">
									<conditions>
										<condition number="0" type="jump" coverage="100%"/>
										<condition number="1" type="jump" coverage="100%"/>
										<condition number="2" type="jump" coverage="100%"/>
									</conditions>
								</line>
							</lines>
						</method>
						<method name="hashCode" signature="()I" line-rate="0.0" branch-rate="0.0" complexity="0">
							<lines>
								<line number="231" hits="0" branch="true" condition-coverage="0% (0/2)">
									<conditions>
										<condition number="0" type="jump" coverage="0%"/>
									</conditions>
								</line>
							</lines>
						</method>
						<method name="populateFromJson" signature="(Lorg/json/JSONObject;)V" line-rate="1.0" branch-rate="0.9166666666666666" complexity="0">
							<lines>
								<line number="264" hits="76" branch="true" condition-coverage="75% (3/4)">
									<conditions>
										<condition number="0" type="jump" coverage="100%"/>
										<condition number="1" type="jump" coverage="50%"/>
									</conditions>
								</line>
								<line number="265" hits="56" branch="false"/>
								<line number="266" hits="56" branch="false"/>
								<line number="268" hits="76" branch="true" condition-coverage="100% (4/4)">
									<conditions>
										<condition number="0" type="jump" coverage="100%"/>
										<condition number="1" type="jump" coverage="100%"/>
									</conditions>
								</line>
								<line number="269" hits="24" branch="false"/>
								<line number="270" hits="24" branch="false"/>
								<line number="272" hits="76" branch="true" condition-coverage="100% (4/4)">
									<conditions>
										<condition number="0" type="jump" coverage="100%"/>
										<condition number="1" type="jump" coverage="100%"/>
									</conditions>
								</line>
								<line number="273" hits="16" branch="false"/>
								<line number="274" hits="16" branch="false"/>
								<line number="276" hits="76" branch="false"/>
								<line number="277" hits="76" branch="false"/>
								<line number="278" hits="76" branch="false"/>
								<line number="279" hits="76" branch="false"/>
								<line number="280" hits="76" branch="false"/>
								<line number="281" hits="76" branch="false"/>
								<line number="282" hits="76" branch="false"/>
							</lines>
						</method>
						<method name="setBrowser" signature="(Ljava/lang/String;)V" line-rate="1.0" branch-rate="1.0" complexity="0">
							<lines>
								<line number="169" hits="80" branch="false"/>
								<line number="170" hits="80" branch="false"/>
								<line number="172" hits="80" branch="false"/>
							</lines>
						</method>
						<method name="setBuild" signature="(Ljava/lang/String;)V" line-rate="1.0" branch-rate="1.0" complexity="0">
							<lines>
								<line number="152" hits="36" branch="false"/>
								<line number="153" hits="36" branch="false"/>
								<line number="154" hits="36" branch="false"/>
							</lines>
						</method>
						<method name="setHmac" signature="(Ljava/lang/String;)V" line-rate="1.0" branch-rate="1.0" complexity="0">
							<lines>
								<line number="60" hits="4" branch="false"/>
								<line number="61" hits="4" branch="false"/>
							</lines>
						</method>
						<method name="setLogUrl" signature="(Ljava/lang/String;)V" line-rate="1.0" branch-rate="1.0" complexity="0">
							<lines>
								<line number="245" hits="80" branch="false"/>
								<line number="246" hits="80" branch="false"/>
								<line number="247" hits="80" branch="false"/>
							</lines>
						</method>
						<method name="setName" signature="(Ljava/lang/String;)V" line-rate="1.0" branch-rate="1.0" complexity="0">
							<lines>
								<line number="123" hits="44" branch="false"/>
								<line number="124" hits="44" branch="false"/>
								<line number="125" hits="44" branch="false"/>
							</lines>
						</method>
						<method name="setOs" signature="(Ljava/lang/String;)V" line-rate="1.0" branch-rate="1.0" complexity="0">
							<lines>
								<line number="187" hits="84" branch="false"/>
								<line number="188" hits="84" branch="false"/>
								<line number="189" hits="84" branch="false"/>
							</lines>
						</method>
						<method name="setStatus" signature="(Ljava/lang/Boolean;)V" line-rate="1.0" branch-rate="1.0" complexity="0">
							<lines>
								<line number="87" hits="64" branch="true" condition-coverage="100% (2/2)">
									<conditions>
										<condition number="0" type="jump" coverage="100%"/>
									</conditions>
								</line>
								<line number="88" hits="64" branch="false"/>
							</lines>
						</method>
						<method name="setStatus" signature="(Ljava/lang/String;)V" line-rate="1.0" branch-rate="1.0" complexity="0">
							<lines>
								<line number="95" hits="68" branch="false"/>
								<line number="96" hits="68" branch="false"/>
								<line number="97" hits="68" branch="false"/>
							</lines>
						</method>
						<method name="setVersion" signature="(Ljava/lang/String;)V" line-rate="1.0" branch-rate="1.0" complexity="0">
							<lines>
								<line number="204" hits="80" branch="false"/>
								<line number="205" hits="80" branch="false"/>
								<line number="206" hits="80" branch="false"/>
							</lines>
						</method>
						<method name="setVideoUrl" signature="(Ljava/lang/String;)V" line-rate="1.0" branch-rate="1.0" complexity="0">
							<lines>
								<line number="235" hits="80" branch="false"/>
								<line number="236" hits="80" branch="false"/>
								<line number="238" hits="80" branch="false"/>
							</lines>
						</method>
					</methods>
					<lines>
						<line number="33" hits="76" branch="false"/>
						<line number="40" hits="76" branch="false"/>
						<line number="41" hits="76" branch="false"/>
						<line number="42" hits="76" branch="false"/>
						<line number="43" hits="76" branch="false"/>
						<line number="51" hits="8" branch="false"/>
						<line number="60" hits="4" branch="false"/>
						<line number="61" hits="4" branch="false"/>
						<line number="69" hits="4" branch="false"/>
						<line number="79" hits="28" branch="false"/>
						<line number="87" hits="64" branch="true" condition-coverage="100% (2/2)">
							<conditions>
								<condition number="0" type="jump" coverage="100%"/>
							</conditions>
						</line>
						<line number="88" hits="64" branch="false"/>
						<line number="95" hits="68" branch="false"/>
						<line number="96" hits="68" branch="false"/>
						<line number="97" hits="68" branch="false"/>
						<line number="105" hits="24" branch="true" condition-coverage="100% (6/6)">
							<conditions>
								<condition number="0" type="jump" coverage="100%"/>
								<condition number="1" type="jump" coverage="100%"/>
								<condition number="2" type="jump" coverage="100%"/>
							</conditions>
						</line>
						<line number="114" hits="20" branch="false"/>
						<line number="123" hits="44" branch="false"/>
						<line number="124" hits="44" branch="false"/>
						<line number="125" hits="44" branch="false"/>
						<line number="133" hits="20" branch="true" condition-coverage="100% (6/6)">
							<conditions>
								<condition number="0" type="jump" coverage="100%"/>
								<condition number="1" type="jump" coverage="100%"/>
								<condition number="2" type="jump" coverage="100%"/>
							</conditions>
						</line>
						<line number="143" hits="12" branch="false"/>
						<line number="152" hits="36" branch="false"/>
						<line number="153" hits="36" branch="false"/>
						<line number="154" hits="36" branch="false"/>
						<line number="161" hits="8" branch="false"/>
						<line number="169" hits="80" branch="false"/>
						<line number="170" hits="80" branch="false"/>
						<line number="172" hits="80" branch="false"/>
						<line number="179" hits="12" branch="false"/>
						<line number="187" hits="84" branch="false"/>
						<line number="188" hits="84" branch="false"/>
						<line number="189" hits="84" branch="false"/>
						<line number="196" hits="8" branch="false"/>
						<line number="204" hits="80" branch="false"/>
						<line number="205" hits="80" branch="false"/>
						<line number="206" hits="80" branch="false"/>
						<line number="210" hits="0" branch="true" condition-coverage="0% (0/2)">
							<conditions>
								<condition number="0" type="jump" coverage="0%"/>
							</conditions>
						</line>
						<line number="211" hits="0" branch="true" condition-coverage="0% (0/4)">
							<conditions>
								<condition number="0" type="jump" coverage="0%"/>
								<condition number="1" type="jump" coverage="0%"/>
							</conditions>
						</line>
						<line number="213" hits="0" branch="false"/>
						<line number="215" hits="0" branch="true" condition-coverage="0% (0/6)">
							<conditions>
								<condition number="0" type="jump" coverage="0%"/>
								<condition number="1" type="jump" coverage="0%"/>
								<condition number="2" type="jump" coverage="0%"/>
							</conditions>
						</line>
						<line number="216" hits="0" branch="true" condition-coverage="0% (0/6)">
							<conditions>
								<condition number="0" type="jump" coverage="0%"/>
								<condition number="1" type="jump" coverage="0%"/>
								<condition number="2" type="jump" coverage="0%"/>
							</conditions>
						</line>
						<line number="217" hits="0" branch="true" condition-coverage="0% (0/6)">
							<conditions>
								<condition number="0" type="jump" coverage="0%"/>
								<condition number="1" type="jump" coverage="0%"/>
								<condition number="2" type="jump" coverage="0%"/>
							</conditions>
						</line>
						<line number="218" hits="0" branch="true" condition-coverage="0% (0/6)">
							<conditions>
								<condition number="0" type="jump" coverage="0%"/>
								<condition number="1" type="jump" coverage="0%"/>
								<condition number="2" type="jump" coverage="0%"/>
							</conditions>
						</line>
						<line number="219" hits="0" branch="true" condition-coverage="0% (0/6)">
							<conditions>
								<condition number="0" type="jump" coverage="0%"/>
								<condition number="1" type="jump" coverage="0%"/>
								<condition number="2" type="jump" coverage="0%"/>
							</conditions>
						</line>
						<line number="220" hits="0" branch="true" condition-coverage="0% (0/6)">
							<conditions>
								<condition number="0" type="jump" coverage="0%"/>
								<condition number="1" type="jump" coverage="0%"/>
								<condition number="2" type="jump" coverage="0%"/>
							</conditions>
						</line>
						<line number="221" hits="0" branch="true" condition-coverage="0% (0/6)">
							<conditions>
								<condition number="0" type="jump" coverage="0%"/>
								<condition number="1" type="jump" coverage="0%"/>
								<condition number="2" type="jump" coverage="0%"/>
							</conditions>
						</line>
						<line number="222" hits="0" branch="true" condition-coverage="0% (0/6)">
							<conditions>
								<condition number="0" type="jump" coverage="0%"/>
								<condition number="1" type="jump" coverage="0%"/>
								<condition number="2" type="jump" coverage="0%"/>
							</conditions>
						</line>
						<line number="223" hits="0" branch="true" condition-coverage="0% (0/6)">
							<conditions>
								<condition number="0" type="jump" coverage="0%"/>
								<condition number="1" type="jump" coverage="0%"/>
								<condition number="2" type="jump" coverage="0%"/>
							</conditions>
						</line>
						<line number="224" hits="0" branch="true" condition-coverage="0% (0/6)">
							<conditions>
								<condition number="0" type="jump" coverage="0%"/>
								<condition number="1" type="jump" coverage="0%"/>
								<condition number="2" type="jump" coverage="0%"/>
							</conditions>
						</line>
						<line number="225" hits="0" branch="true" condition-coverage="0% (0/4)">
							<conditions>
								<condition number="0" type="jump" coverage="0%"/>
								<condition number="1" type="jump" coverage="0%"/>
							</conditions>
						</line>
						<line number="231" hits="0" branch="true" condition-coverage="0% (0/2)">
							<conditions>
								<condition number="0" type="jump" coverage="0%"/>
							</conditions>
						</line>
						<line number="235" hits="80" branch="false"/>
						<line number="236" hits="80" branch="false"/>
						<line number="238" hits="80" branch="false"/>
						<line number="241" hits="8" branch="false"/>
						<line number="245" hits="80" branch="false"/>
						<line number="246" hits="80" branch="false"/>
						<line number="247" hits="80" branch="false"/>
						<line number="250" hits="8" branch="false"/>
						<line number="264" hits="76" branch="true" condition-coverage="75% (3/4)">
							<conditions>
								<condition number="0" type="jump" coverage="100%"/>
								<condition number="1" type="jump" coverage="50%"/>
							</conditions>
						</line>
						<line number="265" hits="56" branch="false"/>
						<line number="266" hits="56" branch="false"/>
						<line number="268" hits="76" branch="true" condition-coverage="100% (4/4)">
							<conditions>
								<condition number="0" type="jump" coverage="100%"/>
								<condition number="1" type="jump" coverage="100%"/>
							</conditions>
						</line>
						<line number="269" hits="24" branch="false"/>
						<line number="270" hits="24" branch="false"/>
						<line number="272" hits="76" branch="true" condition-coverage="100% (4/4)">
							<conditions>
								<condition number="0" type="jump" coverage="100%"/>
								<condition number="1" type="jump" coverage="100%"/>
							</conditions>
						</line>
						<line number="273" hits="16" branch="false"/>
						<line number="274" hits="16" branch="false"/>
						<line number="276" hits="76" branch="false"/>
						<line number="277" hits="76" branch="false"/>
						<line number="278" hits="76" branch="false"/>
						<line number="279" hits="76" branch="false"/>
						<line number="280" hits="76" branch="false"/>
						<line number="281" hits="76" branch="false"/>
						<line number="282" hits="76" branch="false"/>
						<line number="285" hits="32" branch="false"/>
						<line number="289" hits="76" branch="true" condition-coverage="100% (2/2)">
							<conditions>
								<condition number="0" type="jump" coverage="100%"/>
							</conditions>
						</line>
						<line number="296" hits="84" branch="false"/>
						<line number="297" hits="84" branch="false"/>
						<line number="305" hits="36" branch="false"/>
					</lines>
				</class>
				<class name="com.saucelabs.ci.OperatingSystemDescription" filename="com/saucelabs/ci/OperatingSystemDescription.java" line-rate="1.0" branch-rate="1.0" complexity="1.6666666666666667">
					<methods>
						<method name="&lt;clinit&gt;" signature="()V" line-rate="1.0" branch-rate="1.0" complexity="0">
							<lines>
								<line number="9" hits="8" branch="false"/>
								<line number="10" hits="4" branch="false"/>
								<line number="11" hits="4" branch="false"/>
								<line number="12" hits="4" branch="false"/>
								<line number="13" hits="4" branch="false"/>
								<line number="14" hits="4" branch="false"/>
								<line number="15" hits="4" branch="false"/>
								<line number="16" hits="4" branch="false"/>
								<line number="17" hits="4" branch="false"/>
								<line number="18" hits="4" branch="false"/>
								<line number="22" hits="4" branch="false"/>
								<line number="25" hits="40" branch="false"/>
								<line number="26" hits="36" branch="false"/>
								<line number="28" hits="4" branch="false"/>
							</lines>
						</method>
						<method name="&lt;init&gt;" signature="(Ljava/lang/String;ILjava/lang/String;Ljava/lang/String;)V" line-rate="1.0" branch-rate="1.0" complexity="0">
							<lines>
								<line number="30" hits="36" branch="false"/>
								<line number="31" hits="36" branch="false"/>
								<line number="32" hits="36" branch="false"/>
								<line number="33" hits="36" branch="false"/>
							</lines>
						</method>
						<method name="getDescription" signature="(Ljava/lang/String;)Ljava/lang/String;" line-rate="1.0" branch-rate="1.0" complexity="0">
							<lines>
								<line number="37" hits="31164" branch="false"/>
							</lines>
						</method>
						<method name="getOperatingSystemName" signature="(Ljava/lang/String;)Ljava/lang/String;" line-rate="1.0" branch-rate="1.0" complexity="0">
							<lines>
								<line number="47" hits="31164" branch="false"/>
								<line number="48" hits="31164" branch="true" condition-coverage="100% (2/2)">
									<conditions>
										<condition number="0" type="jump" coverage="100%"/>
									</conditions>
								</line>
								<line number="50" hits="24584" branch="false"/>
								<line number="52" hits="6580" branch="false"/>
							</lines>
						</method>
						<method name="valueOf" signature="(Ljava/lang/String;)Lcom/saucelabs/ci/OperatingSystemDescription;" line-rate="1.0" branch-rate="1.0" complexity="0">
							<lines>
							</lines>
						</method>
						<method name="values" signature="()[Lcom/saucelabs/ci/OperatingSystemDescription;" line-rate="1.0" branch-rate="1.0" complexity="0">
							<lines>
							</lines>
						</method>
					</methods>
					<lines>
						<line number="9" hits="8" branch="false"/>
						<line number="10" hits="4" branch="false"/>
						<line number="11" hits="4" branch="false"/>
						<line number="12" hits="4" branch="false"/>
						<line number="13" hits="4" branch="false"/>
						<line number="14" hits="4" branch="false"/>
						<line number="15" hits="4" branch="false"/>
						<line number="16" hits="4" branch="false"/>
						<line number="17" hits="4" branch="false"/>
						<line number="18" hits="4" branch="false"/>
						<line number="22" hits="4" branch="false"/>
						<line number="25" hits="40" branch="false"/>
						<line number="26" hits="36" branch="false"/>
						<line number="28" hits="4" branch="false"/>
						<line number="30" hits="36" branch="false"/>
						<line number="31" hits="36" branch="false"/>
						<line number="32" hits="36" branch="false"/>
						<line number="33" hits="36" branch="false"/>
						<line number="37" hits="31164" branch="false"/>
						<line number="47" hits="31164" branch="false"/>
						<line number="48" hits="31164" branch="true" condition-coverage="100% (2/2)">
							<conditions>
								<condition number="0" type="jump" coverage="100%"/>
							</conditions>
						</line>
						<line number="50" hits="24584" branch="false"/>
						<line number="52" hits="6580" branch="false"/>
					</lines>
				</class>
				<class name="com.saucelabs.ci.SODSeleniumConfiguration" filename="com/saucelabs/ci/SODSeleniumConfiguration.java" line-rate="0.0" branch-rate="0.0" complexity="1.434782608695652">
					<methods>
						<method name="&lt;clinit&gt;" signature="()V" line-rate="0.0" branch-rate="1.0" complexity="0">
							<lines>
								<line number="21" hits="0" branch="false"/>
							</lines>
						</method>
						<method name="&lt;init&gt;" signature="(Ljava/lang/String;Ljava/lang/String;Lcom/saucelabs/ci/Browser;)V" line-rate="0.0" branch-rate="1.0" complexity="0">
							<lines>
								<line number="34" hits="0" branch="false"/>
								<line number="35" hits="0" branch="false"/>
								<line number="36" hits="0" branch="false"/>
								<line number="37" hits="0" branch="false"/>
								<line number="38" hits="0" branch="false"/>
								<line number="39" hits="0" branch="false"/>
							</lines>
						</method>
						<method name="addUserExtension" signature="(Ljava/lang/String;)V" line-rate="0.0" branch-rate="1.0" complexity="0">
							<lines>
								<line number="81" hits="0" branch="false"/>
								<line number="82" hits="0" branch="false"/>
							</lines>
						</method>
						<method name="getAccessKey" signature="()Ljava/lang/String;" line-rate="0.0" branch-rate="1.0" complexity="0">
							<lines>
								<line number="86" hits="0" branch="false"/>
							</lines>
						</method>
						<method name="getBrowser" signature="()Lcom/saucelabs/ci/Browser;" line-rate="0.0" branch-rate="1.0" complexity="0">
							<lines>
								<line number="96" hits="0" branch="false"/>
							</lines>
						</method>
						<method name="getFirefoxProfileUrl" signature="()Ljava/lang/String;" line-rate="0.0" branch-rate="1.0" complexity="0">
							<lines>
								<line number="106" hits="0" branch="false"/>
							</lines>
						</method>
						<method name="getIdleTimeout" signature="()I" line-rate="0.0" branch-rate="1.0" complexity="0">
							<lines>
								<line number="116" hits="0" branch="false"/>
							</lines>
						</method>
						<method name="getJobName" signature="()Ljava/lang/String;" line-rate="0.0" branch-rate="1.0" complexity="0">
							<lines>
								<line number="126" hits="0" branch="false"/>
							</lines>
						</method>
						<method name="getMaxDuration" signature="()I" line-rate="0.0" branch-rate="1.0" complexity="0">
							<lines>
								<line number="136" hits="0" branch="false"/>
							</lines>
						</method>
						<method name="getUserExtensions" signature="()Ljava/util/List;" line-rate="0.0" branch-rate="1.0" complexity="0">
							<lines>
								<line number="166" hits="0" branch="false"/>
							</lines>
						</method>
						<method name="getUsername" signature="()Ljava/lang/String;" line-rate="0.0" branch-rate="1.0" complexity="0">
							<lines>
								<line number="156" hits="0" branch="false"/>
							</lines>
						</method>
						<method name="isRecordVideo" signature="()Z" line-rate="0.0" branch-rate="1.0" complexity="0">
							<lines>
								<line number="146" hits="0" branch="false"/>
							</lines>
						</method>
						<method name="setAccessKey" signature="(Ljava/lang/String;)V" line-rate="0.0" branch-rate="1.0" complexity="0">
							<lines>
								<line number="91" hits="0" branch="false"/>
								<line number="92" hits="0" branch="false"/>
							</lines>
						</method>
						<method name="setBrowser" signature="(Lcom/saucelabs/ci/Browser;)V" line-rate="0.0" branch-rate="1.0" complexity="0">
							<lines>
								<line number="101" hits="0" branch="false"/>
								<line number="102" hits="0" branch="false"/>
							</lines>
						</method>
						<method name="setFirefoxProfileUrl" signature="(Ljava/lang/String;)V" line-rate="0.0" branch-rate="1.0" complexity="0">
							<lines>
								<line number="111" hits="0" branch="false"/>
[...]
						<line number="244" hits="12" branch="false"/>
						<line number="245" hits="12" branch="true" condition-coverage="50% (1/2)">
							<conditions>
								<condition number="0" type="jump" coverage="50%"/>
							</conditions>
						</line>
						<line number="246" hits="0" branch="false"/>
						<line number="248" hits="12" branch="false"/>
						<line number="259" hits="16" branch="false"/>
						<line number="260" hits="16" branch="true" condition-coverage="100% (4/4)">
							<conditions>
								<condition number="0" type="jump" coverage="100%"/>
								<condition number="1" type="jump" coverage="100%"/>
							</conditions>
						</line>
						<line number="261" hits="8" branch="false"/>
						<line number="262" hits="8" branch="true" condition-coverage="75% (3/4)">
							<conditions>
								<condition number="0" type="jump" coverage="100%"/>
								<condition number="1" type="jump" coverage="50%"/>
							</conditions>
						</line>
						<line number="263" hits="8" branch="false"/>
						<line number="265" hits="0" branch="false"/>
						<line number="267" hits="16" branch="false"/>
						<line number="271" hits="28" branch="false"/>
						<line number="280" hits="8" branch="false"/>
						<line number="281" hits="8" branch="true" condition-coverage="50% (1/2)">
							<conditions>
								<condition number="0" type="jump" coverage="50%"/>
							</conditions>
						</line>
						<line number="282" hits="0" branch="true" condition-coverage="0% (0/2)">
							<conditions>
								<condition number="0" type="jump" coverage="0%"/>
							</conditions>
						</line>
						<line number="283" hits="0" branch="false"/>
						<line number="287" hits="8" branch="false"/>
						<line number="288" hits="8" branch="false"/>
						<line number="289" hits="8" branch="false"/>
						<line number="290" hits="8" branch="false"/>
						<line number="291" hits="8" branch="false"/>
						<line number="293" hits="8" branch="false"/>
						<line number="300" hits="8" branch="false"/>
						<line number="301" hits="8" branch="false"/>
						<line number="302" hits="8" branch="false"/>
						<line number="303" hits="8" branch="false"/>
						<line number="304" hits="8" branch="false"/>
						<line number="305" hits="8" branch="false"/>
						<line number="314" hits="16" branch="false"/>
						<line number="315" hits="16" branch="false"/>
						<line number="320" hits="16" branch="false"/>
						<line number="322" hits="16" branch="false"/>
						<line number="324" hits="16" branch="true" condition-coverage="50% (1/2)">
							<conditions>
								<condition number="0" type="jump" coverage="50%"/>
							</conditions>
						</line>
						<line number="325" hits="0" branch="true" condition-coverage="0% (0/2)">
							<conditions>
								<condition number="0" type="jump" coverage="0%"/>
							</conditions>
						</line>
						<line number="326" hits="0" branch="false"/>
						<line number="329" hits="16" branch="false"/>
						<line number="330" hits="16" branch="false"/>
						<line number="331" hits="16" branch="false"/>
						<line number="332" hits="0" branch="false"/>
						<line number="333" hits="0" branch="false"/>
						<line number="335" hits="16" branch="true" condition-coverage="50% (1/2)">
							<conditions>
								<condition number="0" type="jump" coverage="50%"/>
							</conditions>
						</line>
						<line number="337" hits="16" branch="false"/>
						<line number="338" hits="0" branch="false"/>
						<line number="339" hits="0" branch="false"/>
						<line number="340" hits="16" branch="false"/>
						<line number="342" hits="16" branch="true" condition-coverage="50% (1/2)">
							<conditions>
								<condition number="0" type="jump" coverage="50%"/>
							</conditions>
						</line>
						<line number="344" hits="16" branch="false"/>
						<line number="345" hits="0" branch="false"/>
						<line number="346" hits="0" branch="false"/>
						<line number="347" hits="16" branch="false"/>
						<line number="350" hits="16" branch="false"/>
						<line number="357" hits="292" branch="false"/>
						<line number="362" hits="20" branch="false"/>
						<line number="377" hits="0" branch="false"/>
						<line number="378" hits="0" branch="true" condition-coverage="0% (0/2)">
							<conditions>
								<condition number="0" type="jump" coverage="0%"/>
							</conditions>
						</line>
						<line number="380" hits="0" branch="false"/>
						<line number="381" hits="0" branch="true" condition-coverage="0% (0/2)">
							<conditions>
								<condition number="0" type="jump" coverage="0%"/>
							</conditions>
						</line>
						<line number="382" hits="0" branch="false"/>
						<line number="384" hits="0" branch="false"/>
						<line number="389" hits="0" branch="false"/>
						<line number="390" hits="0" branch="false"/>
						<line number="393" hits="0" branch="false"/>
						<line number="394" hits="0" branch="true" condition-coverage="0% (0/2)">
							<conditions>
								<condition number="0" type="jump" coverage="0%"/>
							</conditions>
						</line>
						<line number="395" hits="0" branch="false"/>
						<line number="397" hits="0" branch="false"/>
						<line number="398" hits="0" branch="true" condition-coverage="0% (0/2)">
							<conditions>
								<condition number="0" type="jump" coverage="0%"/>
							</conditions>
						</line>
						<line number="400" hits="0" branch="false"/>
						<line number="401" hits="0" branch="true" condition-coverage="0% (0/2)">
							<conditions>
								<condition number="0" type="jump" coverage="0%"/>
							</conditions>
						</line>
						<line number="402" hits="0" branch="false"/>
						<line number="405" hits="0" branch="false"/>
					</lines>
				</class>
				<class name="com.saucelabs.ci.sauceconnect.SauceConnectFourManager$OperatingSystem" filename="com/saucelabs/ci/sauceconnect/SauceConnectFourManager.java" line-rate="0.7708333333333334" branch-rate="0.5555555555555556" complexity="3.391304347826087">
					<methods>
						<method name="&lt;clinit&gt;" signature="()V" line-rate="1.0" branch-rate="1.0" complexity="0">
							<lines>
								<line number="25" hits="4" branch="false"/>
								<line number="27" hits="4" branch="false"/>
								<line number="28" hits="4" branch="false"/>
								<line number="29" hits="4" branch="false"/>
								<line number="30" hits="4" branch="false"/>
							</lines>
						</method>
						<method name="&lt;init&gt;" signature="(Ljava/lang/String;ILjava/lang/String;Ljava/lang/String;Ljava/lang/String;)V" line-rate="1.0" branch-rate="1.0" complexity="0">
							<lines>
								<line number="44" hits="12" branch="false"/>
								<line number="45" hits="12" branch="false"/>
							</lines>
						</method>
						<method name="&lt;init&gt;" signature="(Ljava/lang/String;ILjava/lang/String;Ljava/lang/String;Ljava/lang/String;Ljava/lang/String;)V" line-rate="1.0" branch-rate="1.0" complexity="0">
							<lines>
								<line number="36" hits="16" branch="false"/>
								<line number="37" hits="16" branch="false"/>
								<line number="38" hits="16" branch="false"/>
								<line number="39" hits="16" branch="false"/>
								<line number="40" hits="16" branch="false"/>
								<line number="41" hits="16" branch="false"/>
							</lines>
						</method>
						<method name="getDefaultSauceConnectLogDirectory" signature="()Ljava/lang/String;" line-rate="0.0" branch-rate="1.0" complexity="0">
							<lines>
								<line number="124" hits="0" branch="false"/>
							</lines>
						</method>
						<method name="getDirectory" signature="()Ljava/lang/String;" line-rate="1.0" branch-rate="1.0" complexity="0">
							<lines>
								<line number="111" hits="44" branch="false"/>
							</lines>
						</method>
						<method name="getExecutable" signature="()Ljava/lang/String;" line-rate="1.0" branch-rate="1.0" complexity="0">
							<lines>
								<line number="119" hits="28" branch="false"/>
							</lines>
						</method>
						<method name="getFileName" signature="()Ljava/lang/String;" line-rate="1.0" branch-rate="1.0" complexity="0">
							<lines>
								<line number="115" hits="16" branch="false"/>
							</lines>
						</method>
						<method name="getOperatingSystem" signature="()Lcom/saucelabs/ci/sauceconnect/SauceConnectFourManager$OperatingSystem;" line-rate="0.6" branch-rate="0.5" complexity="0">
							<lines>
								<line number="48" hits="12" branch="false"/>
								<line number="49" hits="12" branch="true" condition-coverage="50% (1/2)">
									<conditions>
										<condition number="0" type="jump" coverage="50%"/>
									</conditions>
								</line>
								<line number="50" hits="0" branch="false"/>
								<line number="51" hits="12" branch="true" condition-coverage="50% (1/2)">
									<conditions>
										<condition number="0" type="jump" coverage="50%"/>
									</conditions>
								</line>
								<line number="52" hits="0" branch="false"/>
								<line number="53" hits="12" branch="true" condition-coverage="50% (1/2)">
									<conditions>
										<condition number="0" type="jump" coverage="50%"/>
									</conditions>
								</line>
								<line number="55" hits="12" branch="true" condition-coverage="50% (1/2)">
									<conditions>
										<condition number="0" type="jump" coverage="50%"/>
									</conditions>
								</line>
								<line number="56" hits="12" branch="false"/>
								<line number="58" hits="0" branch="false"/>
								<line number="61" hits="0" branch="false"/>
							</lines>
						</method>
						<method name="is64BitLinux" signature="()Z" line-rate="0.6666666666666666" branch-rate="0.75" complexity="0">
							<lines>
								<line number="70" hits="12" branch="false"/>
								<line number="72" hits="12" branch="false"/>
								<line number="73" hits="12" branch="false"/>
								<line number="74" hits="12" branch="false"/>
								<line number="75" hits="12" branch="false"/>
								<line number="76" hits="12" branch="false"/>
								<line number="78" hits="24" branch="true" condition-coverage="100% (2/2)">
									<conditions>
										<condition number="0" type="jump" coverage="100%"/>
									</conditions>
								</line>
								<line number="79" hits="12" branch="false"/>
								<line number="81" hits="12" branch="false"/>
								<line number="82" hits="0" branch="false"/>
								<line number="83" hits="0" branch="false"/>
								<line number="84" hits="0" branch="false"/>
								<line number="85" hits="0" branch="false"/>
								<line number="87" hits="12" branch="true" condition-coverage="50% (1/2)">
									<conditions>
										<condition number="0" type="jump" coverage="50%"/>
									</conditions>
								</line>
								<line number="89" hits="12" branch="false"/>
								<line number="90" hits="0" branch="false"/>
								<line number="92" hits="24" branch="false"/>
								<line number="95" hits="0" branch="false"/>
							</lines>
						</method>
						<method name="isMac" signature="(Ljava/lang/String;)Z" line-rate="1.0" branch-rate="0.5" complexity="0">
							<lines>
								<line number="103" hits="12" branch="true" condition-coverage="50% (1/2)">
									<conditions>
										<condition number="0" type="jump" coverage="50%"/>
									</conditions>
								</line>
							</lines>
						</method>
						<method name="isUnix" signature="(Ljava/lang/String;)Z" line-rate="1.0" branch-rate="0.5" complexity="0">
							<lines>
								<line number="107" hits="12" branch="true" condition-coverage="50% (1/2)">
									<conditions>
										<condition number="0" type="jump" coverage="50%"/>
									</conditions>
								</line>
							</lines>
						</method>
						<method name="isWindows" signature="(Ljava/lang/String;)Z" line-rate="1.0" branch-rate="0.5" complexity="0">
							<lines>
								<line number="99" hits="12" branch="true" condition-coverage="50% (1/2)">
									<conditions>
										<condition number="0" type="jump" coverage="50%"/>
									</conditions>
								</line>
							</lines>
						</method>
						<method name="valueOf" signature="(Ljava/lang/String;)Lcom/saucelabs/ci/sauceconnect/SauceConnectFourManager$OperatingSystem;" line-rate="1.0" branch-rate="1.0" complexity="0">
							<lines>
							</lines>
						</method>
						<method name="values" signature="()[Lcom/saucelabs/ci/sauceconnect/SauceConnectFourManager$OperatingSystem;" line-rate="1.0" branch-rate="1.0" complexity="0">
							<lines>
							</lines>
						</method>
					</methods>
					<lines>
						<line number="25" hits="4" branch="false"/>
						<line number="27" hits="4" branch="false"/>
						<line number="28" hits="4" branch="false"/>
						<line number="29" hits="4" branch="false"/>
						<line number="30" hits="4" branch="false"/>
						<line number="36" hits="16" branch="false"/>
						<line number="37" hits="16" branch="false"/>
						<line number="38" hits="16" branch="false"/>
						<line number="39" hits="16" branch="false"/>
						<line number="40" hits="16" branch="false"/>
						<line number="41" hits="16" branch="false"/>
						<line number="44" hits="12" branch="false"/>
						<line number="45" hits="12" branch="false"/>
						<line number="48" hits="12" branch="false"/>
						<line number="49" hits="12" branch="true" condition-coverage="50% (1/2)">
							<conditions>
								<condition number="0" type="jump" coverage="50%"/>
							</conditions>
						</line>
						<line number="50" hits="0" branch="false"/>
						<line number="51" hits="12" branch="true" condition-coverage="50% (1/2)">
							<conditions>
								<condition number="0" type="jump" coverage="50%"/>
							</conditions>
						</line>
						<line number="52" hits="0" branch="false"/>
						<line number="53" hits="12" branch="true" condition-coverage="50% (1/2)">
							<conditions>
								<condition number="0" type="jump" coverage="50%"/>
							</conditions>
						</line>
						<line number="55" hits="12" branch="true" condition-coverage="50% (1/2)">
							<conditions>
								<condition number="0" type="jump" coverage="50%"/>
							</conditions>
						</line>
						<line number="56" hits="12" branch="false"/>
						<line number="58" hits="0" branch="false"/>
						<line number="61" hits="0" branch="false"/>
						<line number="70" hits="12" branch="false"/>
						<line number="72" hits="12" branch="false"/>
						<line number="73" hits="12" branch="false"/>
						<line number="74" hits="12" branch="false"/>
						<line number="75" hits="12" branch="false"/>
						<line number="76" hits="12" branch="false"/>
						<line number="78" hits="24" branch="true" condition-coverage="100% (2/2)">
							<conditions>
								<condition number="0" type="jump" coverage="100%"/>
							</conditions>
						</line>
						<line number="79" hits="12" branch="false"/>
						<line number="81" hits="12" branch="false"/>
						<line number="82" hits="0" branch="false"/>
						<line number="83" hits="0" branch="false"/>
						<line number="84" hits="0" branch="false"/>
						<line number="85" hits="0" branch="false"/>
						<line number="87" hits="12" branch="true" condition-coverage="50% (1/2)">
							<conditions>
								<condition number="0" type="jump" coverage="50%"/>
							</conditions>
						</line>
						<line number="89" hits="12" branch="false"/>
						<line number="90" hits="0" branch="false"/>
						<line number="92" hits="24" branch="false"/>
						<line number="95" hits="0" branch="false"/>
						<line number="99" hits="12" branch="true" condition-coverage="50% (1/2)">
							<conditions>
								<condition number="0" type="jump" coverage="50%"/>
							</conditions>
						</line>
						<line number="103" hits="12" branch="true" condition-coverage="50% (1/2)">
							<conditions>
								<condition number="0" type="jump" coverage="50%"/>
							</conditions>
						</line>
						<line number="107" hits="12" branch="true" condition-coverage="50% (1/2)">
							<conditions>
								<condition number="0" type="jump" coverage="50%"/>
							</conditions>
						</line>
						<line number="111" hits="44" branch="false"/>
						<line number="115" hits="16" branch="false"/>
						<line number="119" hits="28" branch="false"/>
						<line number="124" hits="0" branch="false"/>
					</lines>
				</class>
				<class name="com.saucelabs.ci.sauceconnect.SauceTunnelManager" filename="com/saucelabs/ci/sauceconnect/SauceTunnelManager.java" line-rate="1.0" branch-rate="1.0" complexity="1.0">
					<methods>
					</methods>
					<lines>
					</lines>
				</class>
				<class name="com.saucelabs.ci.sauceconnect.TunnelInformation" filename="com/saucelabs/ci/sauceconnect/TunnelInformation.java" line-rate="0.875" branch-rate="1.0" complexity="1.0">
					<methods>
						<method name="&lt;init&gt;" signature="(Ljava/lang/String;)V" line-rate="1.0" branch-rate="1.0" complexity="0">
							<lines>
								<line number="12" hits="12" branch="false"/>
								<line number="13" hits="12" branch="false"/>
								<line number="16" hits="12" branch="false"/>
								<line number="17" hits="12" branch="false"/>
								<line number="18" hits="12" branch="false"/>
							</lines>
						</method>
						<method name="getLock" signature="()Ljava/util/concurrent/locks/Lock;" line-rate="1.0" branch-rate="1.0" complexity="0">
							<lines>
								<line number="21" hits="24" branch="false"/>
							</lines>
						</method>
						<method name="getProcess" signature="()Ljava/lang/Process;" line-rate="0.0" branch-rate="1.0" complexity="0">
							<lines>
								<line number="25" hits="0" branch="false"/>
							</lines>
						</method>
						<method name="getProcessCount" signature="()Ljava/lang/Integer;" line-rate="1.0" branch-rate="1.0" complexity="0">
							<lines>
								<line number="33" hits="20" branch="false"/>
							</lines>
						</method>
						<method name="getTunnelId" signature="()Ljava/lang/String;" line-rate="0.0" branch-rate="1.0" complexity="0">
							<lines>
								<line number="41" hits="0" branch="false"/>
							</lines>
						</method>
						<method name="setProcess" signature="(Ljava/lang/Process;)V" line-rate="1.0" branch-rate="1.0" complexity="0">
							<lines>
								<line number="29" hits="8" branch="false"/>
								<line number="30" hits="8" branch="false"/>
							</lines>
						</method>
						<method name="setProcessCount" signature="(Ljava/lang/Integer;)V" line-rate="1.0" branch-rate="1.0" complexity="0">
							<lines>
								<line number="37" hits="8" branch="false"/>
								<line number="38" hits="8" branch="false"/>
							</lines>
						</method>
						<method name="setTunnelId" signature="(Ljava/lang/String;)V" line-rate="1.0" branch-rate="1.0" complexity="0">
							<lines>
								<line number="45" hits="8" branch="false"/>
								<line number="46" hits="8" branch="false"/>
							</lines>
						</method>
						<method name="toString" signature="()Ljava/lang/String;" line-rate="1.0" branch-rate="1.0" complexity="0">
							<lines>
								<line number="50" hits="8" branch="false"/>
							</lines>
						</method>
					</methods>
					<lines>
						<line number="12" hits="12" branch="false"/>
						<line number="13" hits="12" branch="false"/>
						<line number="16" hits="12" branch="false"/>
						<line number="17" hits="12" branch="false"/>
						<line number="18" hits="12" branch="false"/>
						<line number="21" hits="24" branch="false"/>
						<line number="25" hits="0" branch="false"/>
						<line number="29" hits="8" branch="false"/>
						<line number="30" hits="8" branch="false"/>
						<line number="33" hits="20" branch="false"/>
						<line number="37" hits="8" branch="false"/>
						<line number="38" hits="8" branch="false"/>
						<line number="41" hits="0" branch="false"/>
						<line number="45" hits="8" branch="false"/>
						<line number="46" hits="8" branch="false"/>
						<line number="50" hits="8" branch="false"/>
					</lines>
				</class>
			</classes>
		</package>
	</packages>
</coverage>
